This is pdfTeX, Version 3.14159265-2.6-1.40.21 (TeX Live 2020/W32TeX) (preloaded format=pdflatex 2020.5.6)  4 AUG 2022 16:23
entering extended mode
 restricted \write18 enabled.
 %&-line parsing enabled.
**"Р›РµРєС†РёРё РїРѕ СѓСЂР°РІРЅРµРЅРёСЏРј РјР°С‚РµРјР°С‚РёС‡РµСЃРєРѕР№ С„РёР·Рё
РєРё. Р§Р°СЃС‚СЊ 1.tex"

(./Р›РµРєС†РёРё РїРѕ СѓСЂР°РІРЅРµРЅРёСЏРј РјР°С‚РµРјР°С‚РёС‡РµСЃРєРѕР№ С„РёР·Рё
РєРё. Р§Р°СЃС‚СЊ 1.tex
LaTeX2e <2020-02-02> patch level 5
L3 programming layer <2020-04-06>
(c:/texlive/2020/texmf-dist/tex/latex/base/book.cls
Document Class: book 2019/12/20 v1.4l Standard LaTeX document class
(c:/texlive/2020/texmf-dist/tex/latex/base/bk10.clo
File: bk10.clo 2019/12/20 v1.4l Standard LaTeX file (size option)
)
\c@part=\count167
\c@chapter=\count168
\c@section=\count169
\c@subsection=\count170
\c@subsubsection=\count171
\c@paragraph=\count172
\c@subparagraph=\count173
\c@figure=\count174
\c@table=\count175
\abovecaptionskip=\skip47
\belowcaptionskip=\skip48
\bibindent=\dimen134
)
(c:/texlive/2020/texmf-dist/tex/latex/cmap/cmap.sty
Package: cmap 2008/03/06 v1.0h CMap support: searchable PDF
)
(c:/texlive/2020/texmf-dist/tex/latex/base/inputenc.sty
Package: inputenc 2018/08/11 v1.3c Input encoding file
\inpenc@prehook=\toks15
\inpenc@posthook=\toks16
)
(c:/texlive/2020/texmf-dist/tex/latex/base/fontenc.sty
Package: fontenc 2020/02/11 v2.0o Standard LaTeX package

(c:/texlive/2020/texmf-dist/tex/latex/cyrillic/t2aenc.def
File: t2aenc.def 2005/09/27 v1.0i Cyrillic encoding definition file
Now handling font encoding T2A ...
... processing UTF-8 mapping file for font encoding T2A

(c:/texlive/2020/texmf-dist/tex/latex/base/t2aenc.dfu
File: t2aenc.dfu 2019/11/14 v1.2k UTF-8 support for inputenc
   defining Unicode char U+00A4 (decimal 164)
   defining Unicode char U+00A7 (decimal 167)
   defining Unicode char U+00AB (decimal 171)
   defining Unicode char U+00BB (decimal 187)
   defining Unicode char U+0131 (decimal 305)
   defining Unicode char U+0237 (decimal 567)
   defining Unicode char U+0400 (decimal 1024)
   defining Unicode char U+0401 (decimal 1025)
   defining Unicode char U+0402 (decimal 1026)
   defining Unicode char U+0403 (decimal 1027)
   defining Unicode char U+0404 (decimal 1028)
   defining Unicode char U+0405 (decimal 1029)
   defining Unicode char U+0406 (decimal 1030)
   defining Unicode char U+0407 (decimal 1031)
   defining Unicode char U+0408 (decimal 1032)
   defining Unicode char U+0409 (decimal 1033)
   defining Unicode char U+040A (decimal 1034)
   defining Unicode char U+040B (decimal 1035)
   defining Unicode char U+040C (decimal 1036)
   defining Unicode char U+040D (decimal 1037)
   defining Unicode char U+040E (decimal 1038)
   defining Unicode char U+040F (decimal 1039)
   defining Unicode char U+0410 (decimal 1040)
   defining Unicode char U+0411 (decimal 1041)
   defining Unicode char U+0412 (decimal 1042)
   defining Unicode char U+0413 (decimal 1043)
   defining Unicode char U+0414 (decimal 1044)
   defining Unicode char U+0415 (decimal 1045)
   defining Unicode char U+0416 (decimal 1046)
   defining Unicode char U+0417 (decimal 1047)
   defining Unicode char U+0418 (decimal 1048)
   defining Unicode char U+0419 (decimal 1049)
   defining Unicode char U+041A (decimal 1050)
   defining Unicode char U+041B (decimal 1051)
   defining Unicode char U+041C (decimal 1052)
   defining Unicode char U+041D (decimal 1053)
   defining Unicode char U+041E (decimal 1054)
   defining Unicode char U+041F (decimal 1055)
   defining Unicode char U+0420 (decimal 1056)
   defining Unicode char U+0421 (decimal 1057)
   defining Unicode char U+0422 (decimal 1058)
   defining Unicode char U+0423 (decimal 1059)
   defining Unicode char U+0424 (decimal 1060)
   defining Unicode char U+0425 (decimal 1061)
   defining Unicode char U+0426 (decimal 1062)
   defining Unicode char U+0427 (decimal 1063)
   defining Unicode char U+0428 (decimal 1064)
   defining Unicode char U+0429 (decimal 1065)
   defining Unicode char U+042A (decimal 1066)
   defining Unicode char U+042B (decimal 1067)
   defining Unicode char U+042C (decimal 1068)
   defining Unicode char U+042D (decimal 1069)
   defining Unicode char U+042E (decimal 1070)
   defining Unicode char U+042F (decimal 1071)
   defining Unicode char U+0430 (decimal 1072)
   defining Unicode char U+0431 (decimal 1073)
   defining Unicode char U+0432 (decimal 1074)
   defining Unicode char U+0433 (decimal 1075)
   defining Unicode char U+0434 (decimal 1076)
   defining Unicode char U+0435 (decimal 1077)
   defining Unicode char U+0436 (decimal 1078)
   defining Unicode char U+0437 (decimal 1079)
   defining Unicode char U+0438 (decimal 1080)
   defining Unicode char U+0439 (decimal 1081)
   defining Unicode char U+043A (decimal 1082)
   defining Unicode char U+043B (decimal 1083)
   defining Unicode char U+043C (decimal 1084)
   defining Unicode char U+043D (decimal 1085)
   defining Unicode char U+043E (decimal 1086)
   defining Unicode char U+043F (decimal 1087)
   defining Unicode char U+0440 (decimal 1088)
   defining Unicode char U+0441 (decimal 1089)
   defining Unicode char U+0442 (decimal 1090)
   defining Unicode char U+0443 (decimal 1091)
   defining Unicode char U+0444 (decimal 1092)
   defining Unicode char U+0445 (decimal 1093)
   defining Unicode char U+0446 (decimal 1094)
   defining Unicode char U+0447 (decimal 1095)
   defining Unicode char U+0448 (decimal 1096)
   defining Unicode char U+0449 (decimal 1097)
   defining Unicode char U+044A (decimal 1098)
   defining Unicode char U+044B (decimal 1099)
   defining Unicode char U+044C (decimal 1100)
   defining Unicode char U+044D (decimal 1101)
   defining Unicode char U+044E (decimal 1102)
   defining Unicode char U+044F (decimal 1103)
   defining Unicode char U+0450 (decimal 1104)
   defining Unicode char U+0451 (decimal 1105)
   defining Unicode char U+0452 (decimal 1106)
   defining Unicode char U+0453 (decimal 1107)
   defining Unicode char U+0454 (decimal 1108)
   defining Unicode char U+0455 (decimal 1109)
   defining Unicode char U+0456 (decimal 1110)
   defining Unicode char U+0457 (decimal 1111)
   defining Unicode char U+0458 (decimal 1112)
   defining Unicode char U+0459 (decimal 1113)
   defining Unicode char U+045A (decimal 1114)
   defining Unicode char U+045B (decimal 1115)
   defining Unicode char U+045C (decimal 1116)
   defining Unicode char U+045D (decimal 1117)
   defining Unicode char U+045E (decimal 1118)
   defining Unicode char U+045F (decimal 1119)
   defining Unicode char U+0490 (decimal 1168)
   defining Unicode char U+0491 (decimal 1169)
   defining Unicode char U+0492 (decimal 1170)
   defining Unicode char U+0493 (decimal 1171)
   defining Unicode char U+0496 (decimal 1174)
   defining Unicode char U+0497 (decimal 1175)
   defining Unicode char U+0498 (decimal 1176)
   defining Unicode char U+0499 (decimal 1177)
   defining Unicode char U+049A (decimal 1178)
   defining Unicode char U+049B (decimal 1179)
   defining Unicode char U+049C (decimal 1180)
   defining Unicode char U+049D (decimal 1181)
   defining Unicode char U+04A0 (decimal 1184)
   defining Unicode char U+04A1 (decimal 1185)
   defining Unicode char U+04A2 (decimal 1186)
   defining Unicode char U+04A3 (decimal 1187)
   defining Unicode char U+04A4 (decimal 1188)
   defining Unicode char U+04A5 (decimal 1189)
   defining Unicode char U+04AA (decimal 1194)
   defining Unicode char U+04AB (decimal 1195)
   defining Unicode char U+04AE (decimal 1198)
   defining Unicode char U+04AF (decimal 1199)
   defining Unicode char U+04B0 (decimal 1200)
   defining Unicode char U+04B1 (decimal 1201)
   defining Unicode char U+04B2 (decimal 1202)
   defining Unicode char U+04B3 (decimal 1203)
   defining Unicode char U+04B6 (decimal 1206)
   defining Unicode char U+04B7 (decimal 1207)
   defining Unicode char U+04B8 (decimal 1208)
   defining Unicode char U+04B9 (decimal 1209)
   defining Unicode char U+04BA (decimal 1210)
   defining Unicode char U+04BB (decimal 1211)
   defining Unicode char U+04C0 (decimal 1216)
   defining Unicode char U+04C1 (decimal 1217)
   defining Unicode char U+04C2 (decimal 1218)
   defining Unicode char U+04D0 (decimal 1232)
   defining Unicode char U+04D1 (decimal 1233)
   defining Unicode char U+04D2 (decimal 1234)
   defining Unicode char U+04D3 (decimal 1235)
   defining Unicode char U+04D4 (decimal 1236)
   defining Unicode char U+04D5 (decimal 1237)
   defining Unicode char U+04D6 (decimal 1238)
   defining Unicode char U+04D7 (decimal 1239)
   defining Unicode char U+04D8 (decimal 1240)
   defining Unicode char U+04D9 (decimal 1241)
   defining Unicode char U+04DA (decimal 1242)
   defining Unicode char U+04DB (decimal 1243)
   defining Unicode char U+04DC (decimal 1244)
   defining Unicode char U+04DD (decimal 1245)
   defining Unicode char U+04DE (decimal 1246)
   defining Unicode char U+04DF (decimal 1247)
   defining Unicode char U+04E2 (decimal 1250)
   defining Unicode char U+04E3 (decimal 1251)
   defining Unicode char U+04E4 (decimal 1252)
   defining Unicode char U+04E5 (decimal 1253)
   defining Unicode char U+04E6 (decimal 1254)
   defining Unicode char U+04E7 (decimal 1255)
   defining Unicode char U+04E8 (decimal 1256)
   defining Unicode char U+04E9 (decimal 1257)
   defining Unicode char U+04EC (decimal 1260)
   defining Unicode char U+04ED (decimal 1261)
   defining Unicode char U+04EE (decimal 1262)
   defining Unicode char U+04EF (decimal 1263)
   defining Unicode char U+04F0 (decimal 1264)
   defining Unicode char U+04F1 (decimal 1265)
   defining Unicode char U+04F2 (decimal 1266)
   defining Unicode char U+04F3 (decimal 1267)
   defining Unicode char U+04F4 (decimal 1268)
   defining Unicode char U+04F5 (decimal 1269)
   defining Unicode char U+04F8 (decimal 1272)
   defining Unicode char U+04F9 (decimal 1273)
   defining Unicode char U+200C (decimal 8204)
   defining Unicode char U+2013 (decimal 8211)
   defining Unicode char U+2014 (decimal 8212)
   defining Unicode char U+2018 (decimal 8216)
   defining Unicode char U+2019 (decimal 8217)
   defining Unicode char U+201C (decimal 8220)
   defining Unicode char U+201D (decimal 8221)
   defining Unicode char U+201E (decimal 8222)
   defining Unicode char U+2030 (decimal 8240)
   defining Unicode char U+2031 (decimal 8241)
   defining Unicode char U+2116 (decimal 8470)
   defining Unicode char U+2329 (decimal 9001)
   defining Unicode char U+232A (decimal 9002)
   defining Unicode char U+2423 (decimal 9251)
   defining Unicode char U+27E8 (decimal 10216)
   defining Unicode char U+27E9 (decimal 10217)
   defining Unicode char U+FB00 (decimal 64256)
   defining Unicode char U+FB01 (decimal 64257)
   defining Unicode char U+FB02 (decimal 64258)
   defining Unicode char U+FB03 (decimal 64259)
   defining Unicode char U+FB04 (decimal 64260)
   defining Unicode char U+FB05 (decimal 64261)
   defining Unicode char U+FB06 (decimal 64262)
))
LaTeX Font Info:    Trying to load font information for T2A+cmr on input line 1
12.

(c:/texlive/2020/texmf-dist/tex/latex/cyrillic/t2acmr.fd
File: t2acmr.fd 2001/08/11 v1.0a Computer Modern Cyrillic font definitions
)<<t2a.cmap>>)
(c:/texlive/2020/texmf-dist/tex/generic/babel/babel.sty
Package: babel 2020/04/28 3.43 The Babel package

(c:/texlive/2020/texmf-dist/tex/generic/babel/babel.def
File: babel.def 2020/04/28 3.43 Babel common definitions
\babel@savecnt=\count176
\U@D=\dimen135

(c:/texlive/2020/texmf-dist/tex/generic/babel/txtbabel.def)
\bbl@readstream=\read2
)
\bbl@dirlevel=\count177

(c:/texlive/2020/texmf-dist/tex/generic/babel-english/english.ldf
Language: english 2017/06/06 v3.3r English support from the babel system
Package babel Info: \l@canadian = using hyphenrules for english
(babel)             (\language0) on input line 102.
Package babel Info: \l@australian = using hyphenrules for ukenglish
(babel)             (\language21) on input line 105.
Package babel Info: \l@newzealand = using hyphenrules for ukenglish
(babel)             (\language21) on input line 108.
)
(c:/texlive/2020/texmf-dist/tex/generic/babel-russian/russianb.ldf
Language: russian 2017/08/12 1.3j Russian support for the Babel system
Package babel Info: Making " an active character on input line 120.
Package babel Info: Default for \cyrdash is provided on input line 157.
))
(c:/texlive/2020/texmf-dist/tex/latex/tools/indentfirst.sty
Package: indentfirst 1995/11/23 v1.03 Indent first paragraph (DPC)
)
(c:/texlive/2020/texmf-dist/tex/latex/amsmath/amsmath.sty
Package: amsmath 2020/01/20 v2.17e AMS math features
\@mathmargin=\skip49

For additional information on amsmath, use the `?' option.
(c:/texlive/2020/texmf-dist/tex/latex/amsmath/amstext.sty
Package: amstext 2000/06/29 v2.01 AMS text

(c:/texlive/2020/texmf-dist/tex/latex/amsmath/amsgen.sty
File: amsgen.sty 1999/11/30 v2.0 generic functions
\@emptytoks=\toks17
\ex@=\dimen136
))
(c:/texlive/2020/texmf-dist/tex/latex/amsmath/amsbsy.sty
Package: amsbsy 1999/11/29 v1.2d Bold Symbols
\pmbraise@=\dimen137
)
(c:/texlive/2020/texmf-dist/tex/latex/amsmath/amsopn.sty
Package: amsopn 2016/03/08 v2.02 operator names
)
\inf@bad=\count178
LaTeX Info: Redefining \frac on input line 227.
\uproot@=\count179
\leftroot@=\count180
LaTeX Info: Redefining \overline on input line 389.
\classnum@=\count181
\DOTSCASE@=\count182
LaTeX Info: Redefining \ldots on input line 486.
LaTeX Info: Redefining \dots on input line 489.
LaTeX Info: Redefining \cdots on input line 610.
\Mathstrutbox@=\box45
\strutbox@=\box46
\big@size=\dimen138
LaTeX Font Info:    Redeclaring font encoding OML on input line 733.
LaTeX Font Info:    Redeclaring font encoding OMS on input line 734.
\macc@depth=\count183
\c@MaxMatrixCols=\count184
\dotsspace@=\muskip16
\c@parentequation=\count185
\dspbrk@lvl=\count186
\tag@help=\toks18
\row@=\count187
\column@=\count188
\maxfields@=\count189
\andhelp@=\toks19
\eqnshift@=\dimen139
\alignsep@=\dimen140
\tagshift@=\dimen141
\tagwidth@=\dimen142
\totwidth@=\dimen143
\lineht@=\dimen144
\@envbody=\toks20
\multlinegap=\skip50
\multlinetaggap=\skip51
\mathdisplay@stack=\toks21
LaTeX Info: Redefining \[ on input line 2859.
LaTeX Info: Redefining \] on input line 2860.
)
(c:/texlive/2020/texmf-dist/tex/latex/amsfonts/amssymb.sty
Package: amssymb 2013/01/14 v3.01 AMS font symbols

(c:/texlive/2020/texmf-dist/tex/latex/amsfonts/amsfonts.sty
Package: amsfonts 2013/01/14 v3.01 Basic AMSFonts support
\symAMSa=\mathgroup4
\symAMSb=\mathgroup5
LaTeX Font Info:    Redeclaring math symbol \hbar on input line 98.
LaTeX Font Info:    Overwriting math alphabet `\mathfrak' in version `bold'
(Font)                  U/euf/m/n --> U/euf/b/n on input line 106.
))
(c:/texlive/2020/texmf-dist/tex/latex/amscls/amsthm.sty
Package: amsthm 2017/10/31 v2.20.4
\thm@style=\toks22
\thm@bodyfont=\toks23
\thm@headfont=\toks24
\thm@notefont=\toks25
\thm@headpunct=\toks26
\thm@preskip=\skip52
\thm@postskip=\skip53
\thm@headsep=\skip54
\dth@everypar=\toks27
)
(c:/texlive/2020/texmf-dist/tex/latex/was/gensymb.sty
Package: gensymb 2003/07/02 v1.0 (WaS)
)
(c:/texlive/2020/texmf-dist/tex/latex/jknapltx/mathrsfs.sty
Package: mathrsfs 1996/01/01 Math RSFS package v1.0 (jk)
\symrsfs=\mathgroup6
)
(c:/texlive/2020/texmf-dist/tex/latex/tools/bm.sty
Package: bm 2019/07/24 v1.2d Bold Symbol Support (DPC/FMi)
\symboldoperators=\mathgroup7
\symboldletters=\mathgroup8
\symboldsymbols=\mathgroup9
LaTeX Font Info:    Redeclaring math alphabet \mathbf on input line 141.
LaTeX Info: Redefining \bm on input line 209.
)
(c:/texlive/2020/texmf-dist/tex/latex/bigfoot/perpage.sty
Package: perpage 2014/10/25 2.0 Reset/sort counters per page
\c@abspage=\count190
)
(c:/texlive/2020/texmf-dist/tex/latex/enumitem/enumitem.sty
Package: enumitem 2019/06/20 v3.9 Customized lists
\enitkv@toks@=\toks28
\labelindent=\skip55
\enit@outerparindent=\dimen145
\enit@toks=\toks29
\enit@inbox=\box47
\enit@count@id=\count191
\enitdp@description=\count192
)
(c:/texlive/2020/texmf-dist/tex/latex/pgf/frontendlayer/tikz.sty
(c:/texlive/2020/texmf-dist/tex/latex/pgf/basiclayer/pgf.sty
(c:/texlive/2020/texmf-dist/tex/latex/pgf/utilities/pgfrcs.sty
(c:/texlive/2020/texmf-dist/tex/generic/pgf/utilities/pgfutil-common.tex
\pgfutil@everybye=\toks30
\pgfutil@tempdima=\dimen146
\pgfutil@tempdimb=\dimen147

(c:/texlive/2020/texmf-dist/tex/generic/pgf/utilities/pgfutil-common-lists.tex)
) (c:/texlive/2020/texmf-dist/tex/generic/pgf/utilities/pgfutil-latex.def
\pgfutil@abb=\box48

(c:/texlive/2020/texmf-dist/tex/latex/ms/everyshi.sty
Package: everyshi 2001/05/15 v3.00 EveryShipout Package (MS)
))
(c:/texlive/2020/texmf-dist/tex/generic/pgf/utilities/pgfrcs.code.tex
(c:/texlive/2020/texmf-dist/tex/generic/pgf/pgf.revision.tex)
Package: pgfrcs 2020/01/08 v3.1.5b (3.1.5b)
))
Package: pgf 2020/01/08 v3.1.5b (3.1.5b)

(c:/texlive/2020/texmf-dist/tex/latex/pgf/basiclayer/pgfcore.sty
(c:/texlive/2020/texmf-dist/tex/latex/graphics/graphicx.sty
Package: graphicx 2019/11/30 v1.2a Enhanced LaTeX Graphics (DPC,SPQR)

(c:/texlive/2020/texmf-dist/tex/latex/graphics/keyval.sty
Package: keyval 2014/10/28 v1.15 key=value parser (DPC)
\KV@toks@=\toks31
)
(c:/texlive/2020/texmf-dist/tex/latex/graphics/graphics.sty
Package: graphics 2019/11/30 v1.4a Standard LaTeX Graphics (DPC,SPQR)

(c:/texlive/2020/texmf-dist/tex/latex/graphics/trig.sty
Package: trig 2016/01/03 v1.10 sin cos tan (DPC)
)
(c:/texlive/2020/texmf-dist/tex/latex/graphics-cfg/graphics.cfg
File: graphics.cfg 2016/06/04 v1.11 sample graphics configuration
)
Package graphics Info: Driver file: pdftex.def on input line 105.

(c:/texlive/2020/texmf-dist/tex/latex/graphics-def/pdftex.def
File: pdftex.def 2018/01/08 v1.0l Graphics/color driver for pdftex
))
\Gin@req@height=\dimen148
\Gin@req@width=\dimen149
)
(c:/texlive/2020/texmf-dist/tex/latex/pgf/systemlayer/pgfsys.sty
(c:/texlive/2020/texmf-dist/tex/generic/pgf/systemlayer/pgfsys.code.tex
Package: pgfsys 2020/01/08 v3.1.5b (3.1.5b)

(c:/texlive/2020/texmf-dist/tex/generic/pgf/utilities/pgfkeys.code.tex
\pgfkeys@pathtoks=\toks32
\pgfkeys@temptoks=\toks33

(c:/texlive/2020/texmf-dist/tex/generic/pgf/utilities/pgfkeysfiltered.code.tex
\pgfkeys@tmptoks=\toks34
))
\pgf@x=\dimen150
\pgf@y=\dimen151
\pgf@xa=\dimen152
\pgf@ya=\dimen153
\pgf@xb=\dimen154
\pgf@yb=\dimen155
\pgf@xc=\dimen156
\pgf@yc=\dimen157
\pgf@xd=\dimen158
\pgf@yd=\dimen159
\w@pgf@writea=\write3
\r@pgf@reada=\read3
\c@pgf@counta=\count193
\c@pgf@countb=\count194
\c@pgf@countc=\count195
\c@pgf@countd=\count196
\t@pgf@toka=\toks35
\t@pgf@tokb=\toks36
\t@pgf@tokc=\toks37
\pgf@sys@id@count=\count197
 (c:/texlive/2020/texmf-dist/tex/generic/pgf/systemlayer/pgf.cfg
File: pgf.cfg 2020/01/08 v3.1.5b (3.1.5b)
)
Driver file for pgf: pgfsys-pdftex.def

(c:/texlive/2020/texmf-dist/tex/generic/pgf/systemlayer/pgfsys-pdftex.def
File: pgfsys-pdftex.def 2020/01/08 v3.1.5b (3.1.5b)

(c:/texlive/2020/texmf-dist/tex/generic/pgf/systemlayer/pgfsys-common-pdf.def
File: pgfsys-common-pdf.def 2020/01/08 v3.1.5b (3.1.5b)
)))
(c:/texlive/2020/texmf-dist/tex/generic/pgf/systemlayer/pgfsyssoftpath.code.tex
File: pgfsyssoftpath.code.tex 2020/01/08 v3.1.5b (3.1.5b)
\pgfsyssoftpath@smallbuffer@items=\count198
\pgfsyssoftpath@bigbuffer@items=\count199
)
(c:/texlive/2020/texmf-dist/tex/generic/pgf/systemlayer/pgfsysprotocol.code.tex
File: pgfsysprotocol.code.tex 2020/01/08 v3.1.5b (3.1.5b)
)) (c:/texlive/2020/texmf-dist/tex/latex/xcolor/xcolor.sty
Package: xcolor 2016/05/11 v2.12 LaTeX color extensions (UK)

(c:/texlive/2020/texmf-dist/tex/latex/graphics-cfg/color.cfg
File: color.cfg 2016/01/02 v1.6 sample color configuration
)
Package xcolor Info: Driver file: pdftex.def on input line 225.
Package xcolor Info: Model `cmy' substituted by `cmy0' on input line 1348.
Package xcolor Info: Model `hsb' substituted by `rgb' on input line 1352.
Package xcolor Info: Model `RGB' extended on input line 1364.
Package xcolor Info: Model `HTML' substituted by `rgb' on input line 1366.
Package xcolor Info: Model `Hsb' substituted by `hsb' on input line 1367.
Package xcolor Info: Model `tHsb' substituted by `hsb' on input line 1368.
Package xcolor Info: Model `HSB' substituted by `hsb' on input line 1369.
Package xcolor Info: Model `Gray' substituted by `gray' on input line 1370.
Package xcolor Info: Model `wave' substituted by `hsb' on input line 1371.
)
(c:/texlive/2020/texmf-dist/tex/generic/pgf/basiclayer/pgfcore.code.tex
Package: pgfcore 2020/01/08 v3.1.5b (3.1.5b)

(c:/texlive/2020/texmf-dist/tex/generic/pgf/math/pgfmath.code.tex
(c:/texlive/2020/texmf-dist/tex/generic/pgf/math/pgfmathcalc.code.tex
(c:/texlive/2020/texmf-dist/tex/generic/pgf/math/pgfmathutil.code.tex)
(c:/texlive/2020/texmf-dist/tex/generic/pgf/math/pgfmathparser.code.tex
\pgfmath@dimen=\dimen160
\pgfmath@count=\count266
\pgfmath@box=\box49
\pgfmath@toks=\toks38
\pgfmath@stack@operand=\toks39
\pgfmath@stack@operation=\toks40
)
(c:/texlive/2020/texmf-dist/tex/generic/pgf/math/pgfmathfunctions.code.tex
(c:/texlive/2020/texmf-dist/tex/generic/pgf/math/pgfmathfunctions.basic.code.te
x)
(c:/texlive/2020/texmf-dist/tex/generic/pgf/math/pgfmathfunctions.trigonometric
.code.tex)
(c:/texlive/2020/texmf-dist/tex/generic/pgf/math/pgfmathfunctions.random.code.t
ex)
(c:/texlive/2020/texmf-dist/tex/generic/pgf/math/pgfmathfunctions.comparison.co
de.tex)
(c:/texlive/2020/texmf-dist/tex/generic/pgf/math/pgfmathfunctions.base.code.tex
)
(c:/texlive/2020/texmf-dist/tex/generic/pgf/math/pgfmathfunctions.round.code.te
x)
(c:/texlive/2020/texmf-dist/tex/generic/pgf/math/pgfmathfunctions.misc.code.tex
)
(c:/texlive/2020/texmf-dist/tex/generic/pgf/math/pgfmathfunctions.integerarithm
etics.code.tex)))
(c:/texlive/2020/texmf-dist/tex/generic/pgf/math/pgfmathfloat.code.tex
\c@pgfmathroundto@lastzeros=\count267
))
(c:/texlive/2020/texmf-dist/tex/generic/pgf/math/pgfint.code.tex)
(c:/texlive/2020/texmf-dist/tex/generic/pgf/basiclayer/pgfcorepoints.code.tex
File: pgfcorepoints.code.tex 2020/01/08 v3.1.5b (3.1.5b)
\pgf@picminx=\dimen161
\pgf@picmaxx=\dimen162
\pgf@picminy=\dimen163
\pgf@picmaxy=\dimen164
\pgf@pathminx=\dimen165
\pgf@pathmaxx=\dimen166
\pgf@pathminy=\dimen167
\pgf@pathmaxy=\dimen168
\pgf@xx=\dimen169
\pgf@xy=\dimen170
\pgf@yx=\dimen171
\pgf@yy=\dimen172
\pgf@zx=\dimen173
\pgf@zy=\dimen174
)
(c:/texlive/2020/texmf-dist/tex/generic/pgf/basiclayer/pgfcorepathconstruct.cod
e.tex
File: pgfcorepathconstruct.code.tex 2020/01/08 v3.1.5b (3.1.5b)
\pgf@path@lastx=\dimen175
\pgf@path@lasty=\dimen176
)
(c:/texlive/2020/texmf-dist/tex/generic/pgf/basiclayer/pgfcorepathusage.code.te
x
File: pgfcorepathusage.code.tex 2020/01/08 v3.1.5b (3.1.5b)
\pgf@shorten@end@additional=\dimen177
\pgf@shorten@start@additional=\dimen178
)
(c:/texlive/2020/texmf-dist/tex/generic/pgf/basiclayer/pgfcorescopes.code.tex
File: pgfcorescopes.code.tex 2020/01/08 v3.1.5b (3.1.5b)
\pgfpic=\box50
\pgf@hbox=\box51
\pgf@layerbox@main=\box52
\pgf@picture@serial@count=\count268
)
(c:/texlive/2020/texmf-dist/tex/generic/pgf/basiclayer/pgfcoregraphicstate.code
.tex
File: pgfcoregraphicstate.code.tex 2020/01/08 v3.1.5b (3.1.5b)
\pgflinewidth=\dimen179
)
(c:/texlive/2020/texmf-dist/tex/generic/pgf/basiclayer/pgfcoretransformations.c
ode.tex
File: pgfcoretransformations.code.tex 2020/01/08 v3.1.5b (3.1.5b)
\pgf@pt@x=\dimen180
\pgf@pt@y=\dimen181
\pgf@pt@temp=\dimen182
)
(c:/texlive/2020/texmf-dist/tex/generic/pgf/basiclayer/pgfcorequick.code.tex
File: pgfcorequick.code.tex 2020/01/08 v3.1.5b (3.1.5b)
)
(c:/texlive/2020/texmf-dist/tex/generic/pgf/basiclayer/pgfcoreobjects.code.tex
File: pgfcoreobjects.code.tex 2020/01/08 v3.1.5b (3.1.5b)
)
(c:/texlive/2020/texmf-dist/tex/generic/pgf/basiclayer/pgfcorepathprocessing.co
de.tex
File: pgfcorepathprocessing.code.tex 2020/01/08 v3.1.5b (3.1.5b)
)
(c:/texlive/2020/texmf-dist/tex/generic/pgf/basiclayer/pgfcorearrows.code.tex
File: pgfcorearrows.code.tex 2020/01/08 v3.1.5b (3.1.5b)
\pgfarrowsep=\dimen183
)
(c:/texlive/2020/texmf-dist/tex/generic/pgf/basiclayer/pgfcoreshade.code.tex
File: pgfcoreshade.code.tex 2020/01/08 v3.1.5b (3.1.5b)
\pgf@max=\dimen184
\pgf@sys@shading@range@num=\count269
\pgf@shadingcount=\count270
)
(c:/texlive/2020/texmf-dist/tex/generic/pgf/basiclayer/pgfcoreimage.code.tex
File: pgfcoreimage.code.tex 2020/01/08 v3.1.5b (3.1.5b)

(c:/texlive/2020/texmf-dist/tex/generic/pgf/basiclayer/pgfcoreexternal.code.tex
File: pgfcoreexternal.code.tex 2020/01/08 v3.1.5b (3.1.5b)
\pgfexternal@startupbox=\box53
))
(c:/texlive/2020/texmf-dist/tex/generic/pgf/basiclayer/pgfcorelayers.code.tex
File: pgfcorelayers.code.tex 2020/01/08 v3.1.5b (3.1.5b)
)
(c:/texlive/2020/texmf-dist/tex/generic/pgf/basiclayer/pgfcoretransparency.code
.tex
File: pgfcoretransparency.code.tex 2020/01/08 v3.1.5b (3.1.5b)
)
(c:/texlive/2020/texmf-dist/tex/generic/pgf/basiclayer/pgfcorepatterns.code.tex
File: pgfcorepatterns.code.tex 2020/01/08 v3.1.5b (3.1.5b)
) (c:/texlive/2020/texmf-dist/tex/generic/pgf/basiclayer/pgfcorerdf.code.tex
File: pgfcorerdf.code.tex 2020/01/08 v3.1.5b (3.1.5b)
))) (c:/texlive/2020/texmf-dist/tex/generic/pgf/modules/pgfmoduleshapes.code.te
x
File: pgfmoduleshapes.code.tex 2020/01/08 v3.1.5b (3.1.5b)
\pgfnodeparttextbox=\box54
)
(c:/texlive/2020/texmf-dist/tex/generic/pgf/modules/pgfmoduleplot.code.tex
File: pgfmoduleplot.code.tex 2020/01/08 v3.1.5b (3.1.5b)
)
(c:/texlive/2020/texmf-dist/tex/latex/pgf/compatibility/pgfcomp-version-0-65.st
y
Package: pgfcomp-version-0-65 2020/01/08 v3.1.5b (3.1.5b)
\pgf@nodesepstart=\dimen185
\pgf@nodesepend=\dimen186
)
(c:/texlive/2020/texmf-dist/tex/latex/pgf/compatibility/pgfcomp-version-1-18.st
y
Package: pgfcomp-version-1-18 2020/01/08 v3.1.5b (3.1.5b)
)) (c:/texlive/2020/texmf-dist/tex/latex/pgf/utilities/pgffor.sty
(c:/texlive/2020/texmf-dist/tex/latex/pgf/utilities/pgfkeys.sty
(c:/texlive/2020/texmf-dist/tex/generic/pgf/utilities/pgfkeys.code.tex))
(c:/texlive/2020/texmf-dist/tex/latex/pgf/math/pgfmath.sty
(c:/texlive/2020/texmf-dist/tex/generic/pgf/math/pgfmath.code.tex))
(c:/texlive/2020/texmf-dist/tex/generic/pgf/utilities/pgffor.code.tex
Package: pgffor 2020/01/08 v3.1.5b (3.1.5b)

(c:/texlive/2020/texmf-dist/tex/generic/pgf/math/pgfmath.code.tex)
\pgffor@iter=\dimen187
\pgffor@skip=\dimen188
\pgffor@stack=\toks41
\pgffor@toks=\toks42
))
(c:/texlive/2020/texmf-dist/tex/generic/pgf/frontendlayer/tikz/tikz.code.tex
Package: tikz 2020/01/08 v3.1.5b (3.1.5b)

(c:/texlive/2020/texmf-dist/tex/generic/pgf/libraries/pgflibraryplothandlers.co
de.tex
File: pgflibraryplothandlers.code.tex 2020/01/08 v3.1.5b (3.1.5b)
\pgf@plot@mark@count=\count271
\pgfplotmarksize=\dimen189
)
\tikz@lastx=\dimen190
\tikz@lasty=\dimen191
\tikz@lastxsaved=\dimen192
\tikz@lastysaved=\dimen193
\tikz@lastmovetox=\dimen194
\tikz@lastmovetoy=\dimen195
\tikzleveldistance=\dimen196
\tikzsiblingdistance=\dimen197
\tikz@figbox=\box55
\tikz@figbox@bg=\box56
\tikz@tempbox=\box57
\tikz@tempbox@bg=\box58
\tikztreelevel=\count272
\tikznumberofchildren=\count273
\tikznumberofcurrentchild=\count274
\tikz@fig@count=\count275

(c:/texlive/2020/texmf-dist/tex/generic/pgf/modules/pgfmodulematrix.code.tex
File: pgfmodulematrix.code.tex 2020/01/08 v3.1.5b (3.1.5b)
\pgfmatrixcurrentrow=\count276
\pgfmatrixcurrentcolumn=\count277
\pgf@matrix@numberofcolumns=\count278
)
\tikz@expandcount=\count279

(c:/texlive/2020/texmf-dist/tex/generic/pgf/frontendlayer/tikz/libraries/tikzli
brarytopaths.code.tex
File: tikzlibrarytopaths.code.tex 2020/01/08 v3.1.5b (3.1.5b)
)))
(c:/texlive/2020/texmf-dist/tex/latex/tools/tabularx.sty
Package: tabularx 2020/01/15 v2.11c `tabularx' package (DPC)

(c:/texlive/2020/texmf-dist/tex/latex/tools/array.sty
Package: array 2019/08/31 v2.4l Tabular extension package (FMi)
\col@sep=\dimen198
\ar@mcellbox=\box59
\extrarowheight=\dimen199
\NC@list=\toks43
\extratabsurround=\skip56
\backup@length=\skip57
\ar@cellbox=\box60
)
\TX@col@width=\dimen256
\TX@old@table=\dimen257
\TX@old@col=\dimen258
\TX@target=\dimen259
\TX@delta=\dimen260
\TX@cols=\count280
\TX@ftn=\toks44
)
(c:/texlive/2020/texmf-dist/tex/latex/caption/caption.sty
Package: caption 2020/01/03 v3.4h Customizing captions (AR)

(c:/texlive/2020/texmf-dist/tex/latex/caption/caption3.sty
Package: caption3 2020/01/03 v1.8h caption3 kernel (AR)
Package caption3 Info: TeX engine: e-TeX on input line 61.
\captionmargin=\dimen261
\captionmargin@=\dimen262
\captionwidth=\dimen263
\caption@tempdima=\dimen264
\caption@indent=\dimen265
\caption@parindent=\dimen266
\caption@hangindent=\dimen267
Package caption Info: Standard document class detected.
)
\c@caption@flags=\count281
\c@continuedfloat=\count282
)
(c:/texlive/2020/texmf-dist/tex/latex/l3packages/xfrac/xfrac.sty
(c:/texlive/2020/texmf-dist/tex/latex/l3kernel/expl3.sty
Package: expl3 2020-04-06 L3 programming layer (loader) 

(c:/texlive/2020/texmf-dist/tex/latex/l3backend/l3backend-pdfmode.def
File: l3backend-pdfmode.def 2020-03-12 L3 backend support: PDF mode
\l__kernel_color_stack_int=\count283
\l__pdf_internal_box=\box61
))
(c:/texlive/2020/texmf-dist/tex/latex/l3packages/l3keys2e/l3keys2e.sty
Package: l3keys2e 2020-03-06 LaTeX2e option processing using LaTeX3 keys
)
(c:/texlive/2020/texmf-dist/tex/latex/base/textcomp.sty
Package: textcomp 2020/02/02 v2.0n Standard LaTeX package
)
(c:/texlive/2020/texmf-dist/tex/latex/l3packages/xparse/xparse.sty
Package: xparse 2020-03-06 L3 Experimental document command parser
\l__xparse_current_arg_int=\count284
\g__xparse_grabber_int=\count285
\l__xparse_m_args_int=\count286
\l__xparse_v_nesting_int=\count287
)
(c:/texlive/2020/texmf-dist/tex/latex/l3packages/xtemplate/xtemplate.sty
Package: xtemplate 2020-03-06 L3 Experimental prototype document functions
\l__xtemplate_tmp_dim=\dimen268
\l__xtemplate_tmp_int=\count288
\l__xtemplate_tmp_muskip=\muskip17
\l__xtemplate_tmp_skip=\skip58
)
Package: xfrac 2020-03-06 L3 Experimental split-level fractions
\l__xfrac_slash_box=\box62
\l__xfrac_tmp_box=\box63
\l__xfrac_denominator_bot_sep_dim=\dimen269
\l__xfrac_numerator_bot_sep_dim=\dimen270
\l__xfrac_numerator_top_sep_dim=\dimen271
\l__xfrac_slash_left_sep_dim=\dimen272
\l__xfrac_slash_right_sep_dim=\dimen273
\l__xfrac_slash_left_muskip=\muskip18
\l__xfrac_slash_right_muskip=\muskip19

Package xtemplate Info: Declaring object type 'xfrac' taking 3 argument(s) on
(xtemplate)             line 80.

)
(c:/texlive/2020/texmf-dist/tex/latex/float/float.sty
Package: float 2001/11/08 v1.3d Float enhancements (AL)
\c@float@type=\count289
\float@exts=\toks45
\float@box=\box64
\@float@everytoks=\toks46
\@floatcapt=\box65
)
(c:/texlive/2020/texmf-dist/tex/latex/titlesec/titlesec.sty
Package: titlesec 2019/10/16 v2.13 Sectioning titles
\ttl@box=\box66
\beforetitleunit=\skip59
\aftertitleunit=\skip60
\ttl@plus=\dimen274
\ttl@minus=\dimen275
\ttl@toksa=\toks47
\titlewidth=\dimen276
\titlewidthlast=\dimen277
\titlewidthfirst=\dimen278
)
(c:/texlive/2020/texmf-dist/tex/latex/hyperref/hyperref.sty
Package: hyperref 2020/01/14 v7.00d Hypertext links for LaTeX

(c:/texlive/2020/texmf-dist/tex/generic/ltxcmds/ltxcmds.sty
Package: ltxcmds 2019/12/15 v1.24 LaTeX kernel commands for general use (HO)
)
(c:/texlive/2020/texmf-dist/tex/generic/iftex/iftex.sty
Package: iftex 2020/03/06 v1.0d TeX engine tests
)
(c:/texlive/2020/texmf-dist/tex/latex/pdftexcmds/pdftexcmds.sty
Package: pdftexcmds 2019/11/24 v0.31 Utility functions of pdfTeX for LuaTeX (HO
)

(c:/texlive/2020/texmf-dist/tex/generic/infwarerr/infwarerr.sty
Package: infwarerr 2019/12/03 v1.5 Providing info/warning/error messages (HO)
)
Package pdftexcmds Info: \pdf@primitive is available.
Package pdftexcmds Info: \pdf@ifprimitive is available.
Package pdftexcmds Info: \pdfdraftmode found.
)
(c:/texlive/2020/texmf-dist/tex/generic/kvsetkeys/kvsetkeys.sty
Package: kvsetkeys 2019/12/15 v1.18 Key value parser (HO)
)
(c:/texlive/2020/texmf-dist/tex/generic/kvdefinekeys/kvdefinekeys.sty
Package: kvdefinekeys 2019-12-19 v1.6 Define keys (HO)
)
(c:/texlive/2020/texmf-dist/tex/generic/pdfescape/pdfescape.sty
Package: pdfescape 2019/12/09 v1.15 Implements pdfTeX's escape features (HO)
)
(c:/texlive/2020/texmf-dist/tex/latex/hycolor/hycolor.sty
Package: hycolor 2020-01-27 v1.10 Color options for hyperref/bookmark (HO)
)
(c:/texlive/2020/texmf-dist/tex/latex/letltxmacro/letltxmacro.sty
Package: letltxmacro 2019/12/03 v1.6 Let assignment for LaTeX macros (HO)
)
(c:/texlive/2020/texmf-dist/tex/latex/auxhook/auxhook.sty
Package: auxhook 2019-12-17 v1.6 Hooks for auxiliary files (HO)
)
(c:/texlive/2020/texmf-dist/tex/latex/kvoptions/kvoptions.sty
Package: kvoptions 2019/11/29 v3.13 Key value format for package options (HO)
)
\@linkdim=\dimen279
\Hy@linkcounter=\count290
\Hy@pagecounter=\count291

(c:/texlive/2020/texmf-dist/tex/latex/hyperref/pd1enc.def
File: pd1enc.def 2020/01/14 v7.00d Hyperref: PDFDocEncoding definition (HO)
Now handling font encoding PD1 ...
... no UTF-8 mapping file for font encoding PD1
)
(c:/texlive/2020/texmf-dist/tex/generic/intcalc/intcalc.sty
Package: intcalc 2019/12/15 v1.3 Expandable calculations with integers (HO)
)
(c:/texlive/2020/texmf-dist/tex/generic/etexcmds/etexcmds.sty
Package: etexcmds 2019/12/15 v1.7 Avoid name clashes with e-TeX commands (HO)
)
\Hy@SavedSpaceFactor=\count292
Package hyperref Info: Option `unicode' set `true' on input line 3502.

(c:/texlive/2020/texmf-dist/tex/latex/hyperref/puenc.def
File: puenc.def 2020/01/14 v7.00d Hyperref: PDF Unicode definition (HO)
Now handling font encoding PU ...
... no UTF-8 mapping file for font encoding PU
)
Package hyperref Info: Option `unicode' set `true' on input line 4421.
Package hyperref Info: Option `colorlinks' set `true' on input line 4421.
Package hyperref Info: Option `bookmarksnumbered' set `true' on input line 4421
.


Package hyperref Warning: Option `pagecolor' is not available anymore.

Package hyperref Info: Hyper figures OFF on input line 4547.
Package hyperref Info: Link nesting OFF on input line 4552.
Package hyperref Info: Hyper index ON on input line 4555.
Package hyperref Info: Plain pages OFF on input line 4562.
Package hyperref Info: Backreferencing OFF on input line 4567.
Package hyperref Info: Implicit mode ON; LaTeX internals redefined.
Package hyperref Info: Bookmarks ON on input line 4800.
\c@Hy@tempcnt=\count293
(c:/texlive/2020/texmf-dist/tex/latex/url/url.sty
\Urlmuskip=\muskip20
Package: url 2013/09/16  ver 3.4  Verb mode for urls, etc.
)
LaTeX Info: Redefining \url on input line 5159.
\XeTeXLinkMargin=\dimen280

(c:/texlive/2020/texmf-dist/tex/generic/bitset/bitset.sty
Package: bitset 2019/12/09 v1.3 Handle bit-vector datatype (HO)

(c:/texlive/2020/texmf-dist/tex/generic/bigintcalc/bigintcalc.sty
Package: bigintcalc 2019/12/15 v1.5 Expandable calculations on big integers (HO
)
))
\Fld@menulength=\count294
\Field@Width=\dimen281
\Fld@charsize=\dimen282
Package hyperref Info: Hyper figures OFF on input line 6430.
Package hyperref Info: Link nesting OFF on input line 6435.
Package hyperref Info: Hyper index ON on input line 6438.
Package hyperref Info: backreferencing OFF on input line 6445.
Package hyperref Info: Link coloring ON on input line 6448.
Package hyperref Info: Link coloring with OCG OFF on input line 6455.
Package hyperref Info: PDF/A mode OFF on input line 6460.
LaTeX Info: Redefining \ref on input line 6500.
LaTeX Info: Redefining \pageref on input line 6504.

(c:/texlive/2020/texmf-dist/tex/generic/atbegshi/atbegshi.sty
Package: atbegshi 2019/12/05 v1.19 At begin shipout hook (HO)
)
\Hy@abspage=\count295
\c@Item=\count296
\c@Hfootnote=\count297
)
Package hyperref Info: Driver (autodetected): hpdftex.

(c:/texlive/2020/texmf-dist/tex/latex/hyperref/hpdftex.def
File: hpdftex.def 2020/01/14 v7.00d Hyperref driver for pdfTeX

(c:/texlive/2020/texmf-dist/tex/latex/atveryend/atveryend.sty
Package: atveryend 2019-12-11 v1.11 Hooks at the very end of document (HO)
Package atveryend Info: \enddocument detected (standard20110627).
)
\Fld@listcount=\count298
\c@bookmark@seq@number=\count299

(c:/texlive/2020/texmf-dist/tex/latex/rerunfilecheck/rerunfilecheck.sty
Package: rerunfilecheck 2019/12/05 v1.9 Rerun checks for auxiliary files (HO)

(c:/texlive/2020/texmf-dist/tex/generic/uniquecounter/uniquecounter.sty
Package: uniquecounter 2019/12/15 v1.4 Provide unlimited unique counter (HO)
)
Package uniquecounter Info: New unique counter `rerunfilecheck' on input line 2
86.
)
\Hy@SectionHShift=\skip61
)
\c@Def=\count300
\c@Lemm=\count301
\c@Teor=\count302
\c@pp@a@footnote=\count303
\c@enumerate1i=\count304
\enitdp@enumerate1=\count305
\c@enumerateAi=\count306
\enitdp@enumerateA=\count307
\c@enumerateDi=\count308
\c@enumerateDii=\count309
\enitdp@enumerateD=\count310
\c@enumerateBri=\count311
\enitdp@enumerateBr=\count312
\c@enumerateP1i=\count313
\enitdp@enumerateP1=\count314
\c@enumeratermi=\count315
\enitdp@enumeraterm=\count316
\c@enumerateAii=\count317
\enitdp@enumerateAi=\count318

(c:/texlive/2020/texmf-dist/tex/latex/totpages/totpages.sty
Package: totpages 2005/09/19 v2.00 Totpages Package (muewi)
)
(./Р›РµРєС†РёРё РїРѕ СѓСЂР°РІРЅРµРЅРёСЏРј РјР°С‚РµРјР°С‚РёС‡РµСЃРєРѕР№ С„РёР·Рё
РєРё. Р§Р°СЃС‚СЊ 1.aux)
\openout1 = `"Р›РµРєС†РёРё РїРѕ СѓСЂР°РІРЅРµРЅРёСЏРј РјР°С‚РµРјР°С‚РёС‡РµСЃРєРѕ
Р№ С„РёР·РёРєРё. Р§Р°СЃС‚СЊ 1.aux"'.

LaTeX Font Info:    Checking defaults for OML/cmm/m/it on input line 329.
LaTeX Font Info:    ... okay on input line 329.
LaTeX Font Info:    Checking defaults for OMS/cmsy/m/n on input line 329.
LaTeX Font Info:    ... okay on input line 329.
LaTeX Font Info:    Checking defaults for OT1/cmr/m/n on input line 329.
LaTeX Font Info:    ... okay on input line 329.
LaTeX Font Info:    Checking defaults for T1/cmr/m/n on input line 329.
LaTeX Font Info:    ... okay on input line 329.
LaTeX Font Info:    Checking defaults for TS1/cmr/m/n on input line 329.
LaTeX Font Info:    ... okay on input line 329.
LaTeX Font Info:    Checking defaults for OMX/cmex/m/n on input line 329.
LaTeX Font Info:    ... okay on input line 329.
LaTeX Font Info:    Checking defaults for U/cmr/m/n on input line 329.
LaTeX Font Info:    ... okay on input line 329.
LaTeX Font Info:    Checking defaults for T2A/cmr/m/n on input line 329.
LaTeX Font Info:    ... okay on input line 329.
LaTeX Font Info:    Checking defaults for PD1/pdf/m/n on input line 329.
LaTeX Font Info:    ... okay on input line 329.
LaTeX Font Info:    Checking defaults for PU/pdf/m/n on input line 329.
LaTeX Font Info:    ... okay on input line 329.
\symgns@font=\mathgroup10
LaTeX Font Info:    Overwriting symbol font `gns@font' in version `bold'
(Font)                  TS1/cmr/m/n --> TS1/cmr/b/n on input line 329.
Package gensymb Info: Math companion symbols declared on input line 329.
LaTeX Info: Redefining \degree on input line 329.
LaTeX Info: Redefining \celsius on input line 329.
Package gensymb Info: Using text companion symbols for \degree, \celsius and \p
erthousand on input line 329.
LaTeX Info: Redefining \ohm on input line 329.
Package gensymb Info: Using \textohm for \ohm on input line 329.
Package gensymb Info: Using \textmu for \micro on input line 329.
 ABD: EveryShipout initializing macros
(c:/texlive/2020/texmf-dist/tex/context/base/mkii/supp-pdf.mkii
[Loading MPS to PDF converter (version 2006.09.02).]
\scratchcounter=\count319
\scratchdimen=\dimen283
\scratchbox=\box67
\nofMPsegments=\count320
\nofMParguments=\count321
\everyMPshowfont=\toks48
\MPscratchCnt=\count322
\MPscratchDim=\dimen284
\MPnumerator=\count323
\makeMPintoPDFobject=\count324
\everyMPtoPDFconversion=\toks49
) (c:/texlive/2020/texmf-dist/tex/latex/epstopdf-pkg/epstopdf-base.sty
Package: epstopdf-base 2020-01-24 v2.11 Base part for package epstopdf
Package epstopdf-base Info: Redefining graphics rule for `.eps' on input line 4
85.

(c:/texlive/2020/texmf-dist/tex/latex/latexconfig/epstopdf-sys.cfg
File: epstopdf-sys.cfg 2010/07/13 v1.3 Configuration of (r)epstopdf for TeX Liv
e
))
Package caption Info: Begin \AtBeginDocument code.
Package caption Info: float package is loaded.
Package caption Info: hyperref package is loaded.
Package caption Info: End \AtBeginDocument code.
\AtBeginShipoutBox=\box68
Package hyperref Info: Link coloring ON on input line 329.

(c:/texlive/2020/texmf-dist/tex/latex/hyperref/nameref.sty
Package: nameref 2019/09/16 v2.46 Cross-referencing by name of section

(c:/texlive/2020/texmf-dist/tex/latex/refcount/refcount.sty
Package: refcount 2019/12/15 v3.6 Data extraction from label references (HO)
)
(c:/texlive/2020/texmf-dist/tex/generic/gettitlestring/gettitlestring.sty
Package: gettitlestring 2019/12/15 v1.6 Cleanup title references (HO)
)
\c@section@level=\count325
)
LaTeX Info: Redefining \ref on input line 329.
LaTeX Info: Redefining \pageref on input line 329.
LaTeX Info: Redefining \nameref on input line 329.

(./Р›РµРєС†РёРё РїРѕ СѓСЂР°РІРЅРµРЅРёСЏРј РјР°С‚РµРјР°С‚РёС‡РµСЃРєРѕР№ С„РёР·Рё
РєРё. Р§Р°СЃС‚СЊ 1.out)
(./Р›РµРєС†РёРё РїРѕ СѓСЂР°РІРЅРµРЅРёСЏРј РјР°С‚РµРјР°С‚РёС‡РµСЃРєРѕР№ С„РёР·Рё
РєРё. Р§Р°СЃС‚СЊ 1.out)
\@outlinefile=\write4
\openout4 = `"Р›РµРєС†РёРё РїРѕ СѓСЂР°РІРЅРµРЅРёСЏРј РјР°С‚РµРјР°С‚РёС‡РµСЃРєРѕ
Р№ С„РёР·РёРєРё. Р§Р°СЃС‚СЊ 1.out"'.

 [1.1

{c:/texlive/2020/texmf-var/fonts/map/pdftex/updmap/pdftex.map}]
Underfull \hbox (badness 10000) in paragraph at lines 334--334

 []


Underfull \hbox (badness 10000) in paragraph at lines 334--334

 []

[2.2]
(./Р›РµРєС†РёРё РїРѕ СѓСЂР°РІРЅРµРЅРёСЏРј РјР°С‚РµРјР°С‚РёС‡РµСЃРєРѕР№ С„РёР·Рё
РєРё. Р§Р°СЃС‚СЊ 1.toc<<ot1.cmap>><<oml.cmap>><<oms.cmap>><<omx.cmap>>
LaTeX Font Info:    Trying to load font information for U+msa on input line 4.

(c:/texlive/2020/texmf-dist/tex/latex/amsfonts/umsa.fd
File: umsa.fd 2013/01/14 v3.01 AMS symbols A
)
LaTeX Font Info:    Trying to load font information for U+msb on input line 4.

(c:/texlive/2020/texmf-dist/tex/latex/amsfonts/umsb.fd
File: umsb.fd 2013/01/14 v3.01 AMS symbols B
)
LaTeX Font Info:    Trying to load font information for U+rsfs on input line 4.


(c:/texlive/2020/texmf-dist/tex/latex/jknapltx/ursfs.fd
File: ursfs.fd 1998/03/24 rsfs font definition file (jk)
) [3.3

])
\tf@toc=\write5
\openout5 = `"Р›РµРєС†РёРё РїРѕ СѓСЂР°РІРЅРµРЅРёСЏРј РјР°С‚РµРјР°С‚РёС‡РµСЃРєРѕ
Р№ С„РёР·РёРєРё. Р§Р°СЃС‚СЊ 1.toc"'.

 [4.4] [5.5

]
(./lection11.tex [6.6]
Р›РµРєС†РёСЏ 1.
[7.7

] [8.8] [9.9] [10.10] [11.11]
Underfull \vbox (badness 1762) has occurred while \output is active []

 [12.12]
Underfull \vbox (badness 2205) has occurred while \output is active []

 [13.13]
[14.14pdfTeX warning (ext4): destination with the same identifier (name{equatio
n.1.1.7}) has been already used, duplicate ignored

\@EveryShipout@Output ...@Org@Shipout \box \@cclv 
                                                  
l.397 	\item Р
              ЈРїСЂСѓРіРѕРµ Р·Р°РєСЂРµРїР»РµРЅРёРµ. РџСѓСЃС‚СЊ РІ С‚РѕС‡РєРµ...
pdfTeX warning (ext4): destination with the same identifier (name{equation.1.1.
8}) has been already used, duplicate ignored

\@EveryShipout@Output ...@Org@Shipout \box \@cclv 
                                                  
l.397 	\item Р
              ЈРїСЂСѓРіРѕРµ Р·Р°РєСЂРµРїР»РµРЅРёРµ. РџСѓСЃС‚СЊ РІ С‚РѕС‡РєРµ...
pdfTeX warning (ext4): destination with the same identifier (name{equation.1.1.
9}) has been already used, duplicate ignored

\@EveryShipout@Output ...@Org@Shipout \box \@cclv 
                                                  
l.397 	\item Р
              ЈРїСЂСѓРіРѕРµ Р·Р°РєСЂРµРїР»РµРЅРёРµ. РџСѓСЃС‚СЊ РІ С‚РѕС‡РєРµ...
]pdfTeX warning (ext4): destination with the same identifier (name{equation.1.1
.7}) has been already used, duplicate ignored
<to be read again> 
                   \relax 
l.441 	\begin{equation}
                       pdfTeX warning (ext4): destination with the same identif
ier (name{equation.1.1.7}) has been already used, duplicate ignored
<to be read again> 
                   \relax 
l.441 	\begin{equation}
                       pdfTeX warning (ext4): destination with the same identif
ier (name{equation.1.1.7}) has been already used, duplicate ignored
<to be read again> 
                   \relax 
l.441 	\begin{equation}
                       pdfTeX warning (ext4): destination with the same identif
ier (name{equation.1.1.7}) has been already used, duplicate ignored
<to be read again> 
                   \relax 
l.441 	\begin{equation}
                       pdfTeX warning (ext4): destination with the same identif
ier (name{equation.1.1.8}) has been already used, duplicate ignored
<to be read again> 
                   \relax 
l.447 	\begin{equation}
                       pdfTeX warning (ext4): destination with the same identif
ier (name{equation.1.1.8}) has been already used, duplicate ignored
<to be read again> 
                   \relax 
l.447 	\begin{equation}
                       pdfTeX warning (ext4): destination with the same identif
ier (name{equation.1.1.8}) has been already used, duplicate ignored
<to be read again> 
                   \relax 
l.447 	\begin{equation}
                       pdfTeX warning (ext4): destination with the same identif
ier (name{equation.1.1.8}) has been already used, duplicate ignored
<to be read again> 
                   \relax 
l.447 	\begin{equation}
                       pdfTeX warning (ext4): destination with the same identif
ier (name{equation.1.1.9}) has been already used, duplicate ignored
<to be read again> 
                   \relax 
l.451 	\begin{equation}
                       pdfTeX warning (ext4): destination with the same identif
ier (name{equation.1.1.9}) has been already used, duplicate ignored
<to be read again> 
                   \relax 
l.451 	\begin{equation}
                       pdfTeX warning (ext4): destination with the same identif
ier (name{equation.1.1.9}) has been already used, duplicate ignored
<to be read again> 
                   \relax 
l.451 	\begin{equation}
                       pdfTeX warning (ext4): destination with the same identif
ier (name{equation.1.1.9}) has been already used, duplicate ignored
<to be read again> 
                   \relax 
l.451 	\begin{equation}
                        [15.15]) (./lection12.tex [16.16]
Р›РµРєС†РёСЏ 2.

Underfull \hbox (badness 6792) in paragraph at lines 3--3
|[]\T2A/cmr/bx/n/14.4 Уравнение ма-лых ко-ле-ба-ний стру-ны
 []

[17.17

]
Underfull \hbox (badness 10000) in paragraph at lines 63--64
[]\T2A/cmr/m/n/10 Мы до-ка-жем непре-рыв-ную за-ви-си-мость ре-ше-ний за-да-
 []

pdfTeX warning (ext4): destination with the same identifier (name{equation.2.1.
3}) has been already used, duplicate ignored
<to be read again> 
                   \relax 
l.68 \begin{subequations}
                          [18.18]
Underfull \hbox (badness 4660) in paragraph at lines 76--77
[]\T2A/cmr/m/n/10 Пусть $\OML/cmm/m/it/10 u[]$ \T2A/cmr/m/n/10 и $\OML/cmm/m/it
/10 u[]$ \T2A/cmr/m/n/10 --- два ре-ше-ния за-да-чи [], [], []
 []


Underfull \vbox (badness 5316) has occurred while \output is active []

 [19.19]
[20.20] [21.21] [22.22] [23.23] [24.24] [25.25] [26.26] [27.27] [28.28])
(./lection13.tex [29.29]
Р›РµРєС†РёСЏ 3.

Underfull \hbox (badness 10000) in paragraph at lines 3--3
|[]\T2A/cmr/bx/n/14.4 Свободные ко-ле-ба-ния неод-но-род-ной
 []

[30.30

] [31.31]
Underfull \hbox (badness 10000) in paragraph at lines 60--60
|[]\T2A/cmr/bx/n/14.4 Вынужденные ко-ле-ба-ния од-но-род-ной
 []

[32.32pdfTeX warning (ext4): destination with the same identifier (name{equatio
n.3.2.4}) has been already used, duplicate ignored

\@EveryShipout@Output ...@Org@Shipout \box \@cclv 
                                                  
l.88 \end{equation}
                   ]pdfTeX warning (ext4): destination with the same identifier
 (name{equation.3.2.4}) has been already used, duplicate ignored
<to be read again> 
                   \relax 
l.98 \begin{equation}
                     \label{l13:eq:10A}pdfTeX warning (ext4): destination with 
the same identifier (name{equation.3.2.4}) has been already used, duplicate ign
ored
<to be read again> 
                   \relax 
l.98 \begin{equation}
                     \label{l13:eq:10A}pdfTeX warning (ext4): destination with 
the same identifier (name{equation.3.2.4}) has been already used, duplicate ign
ored
<to be read again> 
                   \relax 
l.98 \begin{equation}
                     \label{l13:eq:10A}pdfTeX warning (ext4): destination with 
the same identifier (name{equation.3.2.4}) has been already used, duplicate ign
ored
<to be read again> 
                   \relax 
l.98 \begin{equation}
                     \label{l13:eq:10A} [33.33pdfTeX warning (ext4): destinatio
n with the same identifier (name{equation.3.2.5}) has been already used, duplic
ate ignored

\@EveryShipout@Output ...@Org@Shipout \box \@cclv 
                                                  
l.133 \end{equation*}
                     ] [34.34]
Underfull \hbox (badness 10000) in paragraph at lines 190--191
[]\T2A/cmr/m/n/10 Теперь, на-ко-нец, о спо-со-бах ре-ше-ния за-да-чи [], []
 []

[35.35]
Underfull \hbox (badness 3088) in paragraph at lines 215--217
\T2A/cmr/bx/n/10 Задание. \T2A/cmr/m/n/10 Про-ве-рить, су-ще-ству-ет ли ста-ци-
о-нар-ное ре-ше-ние при
 []


Underfull \hbox (badness 10000) in paragraph at lines 218--219
[]\T2A/cmr/m/n/10 Переходим к об-ще-му ме-то-ду ре-ше-ния за-да-чи [], []
 []

[36.36]pdfTeX warning (ext4): destination with the same identifier (name{equati
on.3.2.12}) has been already used, duplicate ignored
<to be read again> 
                   \relax 
l.237 \begin{equation}
                      \label{l13:eq:19}pdfTeX warning (ext4): destination with 
the same identifier (name{equation.3.2.12}) has been already used, duplicate ig
nored
<to be read again> 
                   \relax 
l.237 \begin{equation}
                      \label{l13:eq:19}pdfTeX warning (ext4): destination with 
the same identifier (name{equation.3.2.12}) has been already used, duplicate ig
nored
<to be read again> 
                   \relax 
l.237 \begin{equation}
                      \label{l13:eq:19}pdfTeX warning (ext4): destination with 
the same identifier (name{equation.3.2.12}) has been already used, duplicate ig
nored
<to be read again> 
                   \relax 
l.237 \begin{equation}
                      \label{l13:eq:19} [37.37] [38.38]) (./lection14.tex
[39.39]
Р›РµРєС†РёСЏ 4.

Underfull \hbox (badness 1748) in paragraph at lines 3--3
|[]\T2A/cmr/bx/n/14.4 Дифференциальные урав-не-ния сво-бод-
 []


Underfull \vbox (badness 1509) has occurred while \output is active []

 [40.40

]
Underfull \hbox (badness 1490) in paragraph at lines 69--71
\T2A/cmr/m/n/10 Уравнения [], [] об-ра-зу-ют си-сте-му те-ле-граф-ных урав-не-н
ий.
 []

[41.41] [42.42pdfTeX warning (ext4): destination with the same identifier (name
{equation.4.1.10}) has been already used, duplicate ignored

\@EveryShipout@Output ...@Org@Shipout \box \@cclv 
                                                  
l.112 \end{equation*}
                     ]
Underfull \hbox (badness 1838) in paragraph at lines 124--125
[]\T2A/cmr/m/n/10 Начало ли-нии на-хо-дит-ся под си-ну-со-и-даль-ным на-пря-же-
ни-ем:
 []

[43.43] [44.44]) (./lection15.tex [45.45]
Р›РµРєС†РёСЏ 5.
[46.46

]
Underfull \hbox (badness 1102) in paragraph at lines 72--74
\T2A/cmr/m/n/10 ис-поль-зо-ва-ли ма-лость $\OMS/cmsy/m/n/10 j\OML/cmm/m/it/10 u
[]\OMS/cmsy/m/n/10 j$ \T2A/cmr/m/n/10 и $\OMS/cmsy/m/n/10 j\OML/cmm/m/it/10 u[]
\OMS/cmsy/m/n/10 j$ \T2A/cmr/m/n/10 для при-бли-жјн-но-го вы-чис-ле-ния
 []

[47.47] [48.48] [49.49] [50.50] [51.51]
Underfull \hbox (badness 10000) in paragraph at lines 241--241
|[]\T2A/cmr/bx/n/14.4 Вынужденные ко-ле-ба-ния од-но-род-ной
 []

[52.52] [53.53]
Underfull \hbox (badness 1043) in paragraph at lines 313--315
\T2A/cmr/m/n/10 Из [] по-лу-ча-ем на-чаль-ные усло-вия для ре-ше-ний $\OML/cmm/
m/it/10 b[]\OT1/cmr/m/n/10 (\OML/cmm/m/it/10 t\OT1/cmr/m/n/10 )$ \T2A/cmr/m/n/1
0 урав-не-
 []

) (./lection16.tex [54.54]
Р›РµРєС†РёСЏ 6.
[55.55

] [56.56] [57.57] [58.58] [59.59]
Underfull \hbox (badness 3138) in paragraph at lines 241--242
[]\T2A/cmr/m/n/10 Одновременно сде-ла-ем ана-ло-гич-ное раз-ло-же-ние для функ-
ции
 []

[60.60] [61.61] [62.62]) (./lection17.tex [63.63]
Р›РµРєС†РёСЏ 7.
[64.64

] [65.65] [66.66] [67.67] [68.68] [69.69]pdfTeX warning (ext4): destination wit
h the same identifier (name{equation.7.1.3}) has been already used, duplicate i
gnored
<to be read again> 
                   \relax 
l.251 \begin{equation}
                      \label{l17:eq:2A}pdfTeX warning (ext4): destination with 
the same identifier (name{equation.7.1.3}) has been already used, duplicate ign
ored
<to be read again> 
                   \relax 
l.251 \begin{equation}
                      \label{l17:eq:2A}pdfTeX warning (ext4): destination with 
the same identifier (name{equation.7.1.3}) has been already used, duplicate ign
ored
<to be read again> 
                   \relax 
l.251 \begin{equation}
                      \label{l17:eq:2A}pdfTeX warning (ext4): destination with 
the same identifier (name{equation.7.1.3}) has been already used, duplicate ign
ored
<to be read again> 
                   \relax 
l.251 \begin{equation}
                      \label{l17:eq:2A}pdfTeX warning (ext4): destination with 
the same identifier (name{equation.7.1.7}) has been already used, duplicate ign
ored
<to be read again> 
                   \relax 
l.255 \begin{equation}
                      \label{l17:eq:6A}pdfTeX warning (ext4): destination with 
the same identifier (name{equation.7.1.7}) has been already used, duplicate ign
ored
<to be read again> 
                   \relax 
l.255 \begin{equation}
                      \label{l17:eq:6A}pdfTeX warning (ext4): destination with 
the same identifier (name{equation.7.1.7}) has been already used, duplicate ign
ored
<to be read again> 
                   \relax 
l.255 \begin{equation}
                      \label{l17:eq:6A}pdfTeX warning (ext4): destination with 
the same identifier (name{equation.7.1.7}) has been already used, duplicate ign
ored
<to be read again> 
                   \relax 
l.255 \begin{equation}
                      \label{l17:eq:6A} [70.70]pdfTeX warning (ext4): destinati
on with the same identifier (name{equation.7.1.11}) has been already used, dupl
icate ignored
<to be read again> 
                   \relax 
l.258 \begin{equation}
                      \label{l17:eq:10A}pdfTeX warning (ext4): destination with
 the same identifier (name{equation.7.1.11}) has been already used, duplicate i
gnored
<to be read again> 
                   \relax 
l.258 \begin{equation}
                      \label{l17:eq:10A}pdfTeX warning (ext4): destination with
 the same identifier (name{equation.7.1.11}) has been already used, duplicate i
gnored
<to be read again> 
                   \relax 
l.258 \begin{equation}
                      \label{l17:eq:10A}pdfTeX warning (ext4): destination with
 the same identifier (name{equation.7.1.11}) has been already used, duplicate i
gnored
<to be read again> 
                   \relax 
l.258 \begin{equation}
                      \label{l17:eq:10A}pdfTeX warning (ext4): destination with
 the same identifier (name{equation.7.1.16}) has been already used, duplicate i
gnored
<to be read again> 
                   \relax 
l.261 \begin{equation}
                      \label{l17:eq:15A}pdfTeX warning (ext4): destination with
 the same identifier (name{equation.7.1.16}) has been already used, duplicate i
gnored
<to be read again> 
                   \relax 
l.261 \begin{equation}
                      \label{l17:eq:15A}pdfTeX warning (ext4): destination with
 the same identifier (name{equation.7.1.16}) has been already used, duplicate i
gnored
<to be read again> 
                   \relax 
l.261 \begin{equation}
                      \label{l17:eq:15A}pdfTeX warning (ext4): destination with
 the same identifier (name{equation.7.1.16}) has been already used, duplicate i
gnored
<to be read again> 
                   \relax 
l.261 \begin{equation}
                      \label{l17:eq:15A}
Underfull \hbox (badness 1127) in paragraph at lines 263--265
\T2A/cmr/m/n/10 соб-ствен-ные зна-че-ния и соб-ствен-ные функ-ции обоб-щјн-ной 
за-да-чи
 []

) (./lection18.tex [71.71]
Р›РµРєС†РёСЏ 8.
[72.72

pdfTeX warning (ext4): destination with the same identifier (name{equation.8.1.
1}) has been already used, duplicate ignored

\@EveryShipout@Output ...@Org@Shipout \box \@cclv 
                                                  
l.36 \end{equation*}
                    pdfTeX warning (ext4): destination with the same identifier
 (name{equation.8.1.1}) has been already used, duplicate ignored

\@EveryShipout@Output ...@Org@Shipout \box \@cclv 
                                                  
l.36 \end{equation*}
                    ]pdfTeX warning (ext4): destination with the same identifie
r (name{equation.8.1.4}) has been already used, duplicate ignored
<to be read again> 
                   \relax 
l.38 \begin{equation}
                     \label{l18:eq:4}pdfTeX warning (ext4): destination with th
e same identifier (name{equation.8.1.4}) has been already used, duplicate ignor
ed
<to be read again> 
                   \relax 
l.38 \begin{equation}
                     \label{l18:eq:4}pdfTeX warning (ext4): destination with th
e same identifier (name{equation.8.1.4}) has been already used, duplicate ignor
ed
<to be read again> 
                   \relax 
l.38 \begin{equation}
                     \label{l18:eq:4}pdfTeX warning (ext4): destination with th
e same identifier (name{equation.8.1.4}) has been already used, duplicate ignor
ed
<to be read again> 
                   \relax 
l.38 \begin{equation}
                     \label{l18:eq:4} [73.73pdfTeX warning (ext4): destination 
with the same identifier (name{equation.8.1.5}) has been already used, duplicat
e ignored

\@EveryShipout@Output ...@Org@Shipout \box \@cclv 
                                                  
l.73 \end{multline*}
                    pdfTeX warning (ext4): destination with the same identifier
 (name{equation.8.1.6}) has been already used, duplicate ignored

\@EveryShipout@Output ...@Org@Shipout \box \@cclv 
                                                  
l.73 \end{multline*}
                    ]pdfTeX warning (ext4): destination with the same identifie
r (name{equation.8.1.7}) has been already used, duplicate ignored
<to be read again> 
                   \relax 
l.84 \begin{equation}
                     \label{l18:eq:7}pdfTeX warning (ext4): destination with th
e same identifier (name{equation.8.1.7}) has been already used, duplicate ignor
ed
<to be read again> 
                   \relax 
l.84 \begin{equation}
                     \label{l18:eq:7}pdfTeX warning (ext4): destination with th
e same identifier (name{equation.8.1.7}) has been already used, duplicate ignor
ed
<to be read again> 
                   \relax 
l.84 \begin{equation}
                     \label{l18:eq:7}pdfTeX warning (ext4): destination with th
e same identifier (name{equation.8.1.7}) has been already used, duplicate ignor
ed
<to be read again> 
                   \relax 
l.84 \begin{equation}
                     \label{l18:eq:7} [74.74] [75.75] [76.76] [77.77] [78.78]
[79.79] [80.80]) (./lection19.tex [81.81]
Р›РµРєС†РёСЏ 9.
[82.82

] [83.83]
Underfull \hbox (badness 3895) in paragraph at lines 73--73
|[]\T2A/cmr/bx/n/14.4 Распространение теп-ла в од-но-род-ном
 []

[84.84] [85.85] [86.86] [87.87] [88.88] [89.89] [90.90] [91.91] [92.92])
(./lection20.tex [93.93]
Р›РµРєС†РёСЏ 10.

Underfull \hbox (badness 1931) in paragraph at lines 22--23
[]\T2A/cmr/m/n/10 Выясним фи-зи-че-ский смысл функ-ции Гри-на. По по-стро-е-нию
,
 []

[94.94

] [95.95]
Underfull \vbox (badness 3780) has occurred while \output is active []

 [96.96]
[97.97] [98.98] [99.99] [100.100] [101.101] [102.102] [103.103] [104.104])
[105.105] [106.106

] [107.107

]
Package atveryend Info: Empty hook `BeforeClearDocument' on input line 400.
Package atveryend Info: Empty hook `AfterLastShipout' on input line 400.

(./Р›РµРєС†РёРё РїРѕ СѓСЂР°РІРЅРµРЅРёСЏРј РјР°С‚РµРјР°С‚РёС‡РµСЃРєРѕР№ С„РёР·Рё
РєРё. Р§Р°СЃС‚СЊ 1.aux)
Package atveryend Info: Executing hook `AtVeryEndDocument' on input line 400.
Package atveryend Info: Executing hook `AtEndAfterFileList' on input line 400.
Package rerunfilecheck Info: File `"Р›РµРєС†РёРё РїРѕ СѓСЂР°РІРЅРµРЅРёСЏРј РјР°
С‚РµРјР°С‚РёС‡РµСЃРєРѕР№ С„РёР·РёРєРё. Р§Р°СЃС‚СЊ 1".out' has not changed.
(rerunfilecheck)             Checksum: 1DBD685F9620F5F9DF22B77B9CA42117;10284.
Package atveryend Info: Empty hook `AtVeryVeryEnd' on input line 400.
 ) 
Here is how much of TeX's memory you used:
 25481 strings out of 480682
 448104 string characters out of 5908554
 721001 words of memory out of 5000000
 40227 multiletter control sequences out of 15000+600000
 556048 words of font info for 84 fonts, out of 8000000 for 9000
 1141 hyphenation exceptions out of 8191
 60i,18n,60p,1810b,866s stack positions out of 5000i,500n,10000p,200000b,80000s
{c:/texlive/2020/texmf-dist/fonts/enc/dvips/cm-super/cm-super-t2a.enc}{c:/tex
live/2020/texmf-dist/fonts/enc/dvips/cm-super/cm-super-ts1.enc}<c:/texlive/2020
/texmf-dist/fonts/type1/public/amsfonts/cm/cmex10.pfb><c:/texlive/2020/texmf-di
st/fonts/type1/public/amsfonts/cmextra/cmex8.pfb><c:/texlive/2020/texmf-dist/fo
nts/type1/public/amsfonts/cm/cmmi10.pfb><c:/texlive/2020/texmf-dist/fonts/type1
/public/amsfonts/cm/cmmi5.pfb><c:/texlive/2020/texmf-dist/fonts/type1/public/am
sfonts/cm/cmmi6.pfb><c:/texlive/2020/texmf-dist/fonts/type1/public/amsfonts/cm/
cmmi7.pfb><c:/texlive/2020/texmf-dist/fonts/type1/public/amsfonts/cm/cmmi8.pfb>
<c:/texlive/2020/texmf-dist/fonts/type1/public/amsfonts/cm/cmmib10.pfb><c:/texl
ive/2020/texmf-dist/fonts/type1/public/amsfonts/cm/cmr10.pfb><c:/texlive/2020/t
exmf-dist/fonts/type1/public/amsfonts/cm/cmr5.pfb><c:/texlive/2020/texmf-dist/f
onts/type1/public/amsfonts/cm/cmr6.pfb><c:/texlive/2020/texmf-dist/fonts/type1/
public/amsfonts/cm/cmr7.pfb><c:/texlive/2020/texmf-dist/fonts/type1/public/amsf
onts/cm/cmr8.pfb><c:/texlive/2020/texmf-dist/fonts/type1/public/amsfonts/cm/cms
y10.pfb><c:/texlive/2020/texmf-dist/fonts/type1/public/amsfonts/cm/cmsy6.pfb><c
:/texlive/2020/texmf-dist/fonts/type1/public/amsfonts/cm/cmsy7.pfb><c:/texlive/
2020/texmf-dist/fonts/type1/public/amsfonts/cm/cmsy8.pfb><c:/texlive/2020/texmf
-dist/fonts/type1/public/amsfonts/symbols/msam10.pfb><c:/texlive/2020/texmf-dis
t/fonts/type1/public/amsfonts/symbols/msbm10.pfb><c:/texlive/2020/texmf-dist/fo
nts/type1/public/rsfs/rsfs10.pfb><c:/texlive/2020/texmf-dist/fonts/type1/public
/cm-super/sfbx1000.pfb><c:/texlive/2020/texmf-dist/fonts/type1/public/cm-super/
sfbx1440.pfb><c:/texlive/2020/texmf-dist/fonts/type1/public/cm-super/sfbx2074.p
fb><c:/texlive/2020/texmf-dist/fonts/type1/public/cm-super/sfbx2488.pfb><c:/tex
live/2020/texmf-dist/fonts/type1/public/cm-super/sfrm0600.pfb><c:/texlive/2020/
texmf-dist/fonts/type1/public/cm-super/sfrm0700.pfb><c:/texlive/2020/texmf-dist
/fonts/type1/public/cm-super/sfrm0800.pfb><c:/texlive/2020/texmf-dist/fonts/typ
e1/public/cm-super/sfrm1000.pfb><c:/texlive/2020/texmf-dist/fonts/type1/public/
cm-super/sfsl1000.pfb><c:/texlive/2020/texmf-dist/fonts/type1/public/cm-super/s
fti1000.pfb>
Output written on "Р›РµРєС†РёРё РїРѕ СѓСЂР°РІРЅРµРЅРёСЏРј РјР°С‚РµРјР°С‚РёС‡РµС
ЃРєРѕР№ С„РёР·РёРєРё. Р§Р°СЃС‚СЊ 1.pdf" (107 pages, 762314 bytes).
PDF statistics:
 2025 PDF objects out of 2073 (max. 8388607)
 1775 compressed objects within 18 object streams
 510 named destinations out of 1000 (max. 500000)
 329 words of extra memory for PDF output out of 10000 (max. 10000000)

