This is pdfTeX, Version 3.14159265-2.6-1.40.21 (TeX Live 2020/W32TeX) (preloaded format=pdflatex 2020.5.6)  19 APR 2022 01:35
entering extended mode
 restricted \write18 enabled.
 %&-line parsing enabled.
**"Р’Р Рё РЈРњР¤ Р»РµРєС†РёРё.tex"
(./Р’Р Рё РЈРњР¤ Р»РµРєС†РёРё.tex
LaTeX2e <2020-02-02> patch level 5
L3 programming layer <2020-04-06>
(c:/texlive/2020/texmf-dist/tex/latex/base/book.cls
Document Class: book 2019/12/20 v1.4l Standard LaTeX document class
(c:/texlive/2020/texmf-dist/tex/latex/base/bk12.clo
File: bk12.clo 2019/12/20 v1.4l Standard LaTeX file (size option)
)
\c@part=\count167
\c@chapter=\count168
\c@section=\count169
\c@subsection=\count170
\c@subsubsection=\count171
\c@paragraph=\count172
\c@subparagraph=\count173
\c@figure=\count174
\c@table=\count175
\abovecaptionskip=\skip47
\belowcaptionskip=\skip48
\bibindent=\dimen134
)
(c:/texlive/2020/texmf-dist/tex/latex/cmap/cmap.sty
Package: cmap 2008/03/06 v1.0h CMap support: searchable PDF
)
(c:/texlive/2020/texmf-dist/tex/latex/geometry/geometry.sty
Package: geometry 2020/01/02 v5.9 Page Geometry

(c:/texlive/2020/texmf-dist/tex/latex/graphics/keyval.sty
Package: keyval 2014/10/28 v1.15 key=value parser (DPC)
\KV@toks@=\toks15
)
(c:/texlive/2020/texmf-dist/tex/generic/iftex/ifvtex.sty
Package: ifvtex 2019/10/25 v1.7 ifvtex legacy package. Use iftex instead.

(c:/texlive/2020/texmf-dist/tex/generic/iftex/iftex.sty
Package: iftex 2020/03/06 v1.0d TeX engine tests
))
\Gm@cnth=\count176
\Gm@cntv=\count177
\c@Gm@tempcnt=\count178
\Gm@bindingoffset=\dimen135
\Gm@wd@mp=\dimen136
\Gm@odd@mp=\dimen137
\Gm@even@mp=\dimen138
\Gm@layoutwidth=\dimen139
\Gm@layoutheight=\dimen140
\Gm@layouthoffset=\dimen141
\Gm@layoutvoffset=\dimen142
\Gm@dimlist=\toks16
)
(c:/texlive/2020/texmf-dist/tex/latex/base/inputenc.sty
Package: inputenc 2018/08/11 v1.3c Input encoding file
\inpenc@prehook=\toks17
\inpenc@posthook=\toks18
)
(c:/texlive/2020/texmf-dist/tex/generic/babel/babel.sty
Package: babel 2020/04/28 3.43 The Babel package

(c:/texlive/2020/texmf-dist/tex/generic/babel/babel.def
File: babel.def 2020/04/28 3.43 Babel common definitions
\babel@savecnt=\count179
\U@D=\dimen143

(c:/texlive/2020/texmf-dist/tex/generic/babel/txtbabel.def)
\bbl@readstream=\read2
)
\bbl@dirlevel=\count180

(c:/texlive/2020/texmf-dist/tex/generic/babel-english/english.ldf
Language: english 2017/06/06 v3.3r English support from the babel system
Package babel Info: \l@canadian = using hyphenrules for english
(babel)             (\language0) on input line 102.
Package babel Info: \l@australian = using hyphenrules for ukenglish
(babel)             (\language21) on input line 105.
Package babel Info: \l@newzealand = using hyphenrules for ukenglish
(babel)             (\language21) on input line 108.
)
(c:/texlive/2020/texmf-dist/tex/generic/babel-russian/russianb.ldf
Language: russian 2017/08/12 1.3j Russian support for the Babel system


Package babel Warning: No Cyrillic font encoding has been loaded so far.
(babel)                A font encoding should be declared before babel.
(babel)                Default `T2A' encoding will be loaded  on input line 74.


(c:/texlive/2020/texmf-dist/tex/latex/cyrillic/t2aenc.def
File: t2aenc.def 2005/09/27 v1.0i Cyrillic encoding definition file
Now handling font encoding T2A ...
... processing UTF-8 mapping file for font encoding T2A

(c:/texlive/2020/texmf-dist/tex/latex/base/t2aenc.dfu
File: t2aenc.dfu 2019/11/14 v1.2k UTF-8 support for inputenc
   defining Unicode char U+00A4 (decimal 164)
   defining Unicode char U+00A7 (decimal 167)
   defining Unicode char U+00AB (decimal 171)
   defining Unicode char U+00BB (decimal 187)
   defining Unicode char U+0131 (decimal 305)
   defining Unicode char U+0237 (decimal 567)
   defining Unicode char U+0400 (decimal 1024)
   defining Unicode char U+0401 (decimal 1025)
   defining Unicode char U+0402 (decimal 1026)
   defining Unicode char U+0403 (decimal 1027)
   defining Unicode char U+0404 (decimal 1028)
   defining Unicode char U+0405 (decimal 1029)
   defining Unicode char U+0406 (decimal 1030)
   defining Unicode char U+0407 (decimal 1031)
   defining Unicode char U+0408 (decimal 1032)
   defining Unicode char U+0409 (decimal 1033)
   defining Unicode char U+040A (decimal 1034)
   defining Unicode char U+040B (decimal 1035)
   defining Unicode char U+040C (decimal 1036)
   defining Unicode char U+040D (decimal 1037)
   defining Unicode char U+040E (decimal 1038)
   defining Unicode char U+040F (decimal 1039)
   defining Unicode char U+0410 (decimal 1040)
   defining Unicode char U+0411 (decimal 1041)
   defining Unicode char U+0412 (decimal 1042)
   defining Unicode char U+0413 (decimal 1043)
   defining Unicode char U+0414 (decimal 1044)
   defining Unicode char U+0415 (decimal 1045)
   defining Unicode char U+0416 (decimal 1046)
   defining Unicode char U+0417 (decimal 1047)
   defining Unicode char U+0418 (decimal 1048)
   defining Unicode char U+0419 (decimal 1049)
   defining Unicode char U+041A (decimal 1050)
   defining Unicode char U+041B (decimal 1051)
   defining Unicode char U+041C (decimal 1052)
   defining Unicode char U+041D (decimal 1053)
   defining Unicode char U+041E (decimal 1054)
   defining Unicode char U+041F (decimal 1055)
   defining Unicode char U+0420 (decimal 1056)
   defining Unicode char U+0421 (decimal 1057)
   defining Unicode char U+0422 (decimal 1058)
   defining Unicode char U+0423 (decimal 1059)
   defining Unicode char U+0424 (decimal 1060)
   defining Unicode char U+0425 (decimal 1061)
   defining Unicode char U+0426 (decimal 1062)
   defining Unicode char U+0427 (decimal 1063)
   defining Unicode char U+0428 (decimal 1064)
   defining Unicode char U+0429 (decimal 1065)
   defining Unicode char U+042A (decimal 1066)
   defining Unicode char U+042B (decimal 1067)
   defining Unicode char U+042C (decimal 1068)
   defining Unicode char U+042D (decimal 1069)
   defining Unicode char U+042E (decimal 1070)
   defining Unicode char U+042F (decimal 1071)
   defining Unicode char U+0430 (decimal 1072)
   defining Unicode char U+0431 (decimal 1073)
   defining Unicode char U+0432 (decimal 1074)
   defining Unicode char U+0433 (decimal 1075)
   defining Unicode char U+0434 (decimal 1076)
   defining Unicode char U+0435 (decimal 1077)
   defining Unicode char U+0436 (decimal 1078)
   defining Unicode char U+0437 (decimal 1079)
   defining Unicode char U+0438 (decimal 1080)
   defining Unicode char U+0439 (decimal 1081)
   defining Unicode char U+043A (decimal 1082)
   defining Unicode char U+043B (decimal 1083)
   defining Unicode char U+043C (decimal 1084)
   defining Unicode char U+043D (decimal 1085)
   defining Unicode char U+043E (decimal 1086)
   defining Unicode char U+043F (decimal 1087)
   defining Unicode char U+0440 (decimal 1088)
   defining Unicode char U+0441 (decimal 1089)
   defining Unicode char U+0442 (decimal 1090)
   defining Unicode char U+0443 (decimal 1091)
   defining Unicode char U+0444 (decimal 1092)
   defining Unicode char U+0445 (decimal 1093)
   defining Unicode char U+0446 (decimal 1094)
   defining Unicode char U+0447 (decimal 1095)
   defining Unicode char U+0448 (decimal 1096)
   defining Unicode char U+0449 (decimal 1097)
   defining Unicode char U+044A (decimal 1098)
   defining Unicode char U+044B (decimal 1099)
   defining Unicode char U+044C (decimal 1100)
   defining Unicode char U+044D (decimal 1101)
   defining Unicode char U+044E (decimal 1102)
   defining Unicode char U+044F (decimal 1103)
   defining Unicode char U+0450 (decimal 1104)
   defining Unicode char U+0451 (decimal 1105)
   defining Unicode char U+0452 (decimal 1106)
   defining Unicode char U+0453 (decimal 1107)
   defining Unicode char U+0454 (decimal 1108)
   defining Unicode char U+0455 (decimal 1109)
   defining Unicode char U+0456 (decimal 1110)
   defining Unicode char U+0457 (decimal 1111)
   defining Unicode char U+0458 (decimal 1112)
   defining Unicode char U+0459 (decimal 1113)
   defining Unicode char U+045A (decimal 1114)
   defining Unicode char U+045B (decimal 1115)
   defining Unicode char U+045C (decimal 1116)
   defining Unicode char U+045D (decimal 1117)
   defining Unicode char U+045E (decimal 1118)
   defining Unicode char U+045F (decimal 1119)
   defining Unicode char U+0490 (decimal 1168)
   defining Unicode char U+0491 (decimal 1169)
   defining Unicode char U+0492 (decimal 1170)
   defining Unicode char U+0493 (decimal 1171)
   defining Unicode char U+0496 (decimal 1174)
   defining Unicode char U+0497 (decimal 1175)
   defining Unicode char U+0498 (decimal 1176)
   defining Unicode char U+0499 (decimal 1177)
   defining Unicode char U+049A (decimal 1178)
   defining Unicode char U+049B (decimal 1179)
   defining Unicode char U+049C (decimal 1180)
   defining Unicode char U+049D (decimal 1181)
   defining Unicode char U+04A0 (decimal 1184)
   defining Unicode char U+04A1 (decimal 1185)
   defining Unicode char U+04A2 (decimal 1186)
   defining Unicode char U+04A3 (decimal 1187)
   defining Unicode char U+04A4 (decimal 1188)
   defining Unicode char U+04A5 (decimal 1189)
   defining Unicode char U+04AA (decimal 1194)
   defining Unicode char U+04AB (decimal 1195)
   defining Unicode char U+04AE (decimal 1198)
   defining Unicode char U+04AF (decimal 1199)
   defining Unicode char U+04B0 (decimal 1200)
   defining Unicode char U+04B1 (decimal 1201)
   defining Unicode char U+04B2 (decimal 1202)
   defining Unicode char U+04B3 (decimal 1203)
   defining Unicode char U+04B6 (decimal 1206)
   defining Unicode char U+04B7 (decimal 1207)
   defining Unicode char U+04B8 (decimal 1208)
   defining Unicode char U+04B9 (decimal 1209)
   defining Unicode char U+04BA (decimal 1210)
   defining Unicode char U+04BB (decimal 1211)
   defining Unicode char U+04C0 (decimal 1216)
   defining Unicode char U+04C1 (decimal 1217)
   defining Unicode char U+04C2 (decimal 1218)
   defining Unicode char U+04D0 (decimal 1232)
   defining Unicode char U+04D1 (decimal 1233)
   defining Unicode char U+04D2 (decimal 1234)
   defining Unicode char U+04D3 (decimal 1235)
   defining Unicode char U+04D4 (decimal 1236)
   defining Unicode char U+04D5 (decimal 1237)
   defining Unicode char U+04D6 (decimal 1238)
   defining Unicode char U+04D7 (decimal 1239)
   defining Unicode char U+04D8 (decimal 1240)
   defining Unicode char U+04D9 (decimal 1241)
   defining Unicode char U+04DA (decimal 1242)
   defining Unicode char U+04DB (decimal 1243)
   defining Unicode char U+04DC (decimal 1244)
   defining Unicode char U+04DD (decimal 1245)
   defining Unicode char U+04DE (decimal 1246)
   defining Unicode char U+04DF (decimal 1247)
   defining Unicode char U+04E2 (decimal 1250)
   defining Unicode char U+04E3 (decimal 1251)
   defining Unicode char U+04E4 (decimal 1252)
   defining Unicode char U+04E5 (decimal 1253)
   defining Unicode char U+04E6 (decimal 1254)
   defining Unicode char U+04E7 (decimal 1255)
   defining Unicode char U+04E8 (decimal 1256)
   defining Unicode char U+04E9 (decimal 1257)
   defining Unicode char U+04EC (decimal 1260)
   defining Unicode char U+04ED (decimal 1261)
   defining Unicode char U+04EE (decimal 1262)
   defining Unicode char U+04EF (decimal 1263)
   defining Unicode char U+04F0 (decimal 1264)
   defining Unicode char U+04F1 (decimal 1265)
   defining Unicode char U+04F2 (decimal 1266)
   defining Unicode char U+04F3 (decimal 1267)
   defining Unicode char U+04F4 (decimal 1268)
   defining Unicode char U+04F5 (decimal 1269)
   defining Unicode char U+04F8 (decimal 1272)
   defining Unicode char U+04F9 (decimal 1273)
   defining Unicode char U+200C (decimal 8204)
   defining Unicode char U+2013 (decimal 8211)
   defining Unicode char U+2014 (decimal 8212)
   defining Unicode char U+2018 (decimal 8216)
   defining Unicode char U+2019 (decimal 8217)
   defining Unicode char U+201C (decimal 8220)
   defining Unicode char U+201D (decimal 8221)
   defining Unicode char U+201E (decimal 8222)
   defining Unicode char U+2030 (decimal 8240)
   defining Unicode char U+2031 (decimal 8241)
   defining Unicode char U+2116 (decimal 8470)
   defining Unicode char U+2329 (decimal 9001)
   defining Unicode char U+232A (decimal 9002)
   defining Unicode char U+2423 (decimal 9251)
   defining Unicode char U+27E8 (decimal 10216)
   defining Unicode char U+27E9 (decimal 10217)
   defining Unicode char U+FB00 (decimal 64256)
   defining Unicode char U+FB01 (decimal 64257)
   defining Unicode char U+FB02 (decimal 64258)
   defining Unicode char U+FB03 (decimal 64259)
   defining Unicode char U+FB04 (decimal 64260)
   defining Unicode char U+FB05 (decimal 64261)
   defining Unicode char U+FB06 (decimal 64262)
))
Package babel Info: Making " an active character on input line 120.
Package babel Info: Default for \cyrdash is provided on input line 157.
))
(c:/texlive/2020/texmf-dist/tex/latex/tools/indentfirst.sty
Package: indentfirst 1995/11/23 v1.03 Indent first paragraph (DPC)
)
(c:/texlive/2020/texmf-dist/tex/latex/amsmath/amsmath.sty
Package: amsmath 2020/01/20 v2.17e AMS math features
\@mathmargin=\skip49

For additional information on amsmath, use the `?' option.
(c:/texlive/2020/texmf-dist/tex/latex/amsmath/amstext.sty
Package: amstext 2000/06/29 v2.01 AMS text

(c:/texlive/2020/texmf-dist/tex/latex/amsmath/amsgen.sty
File: amsgen.sty 1999/11/30 v2.0 generic functions
\@emptytoks=\toks19
\ex@=\dimen144
))
(c:/texlive/2020/texmf-dist/tex/latex/amsmath/amsbsy.sty
Package: amsbsy 1999/11/29 v1.2d Bold Symbols
\pmbraise@=\dimen145
)
(c:/texlive/2020/texmf-dist/tex/latex/amsmath/amsopn.sty
Package: amsopn 2016/03/08 v2.02 operator names
)
\inf@bad=\count181
LaTeX Info: Redefining \frac on input line 227.
\uproot@=\count182
\leftroot@=\count183
LaTeX Info: Redefining \overline on input line 389.
\classnum@=\count184
\DOTSCASE@=\count185
LaTeX Info: Redefining \ldots on input line 486.
LaTeX Info: Redefining \dots on input line 489.
LaTeX Info: Redefining \cdots on input line 610.
\Mathstrutbox@=\box45
\strutbox@=\box46
\big@size=\dimen146
LaTeX Font Info:    Redeclaring font encoding OML on input line 733.
LaTeX Font Info:    Redeclaring font encoding OMS on input line 734.
\macc@depth=\count186
\c@MaxMatrixCols=\count187
\dotsspace@=\muskip16
\c@parentequation=\count188
\dspbrk@lvl=\count189
\tag@help=\toks20
\row@=\count190
\column@=\count191
\maxfields@=\count192
\andhelp@=\toks21
\eqnshift@=\dimen147
\alignsep@=\dimen148
\tagshift@=\dimen149
\tagwidth@=\dimen150
\totwidth@=\dimen151
\lineht@=\dimen152
\@envbody=\toks22
\multlinegap=\skip50
\multlinetaggap=\skip51
\mathdisplay@stack=\toks23
LaTeX Info: Redefining \[ on input line 2859.
LaTeX Info: Redefining \] on input line 2860.
)
(c:/texlive/2020/texmf-dist/tex/latex/amsfonts/amssymb.sty
Package: amssymb 2013/01/14 v3.01 AMS font symbols

(c:/texlive/2020/texmf-dist/tex/latex/amsfonts/amsfonts.sty
Package: amsfonts 2013/01/14 v3.01 Basic AMSFonts support
\symAMSa=\mathgroup4
\symAMSb=\mathgroup5
LaTeX Font Info:    Redeclaring math symbol \hbar on input line 98.
LaTeX Font Info:    Overwriting math alphabet `\mathfrak' in version `bold'
(Font)                  U/euf/m/n --> U/euf/b/n on input line 106.
))
(c:/texlive/2020/texmf-dist/tex/latex/amscls/amsthm.sty
Package: amsthm 2017/10/31 v2.20.4
\thm@style=\toks24
\thm@bodyfont=\toks25
\thm@headfont=\toks26
\thm@notefont=\toks27
\thm@headpunct=\toks28
\thm@preskip=\skip52
\thm@postskip=\skip53
\thm@headsep=\skip54
\dth@everypar=\toks29
)
(c:/texlive/2020/texmf-dist/tex/latex/was/gensymb.sty
Package: gensymb 2003/07/02 v1.0 (WaS)
)
(c:/texlive/2020/texmf-dist/tex/latex/jknapltx/mathrsfs.sty
Package: mathrsfs 1996/01/01 Math RSFS package v1.0 (jk)
\symrsfs=\mathgroup6
)
(c:/texlive/2020/texmf-dist/tex/latex/tools/bm.sty
Package: bm 2019/07/24 v1.2d Bold Symbol Support (DPC/FMi)
\symboldoperators=\mathgroup7
\symboldletters=\mathgroup8
\symboldsymbols=\mathgroup9
LaTeX Font Info:    Redeclaring math alphabet \mathbf on input line 141.
LaTeX Info: Redefining \bm on input line 209.
)
(c:/texlive/2020/texmf-dist/tex/latex/bigfoot/perpage.sty
Package: perpage 2014/10/25 2.0 Reset/sort counters per page
\c@abspage=\count193
)
(c:/texlive/2020/texmf-dist/tex/latex/enumitem/enumitem.sty
Package: enumitem 2019/06/20 v3.9 Customized lists
\labelindent=\skip55
\enit@outerparindent=\dimen153
\enit@toks=\toks30
\enit@inbox=\box47
\enit@count@id=\count194
\enitdp@description=\count195
)
(c:/texlive/2020/texmf-dist/tex/latex/hyperref/hyperref.sty
Package: hyperref 2020/01/14 v7.00d Hypertext links for LaTeX

(c:/texlive/2020/texmf-dist/tex/generic/ltxcmds/ltxcmds.sty
Package: ltxcmds 2019/12/15 v1.24 LaTeX kernel commands for general use (HO)
)
(c:/texlive/2020/texmf-dist/tex/latex/pdftexcmds/pdftexcmds.sty
Package: pdftexcmds 2019/11/24 v0.31 Utility functions of pdfTeX for LuaTeX (HO
)

(c:/texlive/2020/texmf-dist/tex/generic/infwarerr/infwarerr.sty
Package: infwarerr 2019/12/03 v1.5 Providing info/warning/error messages (HO)
)
Package pdftexcmds Info: \pdf@primitive is available.
Package pdftexcmds Info: \pdf@ifprimitive is available.
Package pdftexcmds Info: \pdfdraftmode found.
)
(c:/texlive/2020/texmf-dist/tex/generic/kvsetkeys/kvsetkeys.sty
Package: kvsetkeys 2019/12/15 v1.18 Key value parser (HO)
)
(c:/texlive/2020/texmf-dist/tex/generic/kvdefinekeys/kvdefinekeys.sty
Package: kvdefinekeys 2019-12-19 v1.6 Define keys (HO)
)
(c:/texlive/2020/texmf-dist/tex/generic/pdfescape/pdfescape.sty
Package: pdfescape 2019/12/09 v1.15 Implements pdfTeX's escape features (HO)
)
(c:/texlive/2020/texmf-dist/tex/latex/hycolor/hycolor.sty
Package: hycolor 2020-01-27 v1.10 Color options for hyperref/bookmark (HO)
)
(c:/texlive/2020/texmf-dist/tex/latex/letltxmacro/letltxmacro.sty
Package: letltxmacro 2019/12/03 v1.6 Let assignment for LaTeX macros (HO)
)
(c:/texlive/2020/texmf-dist/tex/latex/auxhook/auxhook.sty
Package: auxhook 2019-12-17 v1.6 Hooks for auxiliary files (HO)
)
(c:/texlive/2020/texmf-dist/tex/latex/kvoptions/kvoptions.sty
Package: kvoptions 2019/11/29 v3.13 Key value format for package options (HO)
)
\@linkdim=\dimen154
\Hy@linkcounter=\count196
\Hy@pagecounter=\count197

(c:/texlive/2020/texmf-dist/tex/latex/hyperref/pd1enc.def
File: pd1enc.def 2020/01/14 v7.00d Hyperref: PDFDocEncoding definition (HO)
Now handling font encoding PD1 ...
... no UTF-8 mapping file for font encoding PD1
)
(c:/texlive/2020/texmf-dist/tex/generic/intcalc/intcalc.sty
Package: intcalc 2019/12/15 v1.3 Expandable calculations with integers (HO)
)
(c:/texlive/2020/texmf-dist/tex/generic/etexcmds/etexcmds.sty
Package: etexcmds 2019/12/15 v1.7 Avoid name clashes with e-TeX commands (HO)
)
\Hy@SavedSpaceFactor=\count198
Package hyperref Info: Option `unicode' set `true' on input line 3502.

(c:/texlive/2020/texmf-dist/tex/latex/hyperref/puenc.def
File: puenc.def 2020/01/14 v7.00d Hyperref: PDF Unicode definition (HO)
Now handling font encoding PU ...
... no UTF-8 mapping file for font encoding PU
)
Package hyperref Info: Option `unicode' set `true' on input line 4421.
Package hyperref Info: Option `colorlinks' set `true' on input line 4421.
Package hyperref Info: Hyper figures OFF on input line 4547.
Package hyperref Info: Link nesting OFF on input line 4552.
Package hyperref Info: Hyper index ON on input line 4555.
Package hyperref Info: Plain pages OFF on input line 4562.
Package hyperref Info: Backreferencing OFF on input line 4567.
Package hyperref Info: Implicit mode ON; LaTeX internals redefined.
Package hyperref Info: Bookmarks ON on input line 4800.
\c@Hy@tempcnt=\count199

(c:/texlive/2020/texmf-dist/tex/latex/url/url.sty
\Urlmuskip=\muskip17
Package: url 2013/09/16  ver 3.4  Verb mode for urls, etc.
)
LaTeX Info: Redefining \url on input line 5159.
\XeTeXLinkMargin=\dimen155

(c:/texlive/2020/texmf-dist/tex/generic/bitset/bitset.sty
Package: bitset 2019/12/09 v1.3 Handle bit-vector datatype (HO)

(c:/texlive/2020/texmf-dist/tex/generic/bigintcalc/bigintcalc.sty
Package: bigintcalc 2019/12/15 v1.5 Expandable calculations on big integers (HO
)
))
\Fld@menulength=\count266
\Field@Width=\dimen156
\Fld@charsize=\dimen157
Package hyperref Info: Hyper figures OFF on input line 6430.
Package hyperref Info: Link nesting OFF on input line 6435.
Package hyperref Info: Hyper index ON on input line 6438.
Package hyperref Info: backreferencing OFF on input line 6445.
Package hyperref Info: Link coloring ON on input line 6448.
Package hyperref Info: Link coloring with OCG OFF on input line 6455.
Package hyperref Info: PDF/A mode OFF on input line 6460.
LaTeX Info: Redefining \ref on input line 6500.
LaTeX Info: Redefining \pageref on input line 6504.

(c:/texlive/2020/texmf-dist/tex/generic/atbegshi/atbegshi.sty
Package: atbegshi 2019/12/05 v1.19 At begin shipout hook (HO)
)
\Hy@abspage=\count267
\c@Item=\count268
\c@Hfootnote=\count269
)
Package hyperref Info: Driver (autodetected): hpdftex.

(c:/texlive/2020/texmf-dist/tex/latex/hyperref/hpdftex.def
File: hpdftex.def 2020/01/14 v7.00d Hyperref driver for pdfTeX

(c:/texlive/2020/texmf-dist/tex/latex/atveryend/atveryend.sty
Package: atveryend 2019-12-11 v1.11 Hooks at the very end of document (HO)
Package atveryend Info: \enddocument detected (standard20110627).
)
\Fld@listcount=\count270
\c@bookmark@seq@number=\count271

(c:/texlive/2020/texmf-dist/tex/latex/rerunfilecheck/rerunfilecheck.sty
Package: rerunfilecheck 2019/12/05 v1.9 Rerun checks for auxiliary files (HO)

(c:/texlive/2020/texmf-dist/tex/generic/uniquecounter/uniquecounter.sty
Package: uniquecounter 2019/12/15 v1.4 Provide unlimited unique counter (HO)
)
Package uniquecounter Info: New unique counter `rerunfilecheck' on input line 2
86.
)
\Hy@SectionHShift=\skip56
)
(c:/texlive/2020/texmf-dist/tex/latex/pgf/frontendlayer/tikz.sty
(c:/texlive/2020/texmf-dist/tex/latex/pgf/basiclayer/pgf.sty
(c:/texlive/2020/texmf-dist/tex/latex/pgf/utilities/pgfrcs.sty
(c:/texlive/2020/texmf-dist/tex/generic/pgf/utilities/pgfutil-common.tex
\pgfutil@everybye=\toks31
\pgfutil@tempdima=\dimen158
\pgfutil@tempdimb=\dimen159

(c:/texlive/2020/texmf-dist/tex/generic/pgf/utilities/pgfutil-common-lists.tex)
) (c:/texlive/2020/texmf-dist/tex/generic/pgf/utilities/pgfutil-latex.def
\pgfutil@abb=\box48

(c:/texlive/2020/texmf-dist/tex/latex/ms/everyshi.sty
Package: everyshi 2001/05/15 v3.00 EveryShipout Package (MS)
))
(c:/texlive/2020/texmf-dist/tex/generic/pgf/utilities/pgfrcs.code.tex
(c:/texlive/2020/texmf-dist/tex/generic/pgf/pgf.revision.tex)
Package: pgfrcs 2020/01/08 v3.1.5b (3.1.5b)
))
Package: pgf 2020/01/08 v3.1.5b (3.1.5b)

(c:/texlive/2020/texmf-dist/tex/latex/pgf/basiclayer/pgfcore.sty
(c:/texlive/2020/texmf-dist/tex/latex/graphics/graphicx.sty
Package: graphicx 2019/11/30 v1.2a Enhanced LaTeX Graphics (DPC,SPQR)

(c:/texlive/2020/texmf-dist/tex/latex/graphics/graphics.sty
Package: graphics 2019/11/30 v1.4a Standard LaTeX Graphics (DPC,SPQR)

(c:/texlive/2020/texmf-dist/tex/latex/graphics/trig.sty
Package: trig 2016/01/03 v1.10 sin cos tan (DPC)
)
(c:/texlive/2020/texmf-dist/tex/latex/graphics-cfg/graphics.cfg
File: graphics.cfg 2016/06/04 v1.11 sample graphics configuration
)
Package graphics Info: Driver file: pdftex.def on input line 105.

(c:/texlive/2020/texmf-dist/tex/latex/graphics-def/pdftex.def
File: pdftex.def 2018/01/08 v1.0l Graphics/color driver for pdftex
))
\Gin@req@height=\dimen160
\Gin@req@width=\dimen161
)
(c:/texlive/2020/texmf-dist/tex/latex/pgf/systemlayer/pgfsys.sty
(c:/texlive/2020/texmf-dist/tex/generic/pgf/systemlayer/pgfsys.code.tex
Package: pgfsys 2020/01/08 v3.1.5b (3.1.5b)

(c:/texlive/2020/texmf-dist/tex/generic/pgf/utilities/pgfkeys.code.tex
\pgfkeys@pathtoks=\toks32
\pgfkeys@temptoks=\toks33

(c:/texlive/2020/texmf-dist/tex/generic/pgf/utilities/pgfkeysfiltered.code.tex
\pgfkeys@tmptoks=\toks34
))
\pgf@x=\dimen162
\pgf@y=\dimen163
\pgf@xa=\dimen164
\pgf@ya=\dimen165
\pgf@xb=\dimen166
\pgf@yb=\dimen167
\pgf@xc=\dimen168
\pgf@yc=\dimen169
\pgf@xd=\dimen170
\pgf@yd=\dimen171
\w@pgf@writea=\write3
\r@pgf@reada=\read3
\c@pgf@counta=\count272
\c@pgf@countb=\count273
\c@pgf@countc=\count274
\c@pgf@countd=\count275
\t@pgf@toka=\toks35
\t@pgf@tokb=\toks36
\t@pgf@tokc=\toks37
\pgf@sys@id@count=\count276
 (c:/texlive/2020/texmf-dist/tex/generic/pgf/systemlayer/pgf.cfg
File: pgf.cfg 2020/01/08 v3.1.5b (3.1.5b)
)
Driver file for pgf: pgfsys-pdftex.def

(c:/texlive/2020/texmf-dist/tex/generic/pgf/systemlayer/pgfsys-pdftex.def
File: pgfsys-pdftex.def 2020/01/08 v3.1.5b (3.1.5b)

(c:/texlive/2020/texmf-dist/tex/generic/pgf/systemlayer/pgfsys-common-pdf.def
File: pgfsys-common-pdf.def 2020/01/08 v3.1.5b (3.1.5b)
)))
(c:/texlive/2020/texmf-dist/tex/generic/pgf/systemlayer/pgfsyssoftpath.code.tex
File: pgfsyssoftpath.code.tex 2020/01/08 v3.1.5b (3.1.5b)
\pgfsyssoftpath@smallbuffer@items=\count277
\pgfsyssoftpath@bigbuffer@items=\count278
)
(c:/texlive/2020/texmf-dist/tex/generic/pgf/systemlayer/pgfsysprotocol.code.tex
File: pgfsysprotocol.code.tex 2020/01/08 v3.1.5b (3.1.5b)
)) (c:/texlive/2020/texmf-dist/tex/latex/xcolor/xcolor.sty
Package: xcolor 2016/05/11 v2.12 LaTeX color extensions (UK)

(c:/texlive/2020/texmf-dist/tex/latex/graphics-cfg/color.cfg
File: color.cfg 2016/01/02 v1.6 sample color configuration
)
Package xcolor Info: Driver file: pdftex.def on input line 225.
Package xcolor Info: Model `cmy' substituted by `cmy0' on input line 1348.
Package xcolor Info: Model `hsb' substituted by `rgb' on input line 1352.
Package xcolor Info: Model `RGB' extended on input line 1364.
Package xcolor Info: Model `HTML' substituted by `rgb' on input line 1366.
Package xcolor Info: Model `Hsb' substituted by `hsb' on input line 1367.
Package xcolor Info: Model `tHsb' substituted by `hsb' on input line 1368.
Package xcolor Info: Model `HSB' substituted by `hsb' on input line 1369.
Package xcolor Info: Model `Gray' substituted by `gray' on input line 1370.
Package xcolor Info: Model `wave' substituted by `hsb' on input line 1371.
)
(c:/texlive/2020/texmf-dist/tex/generic/pgf/basiclayer/pgfcore.code.tex
Package: pgfcore 2020/01/08 v3.1.5b (3.1.5b)

(c:/texlive/2020/texmf-dist/tex/generic/pgf/math/pgfmath.code.tex
(c:/texlive/2020/texmf-dist/tex/generic/pgf/math/pgfmathcalc.code.tex
(c:/texlive/2020/texmf-dist/tex/generic/pgf/math/pgfmathutil.code.tex)
(c:/texlive/2020/texmf-dist/tex/generic/pgf/math/pgfmathparser.code.tex
\pgfmath@dimen=\dimen172
\pgfmath@count=\count279
\pgfmath@box=\box49
\pgfmath@toks=\toks38
\pgfmath@stack@operand=\toks39
\pgfmath@stack@operation=\toks40
)
(c:/texlive/2020/texmf-dist/tex/generic/pgf/math/pgfmathfunctions.code.tex
(c:/texlive/2020/texmf-dist/tex/generic/pgf/math/pgfmathfunctions.basic.code.te
x)
(c:/texlive/2020/texmf-dist/tex/generic/pgf/math/pgfmathfunctions.trigonometric
.code.tex)
(c:/texlive/2020/texmf-dist/tex/generic/pgf/math/pgfmathfunctions.random.code.t
ex)
(c:/texlive/2020/texmf-dist/tex/generic/pgf/math/pgfmathfunctions.comparison.co
de.tex)
(c:/texlive/2020/texmf-dist/tex/generic/pgf/math/pgfmathfunctions.base.code.tex
)
(c:/texlive/2020/texmf-dist/tex/generic/pgf/math/pgfmathfunctions.round.code.te
x)
(c:/texlive/2020/texmf-dist/tex/generic/pgf/math/pgfmathfunctions.misc.code.tex
)
(c:/texlive/2020/texmf-dist/tex/generic/pgf/math/pgfmathfunctions.integerarithm
etics.code.tex)))
(c:/texlive/2020/texmf-dist/tex/generic/pgf/math/pgfmathfloat.code.tex
\c@pgfmathroundto@lastzeros=\count280
))
(c:/texlive/2020/texmf-dist/tex/generic/pgf/math/pgfint.code.tex)
(c:/texlive/2020/texmf-dist/tex/generic/pgf/basiclayer/pgfcorepoints.code.tex
File: pgfcorepoints.code.tex 2020/01/08 v3.1.5b (3.1.5b)
\pgf@picminx=\dimen173
\pgf@picmaxx=\dimen174
\pgf@picminy=\dimen175
\pgf@picmaxy=\dimen176
\pgf@pathminx=\dimen177
\pgf@pathmaxx=\dimen178
\pgf@pathminy=\dimen179
\pgf@pathmaxy=\dimen180
\pgf@xx=\dimen181
\pgf@xy=\dimen182
\pgf@yx=\dimen183
\pgf@yy=\dimen184
\pgf@zx=\dimen185
\pgf@zy=\dimen186
)
(c:/texlive/2020/texmf-dist/tex/generic/pgf/basiclayer/pgfcorepathconstruct.cod
e.tex
File: pgfcorepathconstruct.code.tex 2020/01/08 v3.1.5b (3.1.5b)
\pgf@path@lastx=\dimen187
\pgf@path@lasty=\dimen188
)
(c:/texlive/2020/texmf-dist/tex/generic/pgf/basiclayer/pgfcorepathusage.code.te
x
File: pgfcorepathusage.code.tex 2020/01/08 v3.1.5b (3.1.5b)
\pgf@shorten@end@additional=\dimen189
\pgf@shorten@start@additional=\dimen190
)
(c:/texlive/2020/texmf-dist/tex/generic/pgf/basiclayer/pgfcorescopes.code.tex
File: pgfcorescopes.code.tex 2020/01/08 v3.1.5b (3.1.5b)
\pgfpic=\box50
\pgf@hbox=\box51
\pgf@layerbox@main=\box52
\pgf@picture@serial@count=\count281
)
(c:/texlive/2020/texmf-dist/tex/generic/pgf/basiclayer/pgfcoregraphicstate.code
.tex
File: pgfcoregraphicstate.code.tex 2020/01/08 v3.1.5b (3.1.5b)
\pgflinewidth=\dimen191
)
(c:/texlive/2020/texmf-dist/tex/generic/pgf/basiclayer/pgfcoretransformations.c
ode.tex
File: pgfcoretransformations.code.tex 2020/01/08 v3.1.5b (3.1.5b)
\pgf@pt@x=\dimen192
\pgf@pt@y=\dimen193
\pgf@pt@temp=\dimen194
)
(c:/texlive/2020/texmf-dist/tex/generic/pgf/basiclayer/pgfcorequick.code.tex
File: pgfcorequick.code.tex 2020/01/08 v3.1.5b (3.1.5b)
)
(c:/texlive/2020/texmf-dist/tex/generic/pgf/basiclayer/pgfcoreobjects.code.tex
File: pgfcoreobjects.code.tex 2020/01/08 v3.1.5b (3.1.5b)
)
(c:/texlive/2020/texmf-dist/tex/generic/pgf/basiclayer/pgfcorepathprocessing.co
de.tex
File: pgfcorepathprocessing.code.tex 2020/01/08 v3.1.5b (3.1.5b)
)
(c:/texlive/2020/texmf-dist/tex/generic/pgf/basiclayer/pgfcorearrows.code.tex
File: pgfcorearrows.code.tex 2020/01/08 v3.1.5b (3.1.5b)
\pgfarrowsep=\dimen195
)
(c:/texlive/2020/texmf-dist/tex/generic/pgf/basiclayer/pgfcoreshade.code.tex
File: pgfcoreshade.code.tex 2020/01/08 v3.1.5b (3.1.5b)
\pgf@max=\dimen196
\pgf@sys@shading@range@num=\count282
\pgf@shadingcount=\count283
)
(c:/texlive/2020/texmf-dist/tex/generic/pgf/basiclayer/pgfcoreimage.code.tex
File: pgfcoreimage.code.tex 2020/01/08 v3.1.5b (3.1.5b)

(c:/texlive/2020/texmf-dist/tex/generic/pgf/basiclayer/pgfcoreexternal.code.tex
File: pgfcoreexternal.code.tex 2020/01/08 v3.1.5b (3.1.5b)
\pgfexternal@startupbox=\box53
))
(c:/texlive/2020/texmf-dist/tex/generic/pgf/basiclayer/pgfcorelayers.code.tex
File: pgfcorelayers.code.tex 2020/01/08 v3.1.5b (3.1.5b)
)
(c:/texlive/2020/texmf-dist/tex/generic/pgf/basiclayer/pgfcoretransparency.code
.tex
File: pgfcoretransparency.code.tex 2020/01/08 v3.1.5b (3.1.5b)
)
(c:/texlive/2020/texmf-dist/tex/generic/pgf/basiclayer/pgfcorepatterns.code.tex
File: pgfcorepatterns.code.tex 2020/01/08 v3.1.5b (3.1.5b)
) (c:/texlive/2020/texmf-dist/tex/generic/pgf/basiclayer/pgfcorerdf.code.tex
File: pgfcorerdf.code.tex 2020/01/08 v3.1.5b (3.1.5b)
))) (c:/texlive/2020/texmf-dist/tex/generic/pgf/modules/pgfmoduleshapes.code.te
x
File: pgfmoduleshapes.code.tex 2020/01/08 v3.1.5b (3.1.5b)
\pgfnodeparttextbox=\box54
)
(c:/texlive/2020/texmf-dist/tex/generic/pgf/modules/pgfmoduleplot.code.tex
File: pgfmoduleplot.code.tex 2020/01/08 v3.1.5b (3.1.5b)
)
(c:/texlive/2020/texmf-dist/tex/latex/pgf/compatibility/pgfcomp-version-0-65.st
y
Package: pgfcomp-version-0-65 2020/01/08 v3.1.5b (3.1.5b)
\pgf@nodesepstart=\dimen197
\pgf@nodesepend=\dimen198
)
(c:/texlive/2020/texmf-dist/tex/latex/pgf/compatibility/pgfcomp-version-1-18.st
y
Package: pgfcomp-version-1-18 2020/01/08 v3.1.5b (3.1.5b)
)) (c:/texlive/2020/texmf-dist/tex/latex/pgf/utilities/pgffor.sty
(c:/texlive/2020/texmf-dist/tex/latex/pgf/utilities/pgfkeys.sty
(c:/texlive/2020/texmf-dist/tex/generic/pgf/utilities/pgfkeys.code.tex))
(c:/texlive/2020/texmf-dist/tex/latex/pgf/math/pgfmath.sty
(c:/texlive/2020/texmf-dist/tex/generic/pgf/math/pgfmath.code.tex))
(c:/texlive/2020/texmf-dist/tex/generic/pgf/utilities/pgffor.code.tex
Package: pgffor 2020/01/08 v3.1.5b (3.1.5b)

(c:/texlive/2020/texmf-dist/tex/generic/pgf/math/pgfmath.code.tex)
\pgffor@iter=\dimen199
\pgffor@skip=\dimen256
\pgffor@stack=\toks41
\pgffor@toks=\toks42
))
(c:/texlive/2020/texmf-dist/tex/generic/pgf/frontendlayer/tikz/tikz.code.tex
Package: tikz 2020/01/08 v3.1.5b (3.1.5b)

(c:/texlive/2020/texmf-dist/tex/generic/pgf/libraries/pgflibraryplothandlers.co
de.tex
File: pgflibraryplothandlers.code.tex 2020/01/08 v3.1.5b (3.1.5b)
\pgf@plot@mark@count=\count284
\pgfplotmarksize=\dimen257
)
\tikz@lastx=\dimen258
\tikz@lasty=\dimen259
\tikz@lastxsaved=\dimen260
\tikz@lastysaved=\dimen261
\tikz@lastmovetox=\dimen262
\tikz@lastmovetoy=\dimen263
\tikzleveldistance=\dimen264
\tikzsiblingdistance=\dimen265
\tikz@figbox=\box55
\tikz@figbox@bg=\box56
\tikz@tempbox=\box57
\tikz@tempbox@bg=\box58
\tikztreelevel=\count285
\tikznumberofchildren=\count286
\tikznumberofcurrentchild=\count287
\tikz@fig@count=\count288

(c:/texlive/2020/texmf-dist/tex/generic/pgf/modules/pgfmodulematrix.code.tex
File: pgfmodulematrix.code.tex 2020/01/08 v3.1.5b (3.1.5b)
\pgfmatrixcurrentrow=\count289
\pgfmatrixcurrentcolumn=\count290
\pgf@matrix@numberofcolumns=\count291
)
\tikz@expandcount=\count292

(c:/texlive/2020/texmf-dist/tex/generic/pgf/frontendlayer/tikz/libraries/tikzli
brarytopaths.code.tex
File: tikzlibrarytopaths.code.tex 2020/01/08 v3.1.5b (3.1.5b)
)))
(c:/texlive/2020/texmf-dist/tex/latex/tools/tabularx.sty
Package: tabularx 2020/01/15 v2.11c `tabularx' package (DPC)

(c:/texlive/2020/texmf-dist/tex/latex/tools/array.sty
Package: array 2019/08/31 v2.4l Tabular extension package (FMi)
\col@sep=\dimen266
\ar@mcellbox=\box59
\extrarowheight=\dimen267
\NC@list=\toks43
\extratabsurround=\skip57
\backup@length=\skip58
\ar@cellbox=\box60
)
\TX@col@width=\dimen268
\TX@old@table=\dimen269
\TX@old@col=\dimen270
\TX@target=\dimen271
\TX@delta=\dimen272
\TX@cols=\count293
\TX@ftn=\toks44
)
(c:/texlive/2020/texmf-dist/tex/latex/l3packages/xfrac/xfrac.sty
(c:/texlive/2020/texmf-dist/tex/latex/l3kernel/expl3.sty
Package: expl3 2020-04-06 L3 programming layer (loader) 

(c:/texlive/2020/texmf-dist/tex/latex/l3backend/l3backend-pdfmode.def
File: l3backend-pdfmode.def 2020-03-12 L3 backend support: PDF mode
\l__kernel_color_stack_int=\count294
\l__pdf_internal_box=\box61
))
(c:/texlive/2020/texmf-dist/tex/latex/l3packages/l3keys2e/l3keys2e.sty
Package: l3keys2e 2020-03-06 LaTeX2e option processing using LaTeX3 keys
)
(c:/texlive/2020/texmf-dist/tex/latex/base/textcomp.sty
Package: textcomp 2020/02/02 v2.0n Standard LaTeX package
)
(c:/texlive/2020/texmf-dist/tex/latex/l3packages/xparse/xparse.sty
Package: xparse 2020-03-06 L3 Experimental document command parser
\l__xparse_current_arg_int=\count295
\g__xparse_grabber_int=\count296
\l__xparse_m_args_int=\count297
\l__xparse_v_nesting_int=\count298
)
(c:/texlive/2020/texmf-dist/tex/latex/l3packages/xtemplate/xtemplate.sty
Package: xtemplate 2020-03-06 L3 Experimental prototype document functions
\l__xtemplate_tmp_dim=\dimen273
\l__xtemplate_tmp_int=\count299
\l__xtemplate_tmp_muskip=\muskip18
\l__xtemplate_tmp_skip=\skip59
)
Package: xfrac 2020-03-06 L3 Experimental split-level fractions
\l__xfrac_slash_box=\box62
\l__xfrac_tmp_box=\box63
\l__xfrac_denominator_bot_sep_dim=\dimen274
\l__xfrac_numerator_bot_sep_dim=\dimen275
\l__xfrac_numerator_top_sep_dim=\dimen276
\l__xfrac_slash_left_sep_dim=\dimen277
\l__xfrac_slash_right_sep_dim=\dimen278
\l__xfrac_slash_left_muskip=\muskip19
\l__xfrac_slash_right_muskip=\muskip20

Package xtemplate Info: Declaring object type 'xfrac' taking 3 argument(s) on
(xtemplate)             line 80.

)
(c:/texlive/2020/texmf-dist/tex/latex/tocloft/tocloft.sty
Package: tocloft 2017/08/31 v2.3i parameterised ToC, etc., typesetting
Package tocloft Info: The document has chapter divisions on input line 51.
\cftparskip=\skip60
\cftbeforetoctitleskip=\skip61
\cftaftertoctitleskip=\skip62
\cftbeforepartskip=\skip63
\cftpartnumwidth=\skip64
\cftpartindent=\skip65
\cftbeforechapskip=\skip66
\cftchapindent=\skip67
\cftchapnumwidth=\skip68
\cftbeforesecskip=\skip69
\cftsecindent=\skip70
\cftsecnumwidth=\skip71
\cftbeforesubsecskip=\skip72
\cftsubsecindent=\skip73
\cftsubsecnumwidth=\skip74
\cftbeforesubsubsecskip=\skip75
\cftsubsubsecindent=\skip76
\cftsubsubsecnumwidth=\skip77
\cftbeforeparaskip=\skip78
\cftparaindent=\skip79
\cftparanumwidth=\skip80
\cftbeforesubparaskip=\skip81
\cftsubparaindent=\skip82
\cftsubparanumwidth=\skip83
\cftbeforeloftitleskip=\skip84
\cftafterloftitleskip=\skip85
\cftbeforefigskip=\skip86
\cftfigindent=\skip87
\cftfignumwidth=\skip88
\c@lofdepth=\count300
\c@lotdepth=\count301
\cftbeforelottitleskip=\skip89
\cftafterlottitleskip=\skip90
\cftbeforetabskip=\skip91
\cfttabindent=\skip92
\cfttabnumwidth=\skip93
)
(c:/texlive/2020/texmf-dist/tex/latex/titlesec/titlesec.sty
Package: titlesec 2019/10/16 v2.13 Sectioning titles
\ttl@box=\box64
\beforetitleunit=\skip94
\aftertitleunit=\skip95
\ttl@plus=\dimen279
\ttl@minus=\dimen280
\ttl@toksa=\toks45
\titlewidth=\dimen281
\titlewidthlast=\dimen282
\titlewidthfirst=\dimen283
)
\c@_def=\count302
\c@_lemm=\count303
\c@_teor=\count304
\c@pp@a@footnote=\count305
\c@enumerate1i=\count306
\enitdp@enumerate1=\count307
\c@enumerateAi=\count308
\enitdp@enumerateA=\count309
\c@enumerateDi=\count310
\c@enumerateDii=\count311
\enitdp@enumerateD=\count312
\c@enumerateBri=\count313
\enitdp@enumerateBr=\count314
\c@enumerateP1i=\count315
\enitdp@enumerateP1=\count316
\c@enumeratermi=\count317
\enitdp@enumeraterm=\count318
\c@enumerateAii=\count319
\enitdp@enumerateAi=\count320

No auxiliary output files.

(./Р’Р Рё РЈРњР¤ Р»РµРєС†РёРё.aux
LaTeX Font Info:    Trying to load font information for T2A+cmr on input line 2
1.

(c:/texlive/2020/texmf-dist/tex/latex/cyrillic/t2acmr.fd
File: t2acmr.fd 2001/08/11 v1.0a Computer Modern Cyrillic font definitions
)<<t2a.cmap>>)
LaTeX Font Info:    Checking defaults for OML/cmm/m/it on input line 102.
LaTeX Font Info:    ... okay on input line 102.
LaTeX Font Info:    Checking defaults for OMS/cmsy/m/n on input line 102.
LaTeX Font Info:    ... okay on input line 102.
LaTeX Font Info:    Checking defaults for OT1/cmr/m/n on input line 102.
LaTeX Font Info:    ... okay on input line 102.
LaTeX Font Info:    Checking defaults for T1/cmr/m/n on input line 102.
LaTeX Font Info:    ... okay on input line 102.
LaTeX Font Info:    Checking defaults for TS1/cmr/m/n on input line 102.
LaTeX Font Info:    ... okay on input line 102.
LaTeX Font Info:    Checking defaults for OMX/cmex/m/n on input line 102.
LaTeX Font Info:    ... okay on input line 102.
LaTeX Font Info:    Checking defaults for U/cmr/m/n on input line 102.
LaTeX Font Info:    ... okay on input line 102.
LaTeX Font Info:    Checking defaults for T2A/cmr/m/n on input line 102.
LaTeX Font Info:    ... okay on input line 102.
LaTeX Font Info:    Checking defaults for PD1/pdf/m/n on input line 102.
LaTeX Font Info:    ... okay on input line 102.
LaTeX Font Info:    Checking defaults for PU/pdf/m/n on input line 102.
LaTeX Font Info:    ... okay on input line 102.

*geometry* driver: auto-detecting
*geometry* detected driver: pdftex
*geometry* verbose mode - [ preamble ] result:
* driver: pdftex
* paper: a4paper
* layout: <same size as paper>
* layoutoffset:(h,v)=(0.0pt,0.0pt)
* modes: twoside 
* h-part:(L,W,R)=(36.98866pt, 523.53055pt, 36.98866pt)
* v-part:(T,H,B)=(39.83368pt, 768.2245pt, 36.98866pt)
* \paperwidth=597.50787pt
* \paperheight=845.04684pt
* \textwidth=523.53055pt
* \textheight=768.2245pt
* \oddsidemargin=-35.28133pt
* \evensidemargin=-35.28133pt
* \topmargin=-64.3101pt
* \headheight=12.0pt
* \headsep=19.8738pt
* \topskip=12.0pt
* \footskip=30.0pt
* \marginparwidth=88.0pt
* \marginparsep=7.0pt
* \columnsep=10.0pt
* \skip\footins=10.8pt plus 4.0pt minus 2.0pt
* \hoffset=0.0pt
* \voffset=0.0pt
* \mag=1000
* \@twocolumnfalse
* \@twosidetrue
* \@mparswitchtrue
* \@reversemarginfalse
* (1in=72.27pt=25.4mm, 1cm=28.453pt)

\symgns@font=\mathgroup10
LaTeX Font Info:    Overwriting symbol font `gns@font' in version `bold'
(Font)                  TS1/cmr/m/n --> TS1/cmr/b/n on input line 102.
Package gensymb Info: Math companion symbols declared on input line 102.
LaTeX Info: Redefining \degree on input line 102.
LaTeX Info: Redefining \celsius on input line 102.
Package gensymb Info: Using text companion symbols for \degree, \celsius and \p
erthousand on input line 102.
LaTeX Info: Redefining \ohm on input line 102.
Package gensymb Info: Using \textohm for \ohm on input line 102.
Package gensymb Info: Using \textmu for \micro on input line 102.
\AtBeginShipoutBox=\box65
Package hyperref Info: Link coloring ON on input line 102.
(c:/texlive/2020/texmf-dist/tex/latex/hyperref/nameref.sty
Package: nameref 2019/09/16 v2.46 Cross-referencing by name of section

(c:/texlive/2020/texmf-dist/tex/latex/refcount/refcount.sty
Package: refcount 2019/12/15 v3.6 Data extraction from label references (HO)
)
(c:/texlive/2020/texmf-dist/tex/generic/gettitlestring/gettitlestring.sty
Package: gettitlestring 2019/12/15 v1.6 Cleanup title references (HO)
)
\c@section@level=\count321
)
LaTeX Info: Redefining \ref on input line 102.
LaTeX Info: Redefining \pageref on input line 102.
LaTeX Info: Redefining \nameref on input line 102.

(./Р’Р Рё РЈРњР¤ Р»РµРєС†РёРё.out) (./Р’Р Рё РЈРњР¤ Р»РµРєС†РёРё.out)
ABD: EveryShipout initializing macros
(c:/texlive/2020/texmf-dist/tex/context/base/mkii/supp-pdf.mkii
[Loading MPS to PDF converter (version 2006.09.02).]
\scratchcounter=\count322
\scratchdimen=\dimen284
\scratchbox=\box66
\nofMPsegments=\count323
\nofMParguments=\count324
\everyMPshowfont=\toks46
\MPscratchCnt=\count325
\MPscratchDim=\dimen285
\MPnumerator=\count326
\makeMPintoPDFobject=\count327
\everyMPtoPDFconversion=\toks47
) (c:/texlive/2020/texmf-dist/tex/latex/epstopdf-pkg/epstopdf-base.sty
Package: epstopdf-base 2020-01-24 v2.11 Base part for package epstopdf
Package epstopdf-base Info: Redefining graphics rule for `.eps' on input line 4
85.

(c:/texlive/2020/texmf-dist/tex/latex/latexconfig/epstopdf-sys.cfg
File: epstopdf-sys.cfg 2010/07/13 v1.3 Configuration of (r)epstopdf for TeX Liv
e
))<<ot1.cmap>><<oml.cmap>><<oms.cmap>><<omx.cmap>>
LaTeX Font Info:    Trying to load font information for U+msa on input line 114
.

(c:/texlive/2020/texmf-dist/tex/latex/amsfonts/umsa.fd
File: umsa.fd 2013/01/14 v3.01 AMS symbols A
)
LaTeX Font Info:    Trying to load font information for U+msb on input line 114
.

(c:/texlive/2020/texmf-dist/tex/latex/amsfonts/umsb.fd
File: umsb.fd 2013/01/14 v3.01 AMS symbols B
)
LaTeX Font Info:    Trying to load font information for U+rsfs on input line 11
4.

(c:/texlive/2020/texmf-dist/tex/latex/jknapltx/ursfs.fd
File: ursfs.fd 1998/03/24 rsfs font definition file (jk)
) [1


{c:/texlive/2020/texmf-var/fonts/map/pdftex/updmap/pdftex.map}] (./Р’Р Рё РЈРњ
Р¤ Р»РµРєС†РёРё.toc
[2]) [3] [4


] (./lection1.tex
Р›РµРєС†РёСЏ 1.
[5









]
\c@enumerate2i=\count328
\enitdp@enumerate2=\count329
 [6] [7



pdfTeX warning (ext4): destination with the same identifier (name{Hfootnote.2})
 has been already used, duplicate ignored

\AtBegShi@Output ...ipout \box \AtBeginShipoutBox 
                                                  \fi \fi 
l.233 \end{equation*}
                     ] [8




]
Overfull \vbox (1.08989pt too high) has occurred while \output is active []


[9









]pdfTeX warning (ext4): destination with the same identifier (name{equation.1.2
.10}) has been already used, duplicate ignored
<to be read again> 
                   \relax 
l.353 \begin{equation}
                      pdfTeX warning (ext4): destination with the same identifi
er (name{equation.1.2.10}) has been already used, duplicate ignored
<to be read again> 
                   \relax 
l.353 \begin{equation}
                      pdfTeX warning (ext4): destination with the same identifi
er (name{equation.1.2.10}) has been already used, duplicate ignored
<to be read again> 
                   \relax 
l.353 \begin{equation}
                      pdfTeX warning (ext4): destination with the same identifi
er (name{equation.1.2.10}) has been already used, duplicate ignored
<to be read again> 
                   \relax 
l.353 \begin{equation}
                      
Overfull \hbox (3.27614pt too wide) in paragraph at lines 374--375
[]\T2A/cmr/m/n/12 Предположим, что [] вер-но при $\OMS/cmsy/m/n/12 8\OML/cmm/m/
it/12 ^^Q$ \T2A/cmr/m/n/12 и при неко-то-рой функ-
 []


Overfull \hbox (3.45428pt too wide) in paragraph at lines 433--505
[]
 []

[10






] [11


]) (./lection2.tex [12]
Р›РµРєС†РёСЏ 2.

Overfull \hbox (4.84431pt too wide) in paragraph at lines 4--5
\T2A/cmr/m/n/12 На про-шлой лек-ции мы уста-но-ви-ли, что ми-ни-май-зер в за-да
-че на $[]  \OMS/cmsy/m/n/12 J\OT1/cmr/m/n/12 [\OML/cmm/m/it/12 y\OT1/cmr/m/n/1
2 ]$\T2A/cmr/m/n/12 , где $\OMS/cmsy/m/n/12 J\OT1/cmr/m/n/12 [\OML/cmm/m/it/12 
y\OT1/cmr/m/n/12 ] = [] \OML/cmm/m/it/12 F\OT1/cmr/m/n/12 (\OML/cmm/m/it/12 x; 
y; y[]\OT1/cmr/m/n/12 ) \OML/cmm/m/it/12 dx$
 []

[13












]
Overfull \hbox (14.0436pt too wide) in paragraph at lines 89--91
\T2A/cmr/m/n/12 где $\OML/cmm/m/it/12 v\OT1/cmr/m/n/12 (\OML/cmm/m/it/12 x; y; 
z\OT1/cmr/m/n/12 )$ \T2A/cmr/m/n/12 --- ско-рость све-та в точ-ке $\OML/cmm/m/i
t/12 x; y; z$ \T2A/cmr/m/n/12 в изо-троп-ной сре-де; в не изо-троп-ной $\OML/cm
m/m/it/12 v \OT1/cmr/m/n/12 = \OML/cmm/m/it/12 v\OT1/cmr/m/n/12 (\OML/cmm/m/it/
12 x; y; z; x[]; y[]; z[]\OT1/cmr/m/n/12 )$\T2A/cmr/m/n/12 . 
 []

[14



]
Overfull \hbox (1.47517pt too wide) detected at line 102
\OMS/cmsy/m/n/12 K \OT1/cmr/m/n/12 = [][]
 []


Overfull \hbox (18.61371pt too wide) in paragraph at lines 124--126
\T2A/cmr/m/n/12 Таким об-ра-зом $\OML/cmm/m/it/12 t \OMS/cmsy/m/n/12 ^^A \OML/c
mm/m/it/12 '[]\OT1/cmr/m/n/12 (0)$ \T2A/cmr/m/n/12 --- глав-ная часть при-ра-ще
-ния функ-ции в окрест-но-сти $\OML/cmm/m/it/12 t \OT1/cmr/m/n/12 = 0$\T2A/cmr/
m/n/12 , а $\OML/cmm/m/it/12 t \OMS/cmsy/m/n/12 ^^A [][]$
 []

[15




]
Overfull \hbox (14.77315pt too wide) in paragraph at lines 152--154
\T2A/cmr/m/n/12 Пусть те-перь $\OML/cmm/m/it/12 j \OMS/cmsy/m/n/12 2 \OT1/cmr/m
/n/12 [1\OML/cmm/m/it/12 ; \OT1/cmr/m/n/12 2\OML/cmm/m/it/12 ; [] ; n\OT1/cmr/m
/n/12 ]$\T2A/cmr/m/n/12 . Вы-бе-рем до-пу-сти-мое из-ме-не-ние $\OML/cmm/b/it/1
2 ^^Q\OT1/cmr/m/n/12 (\OML/cmm/m/it/12 x\OT1/cmr/m/n/12 )$ \T2A/cmr/m/n/12 так,
 что $\OML/cmm/m/it/12 ^^Q[] \OMS/cmsy/m/n/12 ^^Q \OT1/cmr/m/n/12 0$\T2A/cmr/m/
n/12 , $\OML/cmm/m/it/12 i \OT1/cmr/m/n/12 = []\OML/cmm/m/it/12 ; []$\T2A/cmr/m
/n/12 ,
 []

[16









]
Overfull \hbox (6.57356pt too wide) in paragraph at lines 218--222
[] 
 []

[17





] [18



]) (./lection3.tex [19

]
Р›РµРєС†РёСЏ 3.
[20













]
Overfull \hbox (29.53152pt too wide) in paragraph at lines 92--94
\T2A/cmr/m/n/12 Это обык-но-вен-ное диф-фе-рен-ци-аль-ное урав-не-ние чет-вјр-т
о-го по-ряд-ка и его ре-ше-ние $\OML/cmm/m/it/12 y \OT1/cmr/m/n/12 = \OML/cmm/m
/it/12 y\OT1/cmr/m/n/12 (\OML/cmm/m/it/12 x; c[]; c[]; c[]; c[]\OT1/cmr/m/n/12 
)$\T2A/cmr/m/n/12 . 
 []

[21


pdfTeX warning (ext4): destination with the same identifier (name{equation.3.1.
7}) has been already used, duplicate ignored

\AtBegShi@Output ...ipout \box \AtBeginShipoutBox 
                                                  \fi \fi 
l.101 \begin{multline*}
                       

] [22



] [23



] [24






] [25





] [26

]) (./lection4.tex [27





]
Р›РµРєС†РёСЏ 4.
[28








] [29





]
Overfull \hbox (16.92802pt too wide) detected at line 122
 []$[]   [][] \OT1/cmr/m/n/12 = [][] = [][] =$ 
 []

[30







]
Overfull \hbox (27.13197pt too wide) detected at line 186
\OMS/cmsy/m/n/12 J\OT1/cmr/m/n/12 [\OML/cmm/m/it/12 y\OT1/cmr/m/n/12 ] = [] \OM
L/cmm/m/it/12 F\OT1/cmr/m/n/12 (\OML/cmm/m/it/12 x; y; y[]\OT1/cmr/m/n/12 ) \OM
L/cmm/m/it/12 dx;  \OMS/cmsy/m/n/12 K \OT1/cmr/m/n/12 = [][]
 []

[31


] [32


]
Overfull \hbox (12.18707pt too wide) in paragraph at lines 316--316
|[]\T2A/cmr/bx/n/17.28 Квадратичный функ-ци-о-нал. Опе-ра-тор Штурма--Лиувилля.
| 
 []

[33

pdfTeX warning (ext4): destination with the same identifier (name{equation.4.1.
16}) has been already used, duplicate ignored

\AtBegShi@Output ...ipout \box \AtBeginShipoutBox 
                                                  \fi \fi 
l.331 \end{equation*}
                     



] [34




]) (./lection5.tex [35


]
Р›РµРєС†РёСЏ 5.

Overfull \hbox (7.00832pt too wide) in paragraph at lines 3--3
|[]\T2A/cmr/bx/n/17.28 Квадратичный функ-ци-о-нал. Опе-ра-тор Штурма--Лиувилля
 []

[36









]
Overfull \hbox (5.8106pt too wide) in paragraph at lines 96--96
[]$[]$ 
 []


Overfull \hbox (0.67383pt too wide) in paragraph at lines 131--140
[]\T2A/cmr/m/n/12 Пусть [] $\OMS/cmsy/m/n/12 )$ [] \T2A/cmr/m/n/12 и $[]$. 
 []

[37] [38





]
Overfull \hbox (8.17758pt too wide) in paragraph at lines 290--290
|[]\T2A/cmr/bx/n/17.28 Экстремальные свой-ства соб-ствен-ных зна-че-ний и соб-с
твен-
 []

[39





] [40





] [41


] [42







]) (./lection6.tex [43


]
Р›РµРєС†РёСЏ 6.

Overfull \hbox (3.07034pt too wide) in paragraph at lines 19--20
[]\T2A/cmr/m/n/12 Пусть $\OML/cmm/m/it/12 '[]; [] ; '[]$ \T2A/cmr/m/n/12 --- пр
о-из-воль-ный на-бор функ-ций из $\U/rsfs/m/n/12 L| [][][]$\T2A/cmr/m/n/12 , $\
OML/cmm/m/it/12 y \OMS/cmsy/m/n/12 2 K$\T2A/cmr/m/n/12 , $\OML/cmm/m/it/12 y \O
MS/cmsy/m/n/12 ? \OML/cmm/m/it/12 '[]; [] ; '[]$\T2A/cmr/m/n/12 .
 []

[44













] [45









] [46



] [47





]
Underfull \vbox (badness 1571) has occurred while \output is active []

 [48








]
[49




] [50

pdfTeX warning (ext4): destination with the same identifier (name{equation.6.2.
17}) has been already used, duplicate ignored

\AtBegShi@Output ...ipout \box \AtBeginShipoutBox 
                                                  \fi \fi 
l.334 	\begin{equation}
                       




]) (./lection7.tex [51




]
Р›РµРєС†РёСЏ 7.
[52











] [53






] [54




pdfTeX warning (ext4): destination with the same identifier (name{equation.7.1.
11}) has been already used, duplicate ignored

\AtBegShi@Output ...ipout \box \AtBeginShipoutBox 
                                                  \fi \fi 
l.154 \end{equation*}
                     

pdfTeX warning (ext4): destination with the same identifier (name{equation.7.1.
11}) has been already used, duplicate ignored

\AtBegShi@Output ...ipout \box \AtBeginShipoutBox 
                                                  \fi \fi 
l.154 \end{equation*}
                     

pdfTeX warning (ext4): destination with the same identifier (name{equation.7.1.
11}) has been already used, duplicate ignored

\AtBegShi@Output ...ipout \box \AtBeginShipoutBox 
                                                  \fi \fi 
l.154 \end{equation*}
                     


]
<picture1.png, id=1119, 412.16484pt x 213.04594pt>
File: picture1.png Graphic file (type png)
<use picture1.png>
Package pdftex.def Info: picture1.png  used on input line 173.
(pdftex.def)             Requested size: 366.46977pt x 189.42824pt.
<picture2.png, id=1121, 412.91766pt x 209.65828pt>
File: picture2.png Graphic file (type png)
<use picture2.png>
Package pdftex.def Info: picture2.png  used on input line 187.
(pdftex.def)             Requested size: 366.46977pt x 186.077pt.
 [55

 <./picture1.png>]pdfTeX warning (ext4): destination with the same identifier (
name{equation.7.1.12}) has been already used, duplicate ignored
<to be read again> 
                   \relax 
l.216 \end{multline}
                     [56


 <./picture2.png>] [57

]) (./lection8.tex [58]
Р›РµРєС†РёСЏ 8.
[59











] [60] [61



] [62


pdfTeX warning (ext4): destination with the same identifier (name{equation.8.1.
7}) has been already used, duplicate ignored

\AtBegShi@Output ...ipout \box \AtBeginShipoutBox 
                                                  \fi \fi 
l.233 \end{equation*}
                     

pdfTeX warning (ext4): destination with the same identifier (name{equation.8.1.
7}) has been already used, duplicate ignored

\AtBegShi@Output ...ipout \box \AtBeginShipoutBox 
                                                  \fi \fi 
l.233 \end{equation*}
                     

pdfTeX warning (ext4): destination with the same identifier (name{equation.8.1.
7}) has been already used, duplicate ignored

\AtBegShi@Output ...ipout \box \AtBeginShipoutBox 
                                                  \fi \fi 
l.233 \end{equation*}
                     

pdfTeX warning (ext4): destination with the same identifier (name{equation.8.1.
7}) has been already used, duplicate ignored

\AtBegShi@Output ...ipout \box \AtBeginShipoutBox 
                                                  \fi \fi 
l.233 \end{equation*}
                     


]pdfTeX warning (ext4): destination with the same identifier (name{equation.8.1
.8}) has been already used, duplicate ignored
<to be read again> 
                   \relax 
l.253 \begin{equation}
                      \label{l8:eq:8}pdfTeX warning (ext4): destination with th
e same identifier (name{equation.8.1.8}) has been already used, duplicate ignor
ed
<to be read again> 
                   \relax 
l.253 \begin{equation}
                      \label{l8:eq:8}pdfTeX warning (ext4): destination with th
e same identifier (name{equation.8.1.8}) has been already used, duplicate ignor
ed
<to be read again> 
                   \relax 
l.253 \begin{equation}
                      \label{l8:eq:8}pdfTeX warning (ext4): destination with th
e same identifier (name{equation.8.1.8}) has been already used, duplicate ignor
ed
<to be read again> 
                   \relax 
l.253 \begin{equation}
                      \label{l8:eq:8}
LaTeX Font Info:    Calculating math sizes for size <8.4> on input line 260.


LaTeX Font Warning: Font shape `OT1/cmr/m/n' in size <4.2> not available
(Font)              size <5> substituted on input line 260.


LaTeX Font Warning: Font shape `OML/cmm/m/it' in size <4.2> not available
(Font)              size <5> substituted on input line 260.


LaTeX Font Warning: Font shape `OMS/cmsy/m/n' in size <4.2> not available
(Font)              size <5> substituted on input line 260.


LaTeX Font Warning: Font shape `U/rsfs/m/n' in size <4.2> not available
(Font)              size <5> substituted on input line 260.


LaTeX Font Warning: Font shape `OT1/cmr/bx/n' in size <4.2> not available
(Font)              size <5> substituted on input line 260.


LaTeX Font Warning: Font shape `OML/cmm/b/it' in size <4.2> not available
(Font)              size <5> substituted on input line 260.


LaTeX Font Warning: Font shape `OMS/cmsy/b/n' in size <4.2> not available
(Font)              size <5> substituted on input line 260.


LaTeX Font Warning: Font shape `TS1/cmr/m/n' in size <4.2> not available
(Font)              size <5> substituted on input line 260.

[63



] [64

] [65

] [66



] [67





]) (./lection9.tex [68]
Р›РµРєС†РёСЏ 9.
[69












] [70








] [71




] [72


] [73] [74



] [75




] [76


]) (./lection10.tex [77]
Р›РµРєС†РёСЏ 10.
[78











pdfTeX warning (ext4): destination with the same identifier (name{equation.10.1
.3}) has been already used, duplicate ignored

\AtBegShi@Output ...ipout \box \AtBeginShipoutBox 
                                                  \fi \fi 
l.36 \begin{equation}
                     \label{l10:eq:2}

]pdfTeX warning (ext4): destination with the same identifier (name{equation.10.
1.3}) has been already used, duplicate ignored
<to be read again> 
                   \relax 
l.36 \begin{equation}
                     \label{l10:eq:2}pdfTeX warning (ext4): destination with th
e same identifier (name{equation.10.1.3}) has been already used, duplicate igno
red
<to be read again> 
                   \relax 
l.36 \begin{equation}
                     \label{l10:eq:2}pdfTeX warning (ext4): destination with th
e same identifier (name{equation.10.1.3}) has been already used, duplicate igno
red
<to be read again> 
                   \relax 
l.36 \begin{equation}
                     \label{l10:eq:2}pdfTeX warning (ext4): destination with th
e same identifier (name{equation.10.1.3}) has been already used, duplicate igno
red
<to be read again> 
                   \relax 
l.36 \begin{equation}
                     \label{l10:eq:2} [79









]
Overfull \hbox (1.99521pt too wide) in paragraph at lines 124--125
[][]\T2A/cmr/bx/n/12 Теорема 1.3. []\T2A/cmr/m/n/12 Пусть $\OMS/cmsy/m/n/12 K[]
 \OT1/cmr/m/n/12 = []$ \T2A/cmr/m/n/12 и $\OML/cmm/m/it/12 u[]$ \T2A/cmr/m/n/12
 --- ми-ни-май-зер за-да-чи на $[] \OML/cmm/m/it/12 B\OT1/cmr/m/n/12 [\OML/cmm/
m/it/12 u\OT1/cmr/m/n/12 ]$\T2A/cmr/m/n/12 ,
 []

[80

] [81







] [82

pdfTeX warning (ext4): destination with the same identifier (name{equation.10.1
.14}) has been already used, duplicate ignored

\AtBegShi@Output ...ipout \box \AtBeginShipoutBox 
                                                  \fi \fi 
l.275 	\end{equation}
                     

] [83pdfTeX warning (ext4): destination with the same identifier (name{equation
.10.1.14}) has been already used, duplicate ignored

\AtBegShi@Output ...ipout \box \AtBeginShipoutBox 
                                                  \fi \fi 
l.339 \end{equation*}
                     







] [84







] [85





]) [86


] [87


] (./lection11.tex
Р›РµРєС†РёСЏ 11.
[88









] [89


] [90

]
Overfull \hbox (12.25089pt too wide) detected at line 314
 []$[] \OT1/cmr/m/n/12 + [] []  \OML/cmm/m/it/12 dt  [][]$ []  
 []


Underfull \vbox (badness 1412) has occurred while \output is active []

 [91




]
[92






pdfTeX warning (ext4): destination with the same identifier (name{equation.11.1
.7}) has been already used, duplicate ignored

\AtBegShi@Output ...ipout \box \AtBeginShipoutBox 
                                                  \fi \fi 
l.371 	\end{equation}
                     

pdfTeX warning (ext4): destination with the same identifier (name{equation.11.1
.8}) has been already used, duplicate ignored

\AtBegShi@Output ...ipout \box \AtBeginShipoutBox 
                                                  \fi \fi 
l.371 	\end{equation}
                     

]pdfTeX warning (ext4): destination with the same identifier (name{equation.11.
1.7}) has been already used, duplicate ignored
<to be read again> 
                   \relax 
l.415 	\begin{equation}
                       pdfTeX warning (ext4): destination with the same identif
ier (name{equation.11.1.7}) has been already used, duplicate ignored
<to be read again> 
                   \relax 
l.415 	\begin{equation}
                       pdfTeX warning (ext4): destination with the same identif
ier (name{equation.11.1.7}) has been already used, duplicate ignored
<to be read again> 
                   \relax 
l.415 	\begin{equation}
                       pdfTeX warning (ext4): destination with the same identif
ier (name{equation.11.1.7}) has been already used, duplicate ignored
<to be read again> 
                   \relax 
l.415 	\begin{equation}
                       pdfTeX warning (ext4): destination with the same identif
ier (name{equation.11.1.8}) has been already used, duplicate ignored
<to be read again> 
                   \relax 
l.421 	\begin{equation}
                       pdfTeX warning (ext4): destination with the same identif
ier (name{equation.11.1.8}) has been already used, duplicate ignored
<to be read again> 
                   \relax 
l.421 	\begin{equation}
                       pdfTeX warning (ext4): destination with the same identif
ier (name{equation.11.1.8}) has been already used, duplicate ignored
<to be read again> 
                   \relax 
l.421 	\begin{equation}
                       pdfTeX warning (ext4): destination with the same identif
ier (name{equation.11.1.8}) has been already used, duplicate ignored
<to be read again> 
                   \relax 
l.421 	\begin{equation}
                       ) (./lection12.tex [93

pdfTeX warning (ext4): destination with the same identifier (name{equation.11.1
.9}) has been already used, duplicate ignored

\AtBegShi@Output ...ipout \box \AtBeginShipoutBox 
                                                  \fi \fi 
l.1 	\chapter
             {}




pdfTeX warning (ext4): destination with the same identifier (name{equation.11.1
.9}) has been already used, duplicate ignored

\AtBegShi@Output ...ipout \box \AtBeginShipoutBox 
                                                  \fi \fi 
l.1 	\chapter
             {}

]
Р›РµРєС†РёСЏ 12.
[94












]pdfTeX warning (ext4): destination with the same identifier (name{equation.12.
1.3}) has been already used, duplicate ignored
<to be read again> 
                   \relax 
l.67 \begin{subequations}
                          [95






] [96








] [97




] [98



]
Underfull \hbox (badness 10000) in paragraph at lines 253--254

 []

[99





] [100



] [101





]) (./lection13.tex [102


]
Р›РµРєС†РёСЏ 13.
[103
















] [104







pdfTeX warning (ext4): destination with the same identifier (name{equation.13.2
.4}) has been already used, duplicate ignored

\AtBegShi@Output ...ipout \box \AtBeginShipoutBox 
                                                  \fi \fi 
l.89 \end{equation}
                   

]pdfTeX warning (ext4): destination with the same identifier (name{equation.13.
2.4}) has been already used, duplicate ignored
<to be read again> 
                   \relax 
l.95 \begin{equation}
                     \label{l13:eq:10A}pdfTeX warning (ext4): destination with 
the same identifier (name{equation.13.2.4}) has been already used, duplicate ig
nored
<to be read again> 
                   \relax 
l.95 \begin{equation}
                     \label{l13:eq:10A}pdfTeX warning (ext4): destination with 
the same identifier (name{equation.13.2.4}) has been already used, duplicate ig
nored
<to be read again> 
                   \relax 
l.95 \begin{equation}
                     \label{l13:eq:10A}pdfTeX warning (ext4): destination with 
the same identifier (name{equation.13.2.4}) has been already used, duplicate ig
nored
<to be read again> 
                   \relax 
l.95 \begin{equation}
                     \label{l13:eq:10A} [105



pdfTeX warning (ext4): destination with the same identifier (name{equation.13.2
.5}) has been already used, duplicate ignored

\AtBegShi@Output ...ipout \box \AtBeginShipoutBox 
                                                  \fi \fi 
l.146 \begin{equation*}
                       



] [106




] [107


] [108pdfTeX warning (ext4): destination with the same identifier (name{equatio
n.13.2.12}) has been already used, duplicate ignored

\AtBegShi@Output ...ipout \box \AtBeginShipoutBox 
                                                  \fi \fi 
l.283 
      







]) (./lection14.tex [109

]
Р›РµРєС†РёСЏ 14.
[110











] [111







pdfTeX warning (ext4): destination with the same identifier (name{equation.14.1
.10}) has been already used, duplicate ignored

\AtBegShi@Output ...ipout \box \AtBeginShipoutBox 
                                                  \fi \fi 
l.106 
      




] [112






]) (./lection15.tex [113


] [114]
Р›РµРєС†РёСЏ 15.
[115










] [116



] [117




] [118









] [119









] [120




]) (./lection16.tex [121]
Р›РµРєС†РёСЏ 16.
[122













] [123







] [124









] [125









] [126





]) (./lection17.tex [127




]
Р›РµРєС†РёСЏ 17.
[128
















] [129








] [130




] [131






]
Overfull \hbox (4.2759pt too wide) in paragraph at lines 245--246
[]\T2A/cmr/m/n/12 Рассмотрим вкрат-це за-да-чу о \T2A/cmr/m/it/12 ко-ле-ба-ни-я
х мем-бра-ны со сво-бод-ной гра-ни-цей\T2A/cmr/m/n/12 . Вме-сто усло-вия []
 []

pdfTeX warning (ext4): destination with the same identifier (name{equation.17.1
.3}) has been already used, duplicate ignored
<to be read again> 
                   \relax 
l.246 \begin{equation}
                      \label{l17:eq:2A}pdfTeX warning (ext4): destination with 
the same identifier (name{equation.17.1.3}) has been already used, duplicate ig
nored
<to be read again> 
                   \relax 
l.246 \begin{equation}
                      \label{l17:eq:2A}pdfTeX warning (ext4): destination with 
the same identifier (name{equation.17.1.3}) has been already used, duplicate ig
nored
<to be read again> 
                   \relax 
l.246 \begin{equation}
                      \label{l17:eq:2A}pdfTeX warning (ext4): destination with 
the same identifier (name{equation.17.1.3}) has been already used, duplicate ig
nored
<to be read again> 
                   \relax 
l.246 \begin{equation}
                      \label{l17:eq:2A}pdfTeX warning (ext4): destination with 
the same identifier (name{equation.17.1.7}) has been already used, duplicate ig
nored
<to be read again> 
                   \relax 
l.250 \begin{equation}
                      \label{l17:eq:6A}pdfTeX warning (ext4): destination with 
the same identifier (name{equation.17.1.7}) has been already used, duplicate ig
nored
<to be read again> 
                   \relax 
l.250 \begin{equation}
                      \label{l17:eq:6A}pdfTeX warning (ext4): destination with 
the same identifier (name{equation.17.1.7}) has been already used, duplicate ig
nored
<to be read again> 
                   \relax 
l.250 \begin{equation}
                      \label{l17:eq:6A}pdfTeX warning (ext4): destination with 
the same identifier (name{equation.17.1.7}) has been already used, duplicate ig
nored
<to be read again> 
                   \relax 
l.250 \begin{equation}
                      \label{l17:eq:6A}pdfTeX warning (ext4): destination with 
the same identifier (name{equation.17.1.11}) has been already used, duplicate i
gnored
<to be read again> 
                   \relax 
l.253 \begin{equation}
                      \label{l17:eq:10A}pdfTeX warning (ext4): destination with
 the same identifier (name{equation.17.1.11}) has been already used, duplicate 
ignored
<to be read again> 
                   \relax 
l.253 \begin{equation}
                      \label{l17:eq:10A}pdfTeX warning (ext4): destination with
 the same identifier (name{equation.17.1.11}) has been already used, duplicate 
ignored
<to be read again> 
                   \relax 
l.253 \begin{equation}
                      \label{l17:eq:10A}pdfTeX warning (ext4): destination with
 the same identifier (name{equation.17.1.11}) has been already used, duplicate 
ignored
<to be read again> 
                   \relax 
l.253 \begin{equation}
                      \label{l17:eq:10A}pdfTeX warning (ext4): destination with
 the same identifier (name{equation.17.1.16}) has been already used, duplicate 
ignored
<to be read again> 
                   \relax 
l.256 \begin{equation}
                      \label{l17:eq:15A}pdfTeX warning (ext4): destination with
 the same identifier (name{equation.17.1.16}) has been already used, duplicate 
ignored
<to be read again> 
                   \relax 
l.256 \begin{equation}
                      \label{l17:eq:15A}pdfTeX warning (ext4): destination with
 the same identifier (name{equation.17.1.16}) has been already used, duplicate 
ignored
<to be read again> 
                   \relax 
l.256 \begin{equation}
                      \label{l17:eq:15A}pdfTeX warning (ext4): destination with
 the same identifier (name{equation.17.1.16}) has been already used, duplicate 
ignored
<to be read again> 
                   \relax 
l.256 \begin{equation}
                      \label{l17:eq:15A}
Overfull \hbox (4.27588pt too wide) in paragraph at lines 265--266
\T2A/cmr/m/n/12 ства, бу-дет по-вто-рјн вы-вод фор-мул для соб-ствен-ных зна-че
-ний и соб-ствен-ных функ-ций за-дач [],
 []

[132







]) (./lection18.tex [133]
Р›РµРєС†РёСЏ 18.
[134









pdfTeX warning (ext4): destination with the same identifier (name{equation.18.1
.1}) has been already used, duplicate ignored

\AtBegShi@Output ...ipout \box \AtBeginShipoutBox 
                                                  \fi \fi 
l.52 \end{equation}
                   

pdfTeX warning (ext4): destination with the same identifier (name{equation.18.1
.1}) has been already used, duplicate ignored

\AtBegShi@Output ...ipout \box \AtBeginShipoutBox 
                                                  \fi \fi 
l.52 \end{equation}
                   




pdfTeX warning (ext4): destination with the same identifier (name{equation.18.1
.4}) has been already used, duplicate ignored

\AtBegShi@Output ...ipout \box \AtBeginShipoutBox 
                                                  \fi \fi 
l.52 \end{equation}
                   


pdfTeX warning (ext4): destination with the same identifier (name{equation.18.1
.5}) has been already used, duplicate ignored

\AtBegShi@Output ...ipout \box \AtBeginShipoutBox 
                                                  \fi \fi 
l.52 \end{equation}
                   

] [135

pdfTeX warning (ext4): destination with the same identifier (name{equation.18.1
.6}) has been already used, duplicate ignored

\AtBegShi@Output ...ipout \box \AtBeginShipoutBox 
                                                  \fi \fi 
l.101 \begin{equation}
                      \label{l18:eq:10}


pdfTeX warning (ext4): destination with the same identifier (name{equation.18.1
.7}) has been already used, duplicate ignored

\AtBegShi@Output ...ipout \box \AtBeginShipoutBox 
                                                  \fi \fi 
l.101 \begin{equation}
                      \label{l18:eq:10}



]
Overfull \hbox (2.66592pt too wide) in paragraph at lines 126--127
\T2A/cmr/m/n/12 В си-лу [] функ-ция $\OML/cmm/m/it/12 J[]\OT1/cmr/m/n/12 (\OML/
cmm/m/it/12 ^^Z\OT1/cmr/m/n/12 )$ \T2A/cmr/m/n/12 не яв-ля-ет-ся вто-рым ли-ней
-но неза-ви-си-мым ре-ше-ни-ем урав-не-ния [],
 []

[136



] [137





] [138







]) (./lection19.tex [139




]
Р›РµРєС†РёСЏ 19.
[140
















]
Overfull \hbox (7.12454pt too wide) in paragraph at lines 62--63
[]\T2A/cmr/m/n/12 утверждения сле-ду-ет из нера-вен-ства [], ко-то-рое по-ка-зы
-ва-ет, что нор-ма $\OML/cmm/m/it/12 v[]\OT1/cmr/m/n/12 (\OML/cmm/m/it/12 P; t\
OT1/cmr/m/n/12 )$
 []

[141

]
Overfull \hbox (23.23541pt too wide) in paragraph at lines 87--89
\T2A/cmr/m/n/12 Решаем за-да-чу []--[] ме-то-дом Фу-рье. Ищем сна-ча-ла ре-ше-н
ие $\OML/cmm/m/it/12 u[]\OT1/cmr/m/n/12 (\OML/cmm/m/it/12 x; t\OT1/cmr/m/n/12 )
$\T2A/cmr/m/n/12 , удо-вле-тво-ря-ю-щее [], []
 []

[142









] [143






]
Overfull \hbox (5.05774pt too wide) in paragraph at lines 240--241
[]\T2A/cmr/m/n/12 Используем те-перь прин-цип мак-си-му-ма для \T2A/cmr/m/it/12
 до-ка-за-тель-ства един-ствен-но-сти ре-ше-ния и непре-
 []

[144




] [145








] [146






]
Overfull \hbox (8.43303pt too wide) in paragraph at lines 351--352
[]
 []

) (./lection20.tex [147




]
Р›РµРєС†РёСЏ 20.
[148











] [149




] [150






] [151








]
Overfull \hbox (9.54213pt too wide) in paragraph at lines 300--302
\T2A/cmr/m/n/12 то есть для по-сле-до-ва-тель-но-сти $[]\OT1/cmr/m/n/12 (\OML/c
mm/m/it/12 x; x[]\OT1/cmr/m/n/12 )$ \T2A/cmr/m/n/12 вы-пол-ня-ет-ся [] зна-чит,
 $[]\OT1/cmr/m/n/12 (\OML/cmm/m/it/12 x; x[]\OT1/cmr/m/n/12 )$ \T2A/cmr/m/n/12 
--- $\OML/cmm/m/it/12 ^^N$\T2A/cmr/m/n/12 -последовательность. 
 []

[152




]
Overfull \hbox (5.50539pt too wide) detected at line 348
 []$[]  \OML/cmm/m/it/12 ^^N\OT1/cmr/m/n/12 (\OML/cmm/m/it/12 x \OMS/cmsy/m/n/1
2 ^^@ \OML/cmm/m/it/12 x[]\OT1/cmr/m/n/12 ) = [] + [] \OMS/cmsy/m/n/12 ^^A [] [
] \OT1/cmr/m/n/12 =$ 
 []

[153




] [154



]) [155]
Package atveryend Info: Empty hook `BeforeClearDocument' on input line 150.
Package atveryend Info: Empty hook `AfterLastShipout' on input line 150.
Package atveryend Info: Executing hook `AtVeryEndDocument' on input line 150.
Package atveryend Info: Empty hook `AtEndAfterFileList' on input line 150.


LaTeX Font Warning: Size substitutions with differences
(Font)              up to 2.90001pt have occurred.

Package atveryend Info: Empty hook `AtVeryVeryEnd' on input line 150.
 ) 
Here is how much of TeX's memory you used:
 25808 strings out of 480682
 443941 string characters out of 5908554
 746257 words of memory out of 5000000
 40059 multiletter control sequences out of 15000+600000
 571323 words of font info for 135 fonts, out of 8000000 for 9000
 1141 hyphenation exceptions out of 8191
 60i,22n,72p,2505b,737s stack positions out of 5000i,500n,10000p,200000b,80000s
pdfTeX warning (dest): name{Hfootnote.1} has been referenced but does not exi
st, replaced by a fixed one

{c:/texlive/2020/texmf-dist/fonts/enc/dvips/cm-super/cm-super-t2a.enc}<c:/texli
ve/2020/texmf-dist/fonts/type1/public/amsfonts/cm/cmbx10.pfb><c:/texlive/2020/t
exmf-dist/fonts/type1/public/amsfonts/cm/cmbx12.pfb><c:/texlive/2020/texmf-dist
/fonts/type1/public/amsfonts/cm/cmbx8.pfb><c:/texlive/2020/texmf-dist/fonts/typ
e1/public/amsfonts/cm/cmex10.pfb><c:/texlive/2020/texmf-dist/fonts/type1/public
/amsfonts/cmextra/cmex8.pfb><c:/texlive/2020/texmf-dist/fonts/type1/public/amsf
onts/cm/cmmi10.pfb><c:/texlive/2020/texmf-dist/fonts/type1/public/amsfonts/cm/c
mmi12.pfb><c:/texlive/2020/texmf-dist/fonts/type1/public/amsfonts/cm/cmmi5.pfb>
<c:/texlive/2020/texmf-dist/fonts/type1/public/amsfonts/cm/cmmi6.pfb><c:/texliv
e/2020/texmf-dist/fonts/type1/public/amsfonts/cm/cmmi7.pfb><c:/texlive/2020/tex
mf-dist/fonts/type1/public/amsfonts/cm/cmmi8.pfb><c:/texlive/2020/texmf-dist/fo
nts/type1/public/amsfonts/cm/cmmib10.pfb><c:/texlive/2020/texmf-dist/fonts/type
1/public/amsfonts/cmextra/cmmib8.pfb><c:/texlive/2020/texmf-dist/fonts/type1/pu
blic/amsfonts/cm/cmr10.pfb><c:/texlive/2020/texmf-dist/fonts/type1/public/amsfo
nts/cm/cmr12.pfb><c:/texlive/2020/texmf-dist/fonts/type1/public/amsfonts/cm/cmr
5.pfb><c:/texlive/2020/texmf-dist/fonts/type1/public/amsfonts/cm/cmr6.pfb><c:/t
exlive/2020/texmf-dist/fonts/type1/public/amsfonts/cm/cmr7.pfb><c:/texlive/2020
/texmf-dist/fonts/type1/public/amsfonts/cm/cmr8.pfb><c:/texlive/2020/texmf-dist
/fonts/type1/public/amsfonts/cm/cmsy10.pfb><c:/texlive/2020/texmf-dist/fonts/ty
pe1/public/amsfonts/cm/cmsy5.pfb><c:/texlive/2020/texmf-dist/fonts/type1/public
/amsfonts/cm/cmsy6.pfb><c:/texlive/2020/texmf-dist/fonts/type1/public/amsfonts/
cm/cmsy7.pfb><c:/texlive/2020/texmf-dist/fonts/type1/public/amsfonts/cm/cmsy8.p
fb><c:/texlive/2020/texmf-dist/fonts/type1/public/amsfonts/symbols/msam10.pfb><
c:/texlive/2020/texmf-dist/fonts/type1/public/amsfonts/symbols/msbm10.pfb><c:/t
exlive/2020/texmf-dist/fonts/type1/public/rsfs/rsfs10.pfb><c:/texlive/2020/texm
f-dist/fonts/type1/public/cm-super/sfbi1728.pfb><c:/texlive/2020/texmf-dist/fon
ts/type1/public/cm-super/sfbx1000.pfb><c:/texlive/2020/texmf-dist/fonts/type1/p
ublic/cm-super/sfbx1200.pfb><c:/texlive/2020/texmf-dist/fonts/type1/public/cm-s
uper/sfbx1440.pfb><c:/texlive/2020/texmf-dist/fonts/type1/public/cm-super/sfbx1
728.pfb><c:/texlive/2020/texmf-dist/fonts/type1/public/cm-super/sfbx2488.pfb><c
:/texlive/2020/texmf-dist/fonts/type1/public/cm-super/sfrm0700.pfb><c:/texlive/
2020/texmf-dist/fonts/type1/public/cm-super/sfrm0800.pfb><c:/texlive/2020/texmf
-dist/fonts/type1/public/cm-super/sfrm1000.pfb><c:/texlive/2020/texmf-dist/font
s/type1/public/cm-super/sfrm1200.pfb><c:/texlive/2020/texmf-dist/fonts/type1/pu
blic/cm-super/sfrm1440.pfb><c:/texlive/2020/texmf-dist/fonts/type1/public/cm-su
per/sfrm2074.pfb><c:/texlive/2020/texmf-dist/fonts/type1/public/cm-super/sfsl12
00.pfb><c:/texlive/2020/texmf-dist/fonts/type1/public/cm-super/sfti1000.pfb><c:
/texlive/2020/texmf-dist/fonts/type1/public/cm-super/sfti1200.pfb>
Output written on "Р’Р Рё РЈРњР¤ Р»РµРєС†РёРё.pdf" (155 pages, 1318485 bytes).

PDF statistics:
 3134 PDF objects out of 3580 (max. 8388607)
 2799 compressed objects within 28 object streams
 895 named destinations out of 1000 (max. 500000)
 619 words of extra memory for PDF output out of 10000 (max. 10000000)

