\BOOKMARK [-1][-]{part.1}{\376\377\004\020\000\040\004\022\004\060\004\100\004\070\004\060\004\106\004\070\004\076\004\075\004\075\004\076\004\065\000\040\004\070\004\101\004\107\004\070\004\101\004\073\004\065\004\075\004\070\004\065\000.}{}% 1
\BOOKMARK [0][-]{chapter.1}{}{part.1}% 2
\BOOKMARK [1][-]{section.1.1}{\376\377\004\036\004\077\004\100\004\065\004\064\004\065\004\073\004\065\004\075\004\070\004\065\000\040\004\104\004\103\004\075\004\072\004\106\004\070\004\076\004\075\004\060\004\073\004\060\000.\000\040\004\037\004\100\004\070\004\074\004\065\004\100\004\113\000\040\004\062\004\060\004\100\004\070\004\060\004\106\004\070\004\076\004\075\004\075\004\113\004\105\000\040\004\067\004\060\004\064\004\060\004\107\000.}{chapter.1}% 3
\BOOKMARK [1][-]{section.1.2}{\376\377\004\027\004\060\004\064\004\060\004\107\004\070\000\040\004\101\000\040\004\075\004\065\004\077\004\076\004\064\004\062\004\070\004\066\004\075\004\113\004\074\004\070\000\040\004\072\004\076\004\075\004\106\004\060\004\074\004\070\000.}{chapter.1}% 4
\BOOKMARK [0][-]{chapter.2}{}{part.1}% 5
\BOOKMARK [1][-]{section.2.1}{\376\377\004\037\004\100\004\070\004\074\004\065\004\100\004\113\000\040\004\100\004\065\004\110\004\065\004\075\004\070\004\117\000\040\004\103\004\100\004\060\004\062\004\075\004\065\004\075\004\070\004\117\000\040\004\055\004\071\004\073\004\065\004\100\004\060\040\023\004\033\004\060\004\063\004\100\004\060\004\075\004\066\004\060\000.}{chapter.2}% 6
\BOOKMARK [1][-]{section.2.2}{\376\377\004\027\004\060\004\064\004\060\004\107\004\070\000\040\004\064\004\073\004\117\000\040\004\104\004\103\004\075\004\072\004\106\004\070\004\076\004\075\004\060\004\073\004\076\004\062\000,\000\040\004\067\004\060\004\062\004\070\004\101\004\117\004\111\004\070\004\105\000\040\004\076\004\102\000\040\004\062\004\065\004\072\004\102\004\076\004\100\000-\004\104\004\103\004\075\004\072\004\106\004\070\004\071\000.}{chapter.2}% 7
\BOOKMARK [1][-]{section.2.3}{\376\377\004\037\004\100\004\070\004\074\004\065\004\100\004\113\000\040\004\100\004\065\004\110\004\065\004\075\004\070\004\117\000\040\004\101\004\070\004\101\004\102\004\065\004\074\004\113\000\040\004\055\004\071\004\073\004\065\004\100\004\060\040\023\004\033\004\060\004\063\004\100\004\060\004\075\004\066\004\060\000.}{chapter.2}% 8
\BOOKMARK [1][-]{section.2.4}{\376\377\004\037\004\100\004\070\004\075\004\106\004\070\004\077\000\040\004\023\004\060\004\074\004\070\004\073\004\114\004\102\004\076\004\075\004\060\000.}{chapter.2}% 9
\BOOKMARK [1][-]{section.2.5}{\376\377\004\027\004\060\004\064\004\060\004\107\004\070\000\040\004\064\004\073\004\117\000\040\004\104\004\103\004\075\004\072\004\106\004\070\004\076\004\075\004\060\004\073\004\076\004\062\000,\000\040\004\067\004\060\004\062\004\070\004\101\004\117\004\111\004\070\004\105\000\040\004\076\004\102\000\040\004\101\004\102\004\060\004\100\004\110\004\070\004\105\000\040\004\077\004\100\004\076\004\070\004\067\004\062\004\076\004\064\004\075\004\113\004\105\000.}{chapter.2}% 10
\BOOKMARK [0][-]{chapter.3}{}{part.1}% 11
\BOOKMARK [1][-]{section.3.1}{\376\377\004\027\004\060\004\064\004\060\004\107\004\070\000\040\004\064\004\073\004\117\000\040\004\104\004\103\004\075\004\072\004\106\004\070\004\076\004\075\004\060\004\073\004\076\004\062\000,\000\040\004\067\004\060\004\062\004\070\004\101\004\117\004\111\004\070\004\105\000\040\004\076\004\102\000\040\004\101\004\102\004\060\004\100\004\110\004\070\004\105\000\040\004\077\004\100\004\076\004\070\004\067\004\062\004\076\004\064\004\075\004\113\004\105\000\040\000\050\004\077\004\100\004\076\004\064\004\076\004\073\004\066\004\065\004\075\004\070\004\065\000\051\000.}{chapter.3}% 12
\BOOKMARK [1][-]{section.3.2}{\376\377\004\027\004\060\004\064\004\060\004\107\004\070\000\040\004\101\004\076\000\040\004\101\004\062\004\076\004\061\004\076\004\064\004\075\004\113\004\074\004\070\000\040\004\072\004\076\004\075\004\106\004\060\004\074\004\070\000.}{chapter.3}% 13
\BOOKMARK [1][-]{section.3.3}{\376\377\004\027\004\060\004\064\004\060\004\107\004\070\000\040\004\101\000\040\000<\000<\004\077\004\076\004\064\004\062\004\070\004\066\004\075\004\113\004\074\004\070\000\040\004\072\004\076\004\075\004\106\004\060\004\074\004\070\000>\000>\000.}{chapter.3}% 14
\BOOKMARK [0][-]{chapter.4}{}{part.1}% 15
\BOOKMARK [1][-]{section.4.1}{\376\377\004\030\004\067\004\076\004\077\004\065\004\100\004\070\004\074\004\065\004\102\004\100\004\070\004\107\004\065\004\101\004\072\004\070\004\065\000\040\004\067\004\060\004\064\004\060\004\107\004\070\000.}{chapter.4}% 16
\BOOKMARK [1][-]{section.4.2}{\376\377\004\032\004\062\004\060\004\064\004\100\004\060\004\102\004\070\004\107\004\075\004\113\004\071\000\040\004\104\004\103\004\075\004\072\004\106\004\070\004\076\004\075\004\060\004\073\000.\000\040\004\036\004\077\004\065\004\100\004\060\004\102\004\076\004\100\000\040\004\050\004\102\004\103\004\100\004\074\004\060\000.}{chapter.4}% 17
\BOOKMARK [0][-]{chapter.5}{}{part.1}% 18
\BOOKMARK [1][-]{section.5.1}{\376\377\004\032\004\062\004\060\004\064\004\100\004\060\004\102\004\070\004\107\004\075\004\113\004\071\000\040\004\104\004\103\004\075\004\072\004\106\004\070\004\076\004\075\004\060\004\073\000.\000\040\004\036\004\077\004\065\004\100\004\060\004\102\004\076\004\100\000\040\004\050\004\102\004\103\004\100\004\074\004\060\000\040\000\050\004\037\004\100\004\076\004\064\004\076\004\073\004\066\004\065\004\075\004\070\004\065\000\051\000.\000\040}{chapter.5}% 19
\BOOKMARK [1][-]{section.5.2}{\376\377\004\055\004\072\004\101\004\102\004\100\004\065\004\074\004\060\004\073\004\114\004\075\004\113\004\065\000\040\004\101\004\062\004\076\004\071\004\101\004\102\004\062\004\060\000\040\004\101\004\076\004\061\004\101\004\102\004\062\004\065\004\075\004\075\004\113\004\105\000\040\004\067\004\075\004\060\004\107\004\065\004\075\004\070\004\071\000\040\004\076\004\077\004\065\004\100\004\060\004\102\004\076\004\100\004\060\000\040\004\050\004\102\004\103\004\100\004\074\004\060\000.}{chapter.5}% 20
\BOOKMARK [0][-]{chapter.6}{}{part.1}% 21
\BOOKMARK [1][-]{section.6.1}{\376\377\004\042\004\065\004\076\004\100\004\065\004\074\004\060\000\040\004\101\004\100\004\060\004\062\004\075\004\065\004\075\004\070\004\117\000.}{chapter.6}% 22
\BOOKMARK [1][-]{section.6.2}{\376\377\004\040\004\060\004\067\004\073\004\076\004\066\004\065\004\075\004\070\004\065\000\040\004\077\004\076\000\040\004\101\004\076\004\061\004\101\004\102\004\062\004\065\004\075\004\075\004\113\004\074\000\040\004\104\004\103\004\075\004\072\004\106\004\070\004\117\004\074\000\040\004\076\004\077\004\065\004\100\004\060\004\102\004\076\004\100\004\060\000\040\004\050\004\102\004\103\004\100\004\074\004\060\000.}{chapter.6}% 23
\BOOKMARK [0][-]{chapter.7}{}{part.1}% 24
\BOOKMARK [1][-]{section.7.1}{\376\377\004\036\004\077\004\065\004\100\004\060\004\102\004\076\004\100\000\040\004\050\004\102\004\103\004\100\004\074\004\060\000\040\004\101\000\040\004\064\004\100\004\103\004\063\004\070\004\074\004\070\000\040\004\063\004\100\004\060\004\075\004\070\004\107\004\075\004\113\004\074\004\070\000\040\004\103\004\101\004\073\004\076\004\062\004\070\004\117\004\074\004\070\000.}{chapter.7}% 25
\BOOKMARK [0][-]{chapter.8}{}{part.1}% 26
\BOOKMARK [1][-]{section.8.1}{\376\377\004\036\004\061\004\076\004\061\004\111\004\121\004\075\004\075\004\060\004\117\000\040\004\067\004\060\004\064\004\060\004\107\004\060\000\040\004\050\004\102\004\103\004\100\004\074\004\060\000.}{chapter.8}% 27
\BOOKMARK [1][-]{section.8.2}{\376\377\004\044\004\103\004\075\004\072\004\106\004\070\004\076\004\075\004\060\004\073\000\040\004\021\004\065\004\101\004\101\004\065\004\073\004\117\000.\000\040\004\043\004\100\004\060\004\062\004\075\004\065\004\075\004\070\004\065\000\040\004\021\004\065\004\101\004\101\004\065\004\073\004\117\000.}{chapter.8}% 28
\BOOKMARK [0][-]{chapter.9}{}{part.1}% 29
\BOOKMARK [1][-]{section.9.1}{\376\377\004\044\004\103\004\075\004\072\004\106\004\070\004\076\004\075\004\060\004\073\000\040\004\021\004\065\004\101\004\101\004\065\004\073\004\117\000.\000\040\004\043\004\100\004\060\004\062\004\075\004\065\004\075\004\070\004\065\000\040\004\021\004\065\004\101\004\101\004\065\004\073\004\117\000.\000\040\000\050\004\037\004\100\004\076\004\064\004\076\004\073\004\066\004\065\004\075\004\070\004\065\000.\000\051}{chapter.9}% 30
\BOOKMARK [1][-]{section.9.2}{\376\377\004\044\004\103\004\075\004\072\004\106\004\070\004\076\004\075\004\060\004\073\004\113\000,\000\040\004\067\004\060\004\062\004\070\004\101\004\117\004\111\004\070\004\065\000\040\004\076\004\102\000\040\004\104\004\103\004\075\004\072\004\106\004\070\004\071\000\040\004\064\004\062\004\103\004\105\000\040\004\077\004\065\004\100\004\065\004\074\004\065\004\075\004\075\004\113\004\105\000.}{chapter.9}% 31
\BOOKMARK [1][-]{section.9.3}{\376\377\004\022\004\060\004\100\004\070\004\060\004\106\004\070\004\076\004\075\004\075\004\113\004\065\000\040\004\067\004\060\004\064\004\060\004\107\004\070\000\040\004\101\004\076\000\040\004\101\004\062\004\076\004\061\004\076\004\064\004\075\004\076\004\071\000\040\004\063\004\100\004\060\004\075\004\070\004\106\004\065\004\071\000.}{chapter.9}% 32
\BOOKMARK [0][-]{chapter.10}{}{part.1}% 33
\BOOKMARK [1][-]{section.10.1}{\376\377\004\032\004\062\004\060\004\064\004\100\004\060\004\102\004\070\004\107\004\075\004\113\004\071\000\040\004\104\004\103\004\075\004\072\004\106\004\070\004\076\004\075\004\060\004\073\000.\000\040\004\036\004\077\004\065\004\100\004\060\004\102\004\076\004\100\000\040\004\050\004\100\004\065\004\064\004\070\004\075\004\063\004\065\004\100\004\060\000.}{chapter.10}% 34
\BOOKMARK [1][-]{section.10.2}{\376\377\004\040\004\060\004\067\004\073\004\070\004\107\004\075\004\113\004\065\000\040\004\076\004\061\004\076\004\061\004\111\004\065\004\075\004\070\004\117\000.}{chapter.10}% 35
\BOOKMARK [1][-]{section.10.3}{\376\377\004\036\004\077\004\065\004\100\004\060\004\102\004\076\004\100\000\040\004\050\004\100\004\065\004\064\004\070\004\075\004\063\004\065\004\100\004\060\000\040\004\062\004\076\000\040\004\062\004\101\004\121\004\074\000\040\004\077\004\100\004\076\004\101\004\102\004\100\004\060\004\075\004\101\004\102\004\062\004\065\000.}{chapter.10}% 36
\BOOKMARK [-1][-]{part.2}{\376\377\004\021\000\040\004\043\004\100\004\060\004\062\004\075\004\065\004\075\004\070\004\117\000\040\004\074\004\060\004\102\004\065\004\074\004\060\004\102\004\070\004\107\004\065\004\101\004\072\004\076\004\071\000\040\004\104\004\070\004\067\004\070\004\072\004\070\000.}{}% 37
\BOOKMARK [0][-]{chapter.11}{}{part.2}% 38
\BOOKMARK [1][-]{section.11.1}{\376\377\004\043\004\100\004\060\004\062\004\075\004\065\004\075\004\070\004\065\000\040\004\074\004\060\004\073\004\113\004\105\000\040\004\072\004\076\004\073\004\065\004\061\004\060\004\075\004\070\004\071\000\040\004\101\004\102\004\100\004\103\004\075\004\113\000.}{chapter.11}% 39
\BOOKMARK [0][-]{chapter.12}{}{part.2}% 40
\BOOKMARK [1][-]{section.12.1}{\376\377\004\043\004\100\004\060\004\062\004\075\004\065\004\075\004\070\004\065\000\040\004\074\004\060\004\073\004\113\004\105\000\040\004\072\004\076\004\073\004\065\004\061\004\060\004\075\004\070\004\071\000\040\004\101\004\102\004\100\004\103\004\075\004\113\000\040\000\050\004\077\004\100\004\076\004\064\004\076\004\073\004\066\004\065\004\075\004\070\004\065\000\051\000.}{chapter.12}% 41
\BOOKMARK [1][-]{section.12.2}{\376\377\004\041\004\062\004\076\004\061\004\076\004\064\004\075\004\113\004\065\000\040\004\072\004\076\004\073\004\065\004\061\004\060\004\075\004\070\004\117\000\040\004\076\004\064\004\075\004\076\004\100\004\076\004\064\004\075\004\076\004\071\000\040\004\101\004\102\004\100\004\103\004\075\004\113\000.}{chapter.12}% 42
\BOOKMARK [1][-]{section.12.3}{\376\377\004\037\004\076\004\075\004\117\004\102\004\070\004\065\000\040\004\076\000\040\004\104\004\103\004\075\004\072\004\106\004\070\004\070\000\040\004\023\004\100\004\070\004\075\004\060\000.}{chapter.12}% 43
\BOOKMARK [1][-]{section.12.4}{\376\377\004\041\004\062\004\076\004\061\004\076\004\064\004\075\004\113\004\065\000\040\004\072\004\076\004\073\004\065\004\061\004\060\004\075\004\070\004\117\000\040\004\076\004\064\004\075\004\076\004\100\004\076\004\064\004\075\004\076\004\071\000\040\004\101\004\102\004\100\004\103\004\075\004\113\000\040\004\101\000\040\004\064\004\100\004\103\004\063\004\070\004\074\004\070\000\040\004\063\000.\000\040\004\103\000.}{chapter.12}% 44
\BOOKMARK [0][-]{chapter.13}{}{part.2}% 45
\BOOKMARK [1][-]{section.13.1}{\376\377\004\041\004\062\004\076\004\061\004\076\004\064\004\075\004\113\004\065\000\040\004\072\004\076\004\073\004\065\004\061\004\060\004\075\004\070\004\117\000\040\004\075\004\065\000\040\004\076\004\064\004\075\004\076\004\100\004\076\004\064\004\075\004\076\004\071\000\040\004\101\004\102\004\100\004\103\004\075\004\113\000.}{chapter.13}% 46
\BOOKMARK [1][-]{section.13.2}{\376\377\004\022\004\113\004\075\004\103\004\066\004\064\004\065\004\075\004\075\004\113\004\065\000\040\004\072\004\076\004\073\004\065\004\061\004\060\004\075\004\070\004\117\000\040\004\076\004\064\004\075\004\076\004\100\004\076\004\064\004\075\004\076\004\071\000\040\004\101\004\102\004\100\004\103\004\075\004\113\000.}{chapter.13}% 47
\BOOKMARK [0][-]{chapter.14}{}{part.2}% 48
\BOOKMARK [1][-]{section.14.1}{\376\377\004\042\004\065\004\073\004\065\004\063\004\100\004\060\004\104\004\075\004\113\004\065\000\040\004\103\004\100\004\060\004\062\004\075\004\065\004\075\004\070\004\117\000.}{chapter.14}% 49
\BOOKMARK [1][-]{section.14.2}{\376\377\004\036\000\040\004\075\004\060\004\107\004\060\004\073\004\114\004\075\004\113\004\105\000\040\004\070\000\040\004\063\004\100\004\060\004\075\004\070\004\107\004\075\004\113\004\105\000\040\004\103\004\101\004\073\004\076\004\062\004\070\004\117\004\105\000.}{chapter.14}% 50
\BOOKMARK [0][-]{chapter.15}{}{part.2}% 51
\BOOKMARK [1][-]{section.15.1}{\376\377\004\032\004\076\004\073\004\065\004\061\004\060\004\075\004\070\004\117\000\040\004\074\004\065\004\074\004\061\004\100\004\060\004\075\004\113\000.}{chapter.15}% 52
\BOOKMARK [1][-]{section.15.2}{\376\377\004\022\004\113\004\075\004\103\004\066\004\064\004\065\004\075\004\075\004\113\004\065\000\040\004\072\004\076\004\073\004\065\004\061\004\060\004\075\004\070\004\117\000\040\004\076\004\064\004\075\004\076\004\100\004\076\004\064\004\075\004\076\004\071\000\040\004\074\004\065\004\074\004\061\004\100\004\060\004\075\004\113\000.}{chapter.15}% 53
\BOOKMARK [0][-]{chapter.16}{}{part.2}% 54
\BOOKMARK [1][-]{section.16.1}{\376\377\004\041\004\073\004\103\004\107\004\060\004\071\000\040\004\077\004\100\004\117\004\074\004\076\004\103\004\063\004\076\004\073\004\114\004\075\004\076\004\071\000\040\004\074\004\065\004\074\004\061\004\100\004\060\004\075\004\113\000.}{chapter.16}% 55
\BOOKMARK [1][-]{section.16.2}{\376\377\004\022\004\113\004\075\004\103\004\066\004\064\004\065\004\075\004\075\004\113\004\065\000\040\004\072\004\076\004\073\004\065\004\061\004\060\004\075\004\070\004\117\000\040\004\077\004\100\004\117\004\074\004\076\004\103\004\063\004\076\004\073\004\114\004\075\004\076\004\071\000\040\004\074\004\065\004\074\004\061\004\100\004\060\004\075\004\113\000.}{chapter.16}% 56
