\BOOKMARK [0][-]{section*.1}{\376\377\004\022\004\062\004\065\004\064\004\065\004\075\004\070\004\065}{}% 1
\BOOKMARK [0][-]{chapter.1}{\376\377\004\033\004\065\004\072\004\106\004\070\004\117\000\040\0001\000\040}{}% 2
\BOOKMARK [1][-]{section.1.1}{\376\377\0001\000.\000\040\004\036\004\077\004\100\004\065\004\064\004\065\004\073\004\065\004\075\004\070\004\065\000\040\004\104\004\103\004\075\004\072\004\106\004\070\004\076\004\075\004\060\004\073\004\060\000.\000\040\004\037\004\100\004\070\004\074\004\065\004\100\004\113\000\040\004\062\004\060\004\100\004\070\004\060\004\106\004\070\004\076\004\075\004\075\004\113\004\105\000\040\004\067\004\060\004\064\004\060\004\107}{chapter.1}% 3
\BOOKMARK [1][-]{section.1.2}{\376\377\0002\000.\000\040\004\027\004\060\004\064\004\060\004\107\004\070\000\040\004\101\000\040\004\075\004\065\004\077\004\076\004\064\004\062\004\070\004\066\004\075\004\113\004\074\004\070\000\040\004\072\004\076\004\075\004\106\004\060\004\074\004\070}{chapter.1}% 4
\BOOKMARK [0][-]{chapter.2}{\376\377\004\033\004\065\004\072\004\106\004\070\004\117\000\040\0002\000\040}{}% 5
\BOOKMARK [1][-]{section.2.1}{\376\377\0001\000.\000\040\004\037\004\100\004\070\004\074\004\065\004\100\004\113\000\040\004\100\004\065\004\110\004\065\004\075\004\070\004\117\000\040\004\103\004\100\004\060\004\062\004\075\004\065\004\075\004\070\004\117\000\040\004\055\004\071\004\073\004\065\004\100\004\060\040\023\004\033\004\060\004\063\004\100\004\060\004\075\004\066\004\060}{chapter.2}% 6
\BOOKMARK [1][-]{section.2.2}{\376\377\0002\000.\000\040\004\027\004\060\004\064\004\060\004\107\004\070\000\040\004\064\004\073\004\117\000\040\004\104\004\103\004\075\004\072\004\106\004\070\004\076\004\075\004\060\004\073\004\076\004\062\000,\000\040\004\067\004\060\004\062\004\070\004\101\004\117\004\111\004\070\004\105\000\040\004\076\004\102\000\040\004\062\004\065\004\072\004\102\004\076\004\100\000-\004\104\004\103\004\075\004\072\004\106\004\070\004\071}{chapter.2}% 7
\BOOKMARK [1][-]{section.2.3}{\376\377\0003\000.\000\040\004\037\004\100\004\070\004\074\004\065\004\100\004\113\000\040\004\100\004\065\004\110\004\065\004\075\004\070\004\117\000\040\004\101\004\070\004\101\004\102\004\065\004\074\004\113\000\040\004\055\004\071\004\073\004\065\004\100\004\060\040\023\004\033\004\060\004\063\004\100\004\060\004\075\004\066\004\060}{chapter.2}% 8
\BOOKMARK [1][-]{section.2.4}{\376\377\0004\000.\000\040\004\037\004\100\004\070\004\075\004\106\004\070\004\077\000\040\004\023\004\060\004\074\004\070\004\073\004\114\004\102\004\076\004\075\004\060}{chapter.2}% 9
\BOOKMARK [1][-]{section.2.5}{\376\377\0005\000.\000\040\004\044\004\103\004\075\004\072\004\106\004\070\004\076\004\075\004\060\004\073\004\113\000,\000\040\004\067\004\060\004\062\004\070\004\101\004\117\004\111\004\070\004\065\000\040\004\076\004\102\000\040\004\101\004\102\004\060\004\100\004\110\004\070\004\105\000\040\004\077\004\100\004\076\004\070\004\067\004\062\004\076\004\064\004\075\004\113\004\105}{chapter.2}% 10
\BOOKMARK [0][-]{chapter.3}{\376\377\004\033\004\065\004\072\004\106\004\070\004\117\000\040\0003\000\040}{}% 11
\BOOKMARK [1][-]{section.3.1}{\376\377\0001\000.\000\040\004\044\004\103\004\075\004\072\004\106\004\070\004\076\004\075\004\060\004\073\004\113\000,\000\040\004\067\004\060\004\062\004\070\004\101\004\117\004\111\004\070\004\065\000\040\004\076\004\102\000\040\004\101\004\102\004\060\004\100\004\110\004\070\004\105\000\040\004\077\004\100\004\076\004\070\004\067\004\062\004\076\004\064\004\075\004\113\004\105\000\040\000\050\004\077\004\100\004\076\004\064\004\076\004\073\004\066\004\065\004\075\004\070\004\065\000\051}{chapter.3}% 12
\BOOKMARK [1][-]{section.3.2}{\376\377\0002\000.\000\040\004\027\004\060\004\064\004\060\004\107\004\070\000\040\004\101\004\076\000\040\004\101\004\062\004\076\004\061\004\076\004\064\004\075\004\113\004\074\004\070\000\040\004\072\004\076\004\075\004\106\004\060\004\074\004\070}{chapter.3}% 13
\BOOKMARK [1][-]{section.3.3}{\376\377\0003\000.\000\040\004\027\004\060\004\064\004\060\004\107\004\070\000\040\004\101\000\040\000<\000<\004\077\004\076\004\064\004\062\004\070\004\066\004\075\004\113\004\074\004\070\000\040\004\072\004\076\004\075\004\106\004\060\004\074\004\070\000>\000>}{chapter.3}% 14
\BOOKMARK [0][-]{chapter.4}{\376\377\004\033\004\065\004\072\004\106\004\070\004\117\000\040\0004\000\040}{}% 15
\BOOKMARK [1][-]{section.4.1}{\376\377\0001\000.\000\040\004\030\004\067\004\076\004\077\004\065\004\100\004\070\004\074\004\065\004\102\004\100\004\070\004\107\004\065\004\101\004\072\004\070\004\065\000\040\004\067\004\060\004\064\004\060\004\107\004\070}{chapter.4}% 16
\BOOKMARK [1][-]{section.4.2}{\376\377\0002\000.\000\040\004\032\004\062\004\060\004\064\004\100\004\060\004\102\004\070\004\107\004\075\004\113\004\071\000\040\004\104\004\103\004\075\004\072\004\106\004\070\004\076\004\075\004\060\004\073\000.\000\040\004\036\004\077\004\065\004\100\004\060\004\102\004\076\004\100\000\040\004\050\004\102\004\103\004\100\004\074\004\060}{chapter.4}% 17
\BOOKMARK [0][-]{chapter.5}{\376\377\004\033\004\065\004\072\004\106\004\070\004\117\000\040\0005\000\040}{}% 18
\BOOKMARK [1][-]{section.5.1}{\376\377\0001\000.\000\040\004\032\004\062\004\060\004\064\004\100\004\060\004\102\004\070\004\107\004\075\004\113\004\071\000\040\004\104\004\103\004\075\004\072\004\106\004\070\004\076\004\075\004\060\004\073\000.\000\040\004\036\004\077\004\065\004\100\004\060\004\102\004\076\004\100\000\040\004\050\004\102\004\103\004\100\004\074\004\060\000\040\000\050\004\077\004\100\004\076\004\064\004\076\004\073\004\066\004\065\004\075\004\070\004\065\000\051}{chapter.5}% 19
\BOOKMARK [1][-]{section.5.2}{\376\377\0002\000.\000\040\000C\004\062\004\076\004\071\004\101\004\102\004\062\004\060\000\040\004\101\004\076\004\061\004\101\004\102\004\062\004\065\004\075\004\075\004\113\004\105\000\040\004\067\004\075\004\060\004\107\004\065\004\075\004\070\004\071\000\040\004\076\004\077\004\065\004\100\004\060\004\102\004\076\004\100\004\060\000\040\004\050\004\102\004\103\004\100\004\074\004\060}{chapter.5}% 20
\BOOKMARK [0][-]{chapter.6}{\376\377\004\033\004\065\004\072\004\106\004\070\004\117\000\040\0006\000\040}{}% 21
\BOOKMARK [1][-]{section.6.1}{\376\377\0001\000.\000\040\004\042\004\065\004\076\004\100\004\065\004\074\004\060\000\040\004\101\004\100\004\060\004\062\004\075\004\065\004\075\004\070\004\117}{chapter.6}% 22
\BOOKMARK [1][-]{section.6.2}{\376\377\0002\000.\000\040\004\040\004\060\004\067\004\073\004\076\004\066\004\065\004\075\004\070\004\065\000\040\004\077\004\076\000\040\004\101\004\076\004\061\004\101\004\102\004\062\004\065\004\075\004\075\004\113\004\074\000\040\004\104\004\103\004\075\004\072\004\106\004\070\004\117\004\074\000\040\004\076\004\077\004\065\004\100\004\060\004\102\004\076\004\100\004\060\000\040\004\050\004\102\004\103\004\100\004\074\004\060}{chapter.6}% 23
\BOOKMARK [0][-]{chapter.7}{\376\377\004\033\004\065\004\072\004\106\004\070\004\117\000\040\0007\000\040}{}% 24
\BOOKMARK [1][-]{section.7.1}{\376\377\0001\000.\000\040\004\036\004\077\004\065\004\100\004\060\004\102\004\076\004\100\000\040\004\050\004\102\004\103\004\100\004\074\004\060\000\040\004\101\000\040\004\064\004\100\004\103\004\063\004\070\004\074\004\070\000\040\004\063\004\100\004\060\004\075\004\070\004\107\004\075\004\113\004\074\004\070\000\040\004\103\004\101\004\073\004\076\004\062\004\070\004\117\004\074\004\070}{chapter.7}% 25
\BOOKMARK [0][-]{chapter.8}{\376\377\004\033\004\065\004\072\004\106\004\070\004\117\000\040\0008\000\040}{}% 26
\BOOKMARK [1][-]{section.8.1}{\376\377\0001\000.\000\040\004\036\004\061\004\076\004\061\004\111\004\121\004\075\004\075\004\060\004\117\000\040\004\067\004\060\004\064\004\060\004\107\004\060\000\040\004\050\004\102\004\103\004\100\004\074\004\060}{chapter.8}% 27
\BOOKMARK [1][-]{section.8.2}{\376\377\0002\000.\000\040\004\044\004\103\004\075\004\072\004\106\004\070\004\076\004\075\004\060\004\073\000\040\004\021\004\065\004\101\004\101\004\065\004\073\004\117\000.\000\040\004\043\004\100\004\060\004\062\004\075\004\065\004\075\004\070\004\065\000\040\004\021\004\065\004\101\004\101\004\065\004\073\004\117}{chapter.8}% 28
\BOOKMARK [0][-]{chapter.9}{\376\377\004\033\004\065\004\072\004\106\004\070\004\117\000\040\0009\000\040}{}% 29
\BOOKMARK [1][-]{section.9.1}{\376\377\0001\000.\000\040\004\044\004\103\004\075\004\072\004\106\004\070\004\076\004\075\004\060\004\073\000\040\004\021\004\065\004\101\004\101\004\065\004\073\004\117\000.\000\040\004\043\004\100\004\060\004\062\004\075\004\065\004\075\004\070\004\065\000\040\004\021\004\065\004\101\004\101\004\065\004\073\004\117\000\040\000\050\004\077\004\100\004\076\004\064\004\076\004\073\004\066\004\065\004\075\004\070\004\065\000\051}{chapter.9}% 30
\BOOKMARK [1][-]{section.9.2}{\376\377\0002\000.\000\040\004\044\004\103\004\075\004\072\004\106\004\070\004\076\004\075\004\060\004\073\004\113\000,\000\040\004\067\004\060\004\062\004\070\004\101\004\117\004\111\004\070\004\065\000\040\004\076\004\102\000\040\004\104\004\103\004\075\004\072\004\106\004\070\004\071\000\040\004\064\004\062\004\103\004\105\000\040\004\077\004\065\004\100\004\065\004\074\004\065\004\075\004\075\004\113\004\105}{chapter.9}% 31
\BOOKMARK [1][-]{section.9.3}{\376\377\0003\000.\000\040\004\022\004\060\004\100\004\070\004\060\004\106\004\070\004\076\004\075\004\075\004\113\004\065\000\040\004\067\004\060\004\064\004\060\004\107\004\070\000\040\004\101\004\076\000\040\004\101\004\062\004\076\004\061\004\076\004\064\004\075\004\076\004\071\000\040\004\063\004\100\004\060\004\075\004\070\004\106\004\065\004\071}{chapter.9}% 32
\BOOKMARK [0][-]{chapter.10}{\376\377\004\033\004\065\004\072\004\106\004\070\004\117\000\040\0001\0000\000\040}{}% 33
\BOOKMARK [1][-]{section.10.1}{\376\377\0001\000.\000\040\004\032\004\062\004\060\004\064\004\100\004\060\004\102\004\070\004\107\004\075\004\113\004\071\000\040\004\104\004\103\004\075\004\072\004\106\004\070\004\076\004\075\004\060\004\073\000.\000\040\004\036\004\077\004\065\004\100\004\060\004\102\004\076\004\100\000\040\004\050\004\100\004\121\004\064\004\070\004\075\004\063\004\065\004\100\004\060}{chapter.10}% 34
\BOOKMARK [1][-]{section.10.2}{\376\377\0002\000.\000\040\004\040\004\060\004\067\004\073\004\070\004\107\004\075\004\113\004\065\000\040\004\076\004\061\004\076\004\061\004\111\004\065\004\075\004\070\004\117}{chapter.10}% 35
\BOOKMARK [1][-]{section.10.3}{\376\377\0003\000.\000\040\004\036\004\077\004\065\004\100\004\060\004\102\004\076\004\100\000\040\004\050\004\100\004\121\004\064\004\070\004\075\004\063\004\065\004\100\004\060\000\040\004\062\004\076\000\040\004\062\004\101\004\121\004\074\000\040\004\077\004\100\004\076\004\101\004\102\004\100\004\060\004\075\004\101\004\102\004\062\004\065}{chapter.10}% 36
\BOOKMARK [0][-]{figure.caption.50}{\376\377\004\041\004\077\004\070\004\101\004\076\004\072\000\040\004\073\004\070\004\102\004\065\004\100\004\060\004\102\004\103\004\100\004\113}{}% 37
